[2025-04-05T11:33:29.069Z] 🚀 Starting full scrape...
[2025-04-05T11:33:29.069Z] 
🔎 Scraping page 1: https://www.homegenic.in/collections/arm-chairs?page=1
[2025-04-05T11:33:30.088Z] Processing ith product: 
[2025-04-05T11:33:30.089Z] 
🛒 (1/21) Processing: Nilkamal Tub Chair with Cushions- Set of 2 Chairs (homegenic-national-tub-chair-with-complimentary-cushions-orange-set-of-02)
[2025-04-05T11:33:30.311Z] ⚠️ Skipping duplicate: homegenic-national-tub-chair-with-complimentary-cushions-orange-set-of-02
[2025-04-05T11:33:30.312Z] Processing ith product: 
[2025-04-05T11:33:30.312Z] 
🛒 (2/21) Processing: Homegenic Safari Plastic Chair (homegenic-safari-plastic-chair-brown-color)
[2025-04-05T11:33:34.552Z] ✅ Uploaded image: Choice_Safari_Chair_Brown__02_79d1de2a-8a04-46d5-a689-db1f743c9162.jpg
[2025-04-05T11:33:37.870Z] ✅ Uploaded image: Choice_Safari_Chair_Brown__SET_OF_4.jpg
[2025-04-05T11:33:40.951Z] ✅ Uploaded image: Choice_Safari_Chair_MBG_Set_of_4_c61564dd-0059-4cdf-a31a-c43bcd0f9807.jpg
[2025-04-05T11:33:43.683Z] ✅ Uploaded image: Safari_PRW_Set_of_4_a595de0a-02b8-40ed-9558-1257c0742fcb.jpg
[2025-04-05T11:33:46.412Z] ✅ Uploaded image: Choice_Safari_Chair_MBG_Set_of_2.jpg
[2025-04-05T11:33:49.153Z] ✅ Uploaded image: Choice_Safari_Chair_Brown__SET_OF_2_d9908089-94b4-4f5a-81b1-39a92211064e.jpg
[2025-04-05T11:33:52.124Z] ✅ Uploaded image: Safari_PRW_Set_of_2_6d97b309-28f7-48a5-b088-3670af096a79.jpg
[2025-04-05T11:33:55.564Z] ✅ Uploaded image: Choice_Safari_Chair_Brown__01_dc3bfed8-6573-4218-b551-a1d664310588.jpg
[2025-04-05T11:33:58.506Z] ✅ Uploaded image: Choice_Safari_Chair_MBG_6cd008f9-8cb4-458c-a945-53ece8aad23e.jpg
[2025-04-05T11:34:01.601Z] ✅ Uploaded image: Safari_PRW_444c79de-d258-4805-8a95-d11c89e7fbba.jpg
[2025-04-05T11:34:05.023Z] ✅ Uploaded image: Choice_Safari_Chair_Brown__SET_OF_6_2217a7f6-63f5-4225-9ff1-d79486c50a6b.jpg
[2025-04-05T11:34:07.875Z] ✅ Uploaded image: Choice_Safari_Chair_MBG_Set_of_6_2156850a-f7f4-45ae-8850-4fc112d74c88.jpg
[2025-04-05T11:34:09.701Z] ✅ Uploaded image: Safari_PRW_Set_of_6_1ecde76a-5d82-4ce6-953c-2eba8185330b.jpg
[2025-04-05T11:34:13.598Z] ✅ Uploaded image: Safari_PRW_06_c7191d94-9cbb-4c90-b5fb-cded01d15e32.jpg
[2025-04-05T11:34:16.856Z] ✅ Uploaded image: Safari_PRW_01_8512b1b3-14c3-4be8-b31a-177718b8e776.jpg
[2025-04-05T11:34:18.845Z] ✅ Uploaded image: Choice_Safari_Chair_Brown__05_be857edb-8295-437e-91d4-04ea3de32a4a.jpg
[2025-04-05T11:34:21.186Z] ✅ Uploaded image: Choice_Safari_Chair_MBG__4_9d40741f-f44b-4100-9c4d-9a57cee688a3.jpg
[2025-04-05T11:34:22.994Z] ✅ Uploaded image: Choice_Safari_Chair_Brown__04_2ea6d762-a4f4-4d81-9b3e-b53c9a5a94e6.jpg
[2025-04-05T11:34:25.008Z] ✅ Uploaded image: Choice_Safari_Chair_MBG__2.jpg
[2025-04-05T11:34:27.257Z] ✅ Uploaded image: Safari_PRW_05_6b80662f-ceac-4c28-8fc2-4177ef0344b5.jpg
[2025-04-05T11:34:29.974Z] ✅ Uploaded image: Choice_Safari_Chair_MBG__3.jpg
[2025-04-05T11:34:32.873Z] ✅ Uploaded image: Safari_PRW_04_1e1e2884-2210-4046-956f-3d0227b48733.jpg
[2025-04-05T11:34:35.396Z] ✅ Uploaded image: Choice_Safari_Chair_MBG_Size_bbb4bef4-c131-4887-9880-33e5c30af868.jpg
[2025-04-05T11:34:38.383Z] ✅ Uploaded image: Choice_Safari_Chair_Brown_Size_01e0bf81-7aa1-4193-9181-f75d1977a873.jpg
[2025-04-05T11:34:39.997Z] ✅ Uploaded image: Safari_PRW_size_e1755adc-aebf-486f-a86e-08616f3cdbcf.jpg
[2025-04-05T11:34:40.758Z] ✅ Created: Homegenic Safari Plastic Chair (eRwpsf0cFY10llMTdI8AgG)
[2025-04-05T11:34:43.261Z] Processing ith product: 
[2025-04-05T11:34:43.277Z] 
🛒 (3/21) Processing: Nilkamal Tub Chair with Cushion- Set of 4 Chairs (national-tub-chair-with-cushion)
[2025-04-05T11:34:43.461Z] ⚠️ Skipping duplicate: national-tub-chair-with-cushion
[2025-04-05T11:34:43.462Z] Processing ith product: 
[2025-04-05T11:34:43.464Z] 
🛒 (4/21) Processing: Homegenic River Plastic High Back Chair (Super Glossy Finish) (homegenic-river-plastic-high-back-chair-super-glossy-finish)
[2025-04-05T11:34:47.080Z] ✅ Uploaded image: Blue_01_dcc44801-ed3d-4023-a1a5-953a1b711f96.jpg
[2025-04-05T11:34:50.018Z] ✅ Uploaded image: CHR2226_Season_Rust_Brown-Biscuit_02_2000x_6cee38bd-eca6-4499-8d1e-f656593ef04a.jpg
[2025-04-05T11:34:53.012Z] ✅ Uploaded image: WBN_03.jpg
[2025-04-05T11:34:54.736Z] ✅ Uploaded image: CHR2226_Season_Rust_Brown-Biscuit_04_2000x_6359bd92-86f6-4d3c-add3-d5ba2fda013c.jpg
[2025-04-05T11:34:58.647Z] ✅ Uploaded image: WBN_set_of_4.jpg
[2025-04-05T11:35:01.125Z] ✅ Uploaded image: Blue_Set_of_2_47c65639-c161-46bb-b1c0-caf472fdc730.jpg
[2025-04-05T11:35:04.160Z] ✅ Uploaded image: WBN_set_of_6.jpg
[2025-04-05T11:35:07.767Z] ✅ Uploaded image: Blue_Set_of_6.jpg
[2025-04-05T11:35:10.271Z] ✅ Uploaded image: Blue_02_969f05fd-1c8d-47e1-95f2-78911f07c6a8.jpg
[2025-04-05T11:35:13.668Z] ✅ Uploaded image: Blue_Set_of.jpg
[2025-04-05T11:35:16.665Z] ✅ Uploaded image: WBN_set_of_2.jpg
[2025-04-05T11:35:19.789Z] ✅ Uploaded image: Blue_03.jpg
[2025-04-05T11:35:21.798Z] ✅ Uploaded image: WBN_04.jpg
[2025-04-05T11:35:23.952Z] ✅ Uploaded image: WBN_size.jpg
[2025-04-05T11:35:26.667Z] ✅ Uploaded image: CHR2226_Season_Rust_Brown-Biscuit_09_2000x_6cf5c9a6-2573-42b4-bf52-2ccc9ec11366.jpg
[2025-04-05T11:35:28.866Z] ✅ Uploaded image: CHR2226_Season_Rust_Brown-Biscuit_01_2000x_07df1683-fbb4-413d-909a-7856d53a9481.jpg
[2025-04-05T11:35:30.829Z] ✅ Uploaded image: CHR2226_Season_Rust_Brown-Biscuit_06_2000x_8ea0ff7e-e9a9-4cc2-bff0-c71aae674b7b.jpg
[2025-04-05T11:35:33.473Z] ✅ Uploaded image: CHR2226_Season_Rust_Brown-Biscuit_08_2000x_f87757fd-7e6f-4e85-bd21-d09d2b297fd9.jpg
[2025-04-05T11:35:35.882Z] ✅ Uploaded image: CHR2226_Season_Rust_Brown-Biscuit_10_2000x_1.jpg
[2025-04-05T11:35:39.036Z] ✅ Uploaded image: Blue_Size_cf51819b-ef55-4450-b4cc-ddca235fb4b6.jpg
[2025-04-05T11:35:39.794Z] ✅ Created: Homegenic River Plastic High Back Chair (Super Glossy Finish) (RvKg2H7lodOtU53j0yKGQP)
[2025-04-05T11:35:42.297Z] Processing ith product: 
[2025-04-05T11:35:42.301Z] 
🛒 (5/21) Processing: Rosa Mystique Plastic Chair Duo Color for Home (homegenic-rosa-mystique-plastic-chair-duo-color)
[2025-04-05T11:35:46.035Z] ✅ Uploaded image: WBN-BEIGE_01.jpg
[2025-04-05T11:35:48.204Z] ✅ Uploaded image: GREEN-BEIGE_01.jpg
[2025-04-05T11:35:50.583Z] ✅ Uploaded image: WBN-RED_03.jpg
[2025-04-05T11:35:52.695Z] ✅ Uploaded image: WBN-BLUE_01.jpg
[2025-04-05T11:35:55.068Z] ✅ Uploaded image: GREEN-BEIGE_SET_OF_04.jpg
[2025-04-05T11:35:57.950Z] ✅ Uploaded image: WBN-BEIGE_SET_OF_6.jpg
[2025-04-05T11:36:00.803Z] ✅ Uploaded image: WBN-BLUE_SET_OF_4.jpg
[2025-04-05T11:36:04.278Z] ✅ Uploaded image: WBN-RED_SET_OF_6.jpg
[2025-04-05T11:36:07.141Z] ✅ Uploaded image: GREEN-BEIGE_03.jpg
[2025-04-05T11:36:09.873Z] ✅ Uploaded image: WBN-BEIGE_03.jpg
[2025-04-05T11:36:12.465Z] ✅ Uploaded image: WBN-BLUE_03.jpg
[2025-04-05T11:36:15.495Z] ✅ Uploaded image: GREEN-BEIGE_02.jpg
[2025-04-05T11:36:18.573Z] ✅ Uploaded image: GREEN-BEIGE_SET_OF_02.jpg
[2025-04-05T11:36:20.740Z] ✅ Uploaded image: GREEN-BEIGE_SET_OF_06.jpg
[2025-04-05T11:36:23.587Z] ✅ Uploaded image: WBN-BEIGE_02.jpg
[2025-04-05T11:36:26.486Z] ✅ Uploaded image: WBN-BEIGE_SET_OF_2.jpg
[2025-04-05T11:36:29.417Z] ✅ Uploaded image: WBN-BEIGE_SET_OF_4.jpg
[2025-04-05T11:36:31.089Z] ✅ Uploaded image: WBN-BLUE_02.jpg
[2025-04-05T11:36:33.105Z] ✅ Uploaded image: WBN-BLUE_SET_OF_2.jpg
[2025-04-05T11:36:35.499Z] ✅ Uploaded image: WBN-BLUE_SET_OF_6.jpg
[2025-04-05T11:36:37.697Z] ✅ Uploaded image: WBN-RED_01.jpg
[2025-04-05T11:36:39.509Z] ✅ Uploaded image: WBN-RED_02.jpg
[2025-04-05T11:36:42.389Z] ✅ Uploaded image: WBN-RED_04.jpg
[2025-04-05T11:36:46.182Z] ✅ Uploaded image: GREEN-BEIGE_04.jpg
[2025-04-05T11:36:49.605Z] ✅ Uploaded image: WBN-RED_SET_OF_2.jpg
[2025-04-05T11:36:52.650Z] ✅ Uploaded image: WBN-RED_SET_OF_4.jpg
[2025-04-05T11:36:55.105Z] ✅ Uploaded image: GREEN-BEIGE_SIZE.jpg
[2025-04-05T11:36:57.745Z] ✅ Uploaded image: WBN-RED_SIZE.jpg
[2025-04-05T11:36:59.600Z] ✅ Uploaded image: WBN-BEIGE_SIZE.jpg
[2025-04-05T11:37:02.340Z] ✅ Uploaded image: WBN-BLUE_SIZE.jpg
[2025-04-05T11:37:03.611Z] ✅ Created: Rosa Mystique Plastic Chair Duo Color for Home (eRwpsf0cFY10llMTdI8ZuN)
[2025-04-05T11:37:06.116Z] Processing ith product: 
[2025-04-05T11:37:06.119Z] 
🛒 (6/21) Processing: Nilkamal Crystal PC Chairs (Dream Grey) (nilkamal-premium-polycarbonate-chairs-set-of-2-transparent-grey)
[2025-04-05T11:37:06.293Z] ⚠️ Skipping duplicate: nilkamal-premium-polycarbonate-chairs-set-of-2-transparent-grey
[2025-04-05T11:37:06.294Z] Processing ith product: 
[2025-04-05T11:37:06.295Z] 
🛒 (7/21) Processing: Nilkamal Mystique High Back Chair with Arm (Brown) (nilkamal-mystique-chair-set-of-2-charcoal-grey)
[2025-04-05T11:37:10.252Z] ✅ Uploaded image: 51wjpaHDl3L._SL1100.jpg
[2025-04-05T11:37:12.020Z] ✅ Uploaded image: 51hQLrQwvvL._SL1100.jpg
[2025-04-05T11:37:15.163Z] ✅ Uploaded image: 6124JDNVHVL._SL1100.jpg
[2025-04-05T11:37:18.278Z] ✅ Uploaded image: 61S35J2gTTL._SL1100.jpg
[2025-04-05T11:37:21.007Z] ✅ Uploaded image: 510BjqnIUmL._SL1100.jpg
[2025-04-05T11:37:23.927Z] ✅ Uploaded image: 61J3OZnqTvL._SL1100.jpg
[2025-04-05T11:37:26.111Z] ✅ Uploaded image: Untitled-2_983e6f24-a0a9-4938-bf21-131c44972ec7.jpg
[2025-04-05T11:37:28.822Z] ✅ Uploaded image: SETOF4_972dd8c0-3dcb-42d9-80ad-499d9580995d.jpg
[2025-04-05T11:37:31.388Z] ✅ Uploaded image: SETOF6_353e48fc-6191-4573-90ee-75a620b6c2ae.jpg
[2025-04-05T11:37:33.143Z] ✅ Uploaded image: 51yUky2uKqL._SL1100.jpg
[2025-04-05T11:37:34.179Z] ✅ Created: Nilkamal Mystique High Back Chair with Arm (Brown) (RvKg2H7lodOtU53j0yKOLD)
[2025-04-05T11:37:36.682Z] Processing ith product: 
[2025-04-05T11:37:36.692Z] 
🛒 (8/21) Processing: Nilkamal Mystique High Back Chair with Arm (Marble Beige) (nilkamal-mystique-chair-set-of-2-marble-beige)
[2025-04-05T11:37:39.690Z] ✅ Uploaded image: nilkamal_mystique_marble_cream.jpg
[2025-04-05T11:37:42.078Z] ✅ Uploaded image: MYSTIQUEMBC-MYSTIQUE_MARBLE_CREAM-1_2000x_48c450ac-2e16-4c9d-ae80-c9edda9c0c11.jpg
[2025-04-05T11:37:44.760Z] ✅ Uploaded image: nilkamal_mystique_marble_cream_02.jpg
[2025-04-05T11:37:47.618Z] ✅ Uploaded image: nilkamalmystique_marblecream_06.jpg
[2025-04-05T11:37:50.758Z] ✅ Uploaded image: nilkamalmystique_marblecream_04.jpg
[2025-04-05T11:37:53.090Z] ✅ Uploaded image: Beige_color_size.jpg
[2025-04-05T11:37:54.087Z] ✅ Created: Nilkamal Mystique High Back Chair with Arm (Marble Beige) (eRwpsf0cFY10llMTdI8w9P)
[2025-04-05T11:37:56.590Z] Processing ith product: 
[2025-04-05T11:37:56.593Z] 
🛒 (9/21) Processing: Nilkamal Premium High Back Chair 2145 (Brown) (nilkamal-premium-chair-set-of-06-pear-wood-1)
[2025-04-05T11:38:00.253Z] ✅ Uploaded image: CHR2145_WEATHER_BROWN_CHR2145WBN_03_1_2000x_31f1c184-30e9-4771-9ff4-6f1ac6171c95.jpg
[2025-04-05T11:38:02.037Z] ✅ Uploaded image: CHR2145_WEATHER_BROWN_CHR2145WBN_01_1_2000x_b9ad365c-0627-4f27-80cf-6b5177bd50df.jpg
[2025-04-05T11:38:04.999Z] ✅ Uploaded image: CHR2145_WEATHER_BROWN_CHR2145WBN_06_2000x_245c441d-b8a4-4549-916a-df17d19ae758.jpg
[2025-04-05T11:38:07.548Z] ✅ Uploaded image: CHR2145_WEATHER_BROWN_CHR2145WBN_02_2000x_7ec89877-8c49-46c5-b005-cab287e30377.jpg
[2025-04-05T11:38:09.377Z] ✅ Uploaded image: CHR2145_WEATHER_BROWN_CHR2145WBN_04_2000x_9ffd8066-2f67-4db1-8016-52311165ed62.jpg
[2025-04-05T11:38:11.495Z] ✅ Uploaded image: CHR2145_WEATHER_BROWN_CHR2145WBN_05_1_2000x_ee84aada-1139-4abe-b2a6-d1cc4b509b13.jpg
[2025-04-05T11:38:14.888Z] ✅ Uploaded image: CHR2145_WEATHER_BROWN_CHR2145WBN_07_2000x_ae6711e2-f033-4d64-8a8d-1be7a0907060.jpg
[2025-04-05T11:38:16.219Z] ✅ Created: Nilkamal Premium High Back Chair 2145 (Brown) (RvKg2H7lodOtU53j0yKPXF)
[2025-04-05T11:38:18.722Z] Processing ith product: 
[2025-04-05T11:38:18.725Z] 
🛒 (10/21) Processing: Nilkamal Heritage Premium High Back Chair (Pearwood) (nilkamal-premium-chair-set-of-02-pear-wood)
[2025-04-05T11:38:23.060Z] ✅ Uploaded image: HERITAGE_PEAR_WOOD_HERITAGEPRW_03_2000x_0ddca1a7-149f-40e0-b91d-1b2d7a6572f6.jpg
[2025-04-05T11:38:24.798Z] ✅ Uploaded image: HERITAGE_PEAR_WOOD_HERITAGEPRW_01_2000x_4e9863e6-aee4-4c91-8ddd-b2c5a2ee8851.jpg
[2025-04-05T11:38:26.683Z] ✅ Uploaded image: HERITAGE_PEAR_WOOD_HERITAGEPRW_02_2000x_89b19337-a0de-4414-b166-336d6da864a0.jpg
[2025-04-05T11:38:28.622Z] ✅ Uploaded image: HERITAGE_PEAR_WOOD_HERITAGEPRW_06_2000x_e6d617a0-e43c-4fc5-921b-904e28d116a2.jpg
[2025-04-05T11:38:31.999Z] ✅ Uploaded image: HERITAGE_PEAR_WOOD_HERITAGEPRW_04_2000x_99792a08-b983-4d47-93f8-4ddd48929325.jpg
[2025-04-05T11:38:34.912Z] ✅ Uploaded image: HERITAGE_PEAR_WOOD_HERITAGEPRW_05_2000x_802266cf-cff8-4ccd-b580-cac416702507.jpg
[2025-04-05T11:38:38.570Z] ✅ Uploaded image: HERITAGE_PEAR_WOOD_HERITAGEPRW_07_2000x_3b8fdb4f-ad4f-4ead-b2bf-92ee51499e00.jpg
[2025-04-05T11:38:39.778Z] ✅ Created: Nilkamal Heritage Premium High Back Chair (Pearwood) (eRwpsf0cFY10llMTdI95oC)
[2025-04-05T11:38:42.280Z] Processing ith product: 
[2025-04-05T11:38:42.283Z] 
🛒 (11/21) Processing: Nilkamal Crystal PP Chairs (Weather Brown Color) (copy-of-nilkamal-crystal-pp-chairs-weather-brown-color)
[2025-04-05T11:38:42.477Z] ⚠️ Skipping duplicate: copy-of-nilkamal-crystal-pp-chairs-weather-brown-color
[2025-04-05T11:38:42.478Z] Processing ith product: 
[2025-04-05T11:38:42.479Z] 
🛒 (12/21) Processing: Nilkamal Crystal PP Chairs (White Color) (nilkamal-crystal-pp-chairs-white-color)
[2025-04-05T11:38:42.666Z] ⚠️ Skipping duplicate: nilkamal-crystal-pp-chairs-white-color
[2025-04-05T11:38:42.667Z] Processing ith product: 
[2025-04-05T11:38:42.669Z] 
🛒 (13/21) Processing: Nilkamal Crystal PP Chairs (Black Color) (nilkamal-crystal-pp-chairs-black-color)
[2025-04-05T11:38:42.848Z] ⚠️ Skipping duplicate: nilkamal-crystal-pp-chairs-black-color
[2025-04-05T11:38:42.849Z] Processing ith product: 
[2025-04-05T11:38:42.850Z] 
🛒 (14/21) Processing: Nilkamal Crystal PP Chairs (Red Color) (nilkamal-crystal-pp-chairs-red-color)
[2025-04-05T11:38:43.040Z] ⚠️ Skipping duplicate: nilkamal-crystal-pp-chairs-red-color
[2025-04-05T11:38:43.041Z] Processing ith product: 
[2025-04-05T11:38:43.042Z] 
🛒 (15/21) Processing: Nilkamal Crystal PP Chairs (Lime Green Color) (nilkamal-crystal-pp-chairs-lime-green-color)
[2025-04-05T11:38:43.229Z] ⚠️ Skipping duplicate: nilkamal-crystal-pp-chairs-lime-green-color
[2025-04-05T11:38:43.230Z] Processing ith product: 
[2025-04-05T11:38:43.231Z] 
🛒 (16/21) Processing: Nilkamal Crystal PC Chairs (Umbra Translucent) (nilkamal-premium-poly-carbonate-chairs-set-of-2-lime-green)
[2025-04-05T11:38:43.417Z] ⚠️ Skipping duplicate: nilkamal-premium-poly-carbonate-chairs-set-of-2-lime-green
[2025-04-05T11:38:43.418Z] Processing ith product: 
[2025-04-05T11:38:43.420Z] 
🛒 (17/21) Processing: Nilkamal Novella 09 Chair (Iron Black) (nilkamal-premium-chair-ss-set-of-04-black-by-homegenic)
[2025-04-05T11:38:45.943Z] ✅ Uploaded image: Nilkamal-Novella-09-Plastic-Chair-SDL007417928-4-d2669.jpg
[2025-04-05T11:38:48.401Z] ✅ Uploaded image: Nilkamal-Novella-09-Plastic-Chair-SDL007417928-2-c1c50.jpg
[2025-04-05T11:38:50.878Z] ✅ Uploaded image: Nilkamal-Novella-09-Plastic-Chair-SDL007417928-5-497d9.jpg
[2025-04-05T11:38:53.077Z] ✅ Uploaded image: Novella_09_SS_Blk_04.jpg
[2025-04-05T11:38:55.468Z] ✅ Uploaded image: Novella_09_SS_Blk_02.jpg
[2025-04-05T11:38:57.780Z] ✅ Uploaded image: Nilkamal-Novella-09-Plastic-Chair-SDL007417928-6-5a695.jpg
[2025-04-05T11:38:58.883Z] ✅ Created: Nilkamal Novella 09 Chair (Iron Black) (eRwpsf0cFY10llMTdI9BQa)
[2025-04-05T11:39:01.385Z] Processing ith product: 
[2025-04-05T11:39:01.389Z] 
🛒 (18/21) Processing: Nilkamal Mystique High Back Chair with Arm (RDB) (nilkamal-mystique-chair-rattan-dark-beige-set-of-2)
[2025-04-05T11:39:06.105Z] ✅ Uploaded image: MYSTIQUERDB-MYSTIQUE_RATTAN_DARK_BEIGE-2_2000x_032b9d0e-51e5-4a34-b101-bb5d48c4b82a.jpg
[2025-04-05T11:39:09.204Z] ✅ Uploaded image: MYSTIQUERDB-MYSTIQUE_RATTAN_DARK_BEIGE-1_2000x_ee6d6689-4b3b-423c-b8b2-7e30f72f1ddc.jpg
[2025-04-05T11:39:12.128Z] ✅ Uploaded image: nilkamal_mystique_rattan_dark_beige_02.jpg
[2025-04-05T11:39:14.410Z] ✅ Uploaded image: nilkamalmystique_rattandarkbeige_04.jpg
[2025-04-05T11:39:17.640Z] ✅ Uploaded image: nilkamalmystique_rattandarkbeige_06.jpg
[2025-04-05T11:39:20.214Z] ✅ Uploaded image: RDB_size.jpg
[2025-04-05T11:39:21.262Z] ✅ Created: Nilkamal Mystique High Back Chair with Arm (RDB) (eRwpsf0cFY10llMTdI9DXE)
[2025-04-05T11:39:23.765Z] Processing ith product: 
[2025-04-05T11:39:23.768Z] 
🛒 (19/21) Processing: Choice Jaguar Plastic Chair (Weather Brown) Long Back Support (jaguar-moulded-chair-weather-brown-long-back-support)
[2025-04-05T11:39:26.380Z] ✅ Uploaded image: WBN_01_4237a399-9e83-4598-bd49-e4408d0eb37f.jpg
[2025-04-05T11:39:28.228Z] ✅ Uploaded image: WBN_set_of_4_59002d07-10fa-4f62-87d7-fd8abf24836e.jpg
[2025-04-05T11:39:30.466Z] ✅ Uploaded image: WBN_set_of_6_0636d4b7-3431-4122-a4f5-828fb994ea97.jpg
[2025-04-05T11:40:34.801Z] 🚀 Starting full scrape...
[2025-04-05T11:40:34.801Z] 
🔎 Scraping page 1: https://www.homegenic.in/collections/arm-chairs?page=1
[2025-04-05T11:40:35.432Z] Processing ith product: 
[2025-04-05T11:40:35.433Z] 
🛒 (1/21) Processing: Nilkamal Tub Chair with Cushions- Set of 2 Chairs (homegenic-national-tub-chair-with-complimentary-cushions-orange-set-of-02)
[2025-04-05T11:40:35.719Z] ⚠️ Skipping duplicate: homegenic-national-tub-chair-with-complimentary-cushions-orange-set-of-02
[2025-04-05T11:40:35.720Z] Processing ith product: 
[2025-04-05T11:40:35.722Z] 
🛒 (2/21) Processing: Homegenic Safari Plastic Chair (homegenic-safari-plastic-chair-brown-color)
[2025-04-05T11:40:35.898Z] ⚠️ Skipping duplicate: homegenic-safari-plastic-chair-brown-color
[2025-04-05T11:40:35.899Z] Processing ith product: 
[2025-04-05T11:40:35.901Z] 
🛒 (3/21) Processing: Nilkamal Tub Chair with Cushion- Set of 4 Chairs (national-tub-chair-with-cushion)
[2025-04-05T11:40:36.075Z] ⚠️ Skipping duplicate: national-tub-chair-with-cushion
[2025-04-05T11:40:36.075Z] Processing ith product: 
[2025-04-05T11:40:36.077Z] 
🛒 (4/21) Processing: Homegenic River Plastic High Back Chair (Super Glossy Finish) (homegenic-river-plastic-high-back-chair-super-glossy-finish)
[2025-04-05T11:40:36.257Z] ⚠️ Skipping duplicate: homegenic-river-plastic-high-back-chair-super-glossy-finish
[2025-04-05T11:40:36.258Z] Processing ith product: 
[2025-04-05T11:40:36.260Z] 
🛒 (5/21) Processing: Rosa Mystique Plastic Chair Duo Color for Home (homegenic-rosa-mystique-plastic-chair-duo-color)
[2025-04-05T11:40:36.437Z] ⚠️ Skipping duplicate: homegenic-rosa-mystique-plastic-chair-duo-color
[2025-04-05T11:40:36.437Z] Processing ith product: 
[2025-04-05T11:40:36.439Z] 
🛒 (6/21) Processing: Nilkamal Crystal PC Chairs (Dream Grey) (nilkamal-premium-polycarbonate-chairs-set-of-2-transparent-grey)
[2025-04-05T11:40:36.617Z] ⚠️ Skipping duplicate: nilkamal-premium-polycarbonate-chairs-set-of-2-transparent-grey
[2025-04-05T11:40:36.618Z] Processing ith product: 
[2025-04-05T11:40:36.620Z] 
🛒 (7/21) Processing: Nilkamal Mystique High Back Chair with Arm (Brown) (nilkamal-mystique-chair-set-of-2-charcoal-grey)
[2025-04-05T11:40:36.795Z] ⚠️ Skipping duplicate: nilkamal-mystique-chair-set-of-2-charcoal-grey
[2025-04-05T11:40:36.795Z] Processing ith product: 
[2025-04-05T11:40:36.797Z] 
🛒 (8/21) Processing: Nilkamal Mystique High Back Chair with Arm (Marble Beige) (nilkamal-mystique-chair-set-of-2-marble-beige)
[2025-04-05T11:40:37.073Z] ⚠️ Skipping duplicate: nilkamal-mystique-chair-set-of-2-marble-beige
[2025-04-05T11:40:37.074Z] Processing ith product: 
[2025-04-05T11:40:37.074Z] 
🛒 (9/21) Processing: Nilkamal Premium High Back Chair 2145 (Brown) (nilkamal-premium-chair-set-of-06-pear-wood-1)
[2025-04-05T11:40:37.694Z] ⚠️ Skipping duplicate: nilkamal-premium-chair-set-of-06-pear-wood-1
[2025-04-05T11:40:37.694Z] Processing ith product: 
[2025-04-05T11:40:37.695Z] 
🛒 (10/21) Processing: Nilkamal Heritage Premium High Back Chair (Pearwood) (nilkamal-premium-chair-set-of-02-pear-wood)
[2025-04-05T11:40:37.876Z] ⚠️ Skipping duplicate: nilkamal-premium-chair-set-of-02-pear-wood
[2025-04-05T11:40:37.877Z] Processing ith product: 
[2025-04-05T11:40:37.878Z] 
🛒 (11/21) Processing: Nilkamal Crystal PP Chairs (Weather Brown Color) (copy-of-nilkamal-crystal-pp-chairs-weather-brown-color)
[2025-04-05T11:40:38.061Z] ⚠️ Skipping duplicate: copy-of-nilkamal-crystal-pp-chairs-weather-brown-color
[2025-04-05T11:40:38.062Z] Processing ith product: 
[2025-04-05T11:40:38.063Z] 
🛒 (12/21) Processing: Nilkamal Crystal PP Chairs (White Color) (nilkamal-crystal-pp-chairs-white-color)
[2025-04-05T11:40:38.243Z] ⚠️ Skipping duplicate: nilkamal-crystal-pp-chairs-white-color
[2025-04-05T11:40:38.244Z] Processing ith product: 
[2025-04-05T11:40:38.245Z] 
🛒 (13/21) Processing: Nilkamal Crystal PP Chairs (Black Color) (nilkamal-crystal-pp-chairs-black-color)
[2025-04-05T11:40:38.421Z] ⚠️ Skipping duplicate: nilkamal-crystal-pp-chairs-black-color
[2025-04-05T11:40:38.422Z] Processing ith product: 
[2025-04-05T11:40:38.423Z] 
🛒 (14/21) Processing: Nilkamal Crystal PP Chairs (Red Color) (nilkamal-crystal-pp-chairs-red-color)
[2025-04-05T11:40:38.592Z] ⚠️ Skipping duplicate: nilkamal-crystal-pp-chairs-red-color
[2025-04-05T11:40:38.592Z] Processing ith product: 
[2025-04-05T11:40:38.594Z] 
🛒 (15/21) Processing: Nilkamal Crystal PP Chairs (Lime Green Color) (nilkamal-crystal-pp-chairs-lime-green-color)
[2025-04-05T11:40:38.767Z] ⚠️ Skipping duplicate: nilkamal-crystal-pp-chairs-lime-green-color
[2025-04-05T11:40:38.768Z] Processing ith product: 
[2025-04-05T11:40:38.769Z] 
🛒 (16/21) Processing: Nilkamal Crystal PC Chairs (Umbra Translucent) (nilkamal-premium-poly-carbonate-chairs-set-of-2-lime-green)
[2025-04-05T11:40:39.018Z] ⚠️ Skipping duplicate: nilkamal-premium-poly-carbonate-chairs-set-of-2-lime-green
[2025-04-05T11:40:39.019Z] Processing ith product: 
[2025-04-05T11:40:39.020Z] 
🛒 (17/21) Processing: Nilkamal Novella 09 Chair (Iron Black) (nilkamal-premium-chair-ss-set-of-04-black-by-homegenic)
[2025-04-05T11:40:39.187Z] ⚠️ Skipping duplicate: nilkamal-premium-chair-ss-set-of-04-black-by-homegenic
[2025-04-05T11:40:39.187Z] Processing ith product: 
[2025-04-05T11:40:39.189Z] 
🛒 (18/21) Processing: Nilkamal Mystique High Back Chair with Arm (RDB) (nilkamal-mystique-chair-rattan-dark-beige-set-of-2)
[2025-04-05T11:40:39.364Z] ⚠️ Skipping duplicate: nilkamal-mystique-chair-rattan-dark-beige-set-of-2
[2025-04-05T11:40:39.365Z] Processing ith product: 
[2025-04-05T11:40:39.366Z] 
🛒 (19/21) Processing: Choice Jaguar Plastic Chair (Weather Brown) Long Back Support (jaguar-moulded-chair-weather-brown-long-back-support)
[2025-04-05T11:40:41.961Z] ✅ Uploaded image: WBN_01_4237a399-9e83-4598-bd49-e4408d0eb37f.jpg
[2025-04-05T11:40:43.732Z] ✅ Uploaded image: WBN_set_of_4_59002d07-10fa-4f62-87d7-fd8abf24836e.jpg
[2025-04-05T11:40:44.728Z] ✅ Uploaded image: WBN_set_of_6_0636d4b7-3431-4122-a4f5-828fb994ea97.jpg
[2025-04-05T11:40:46.730Z] ✅ Uploaded image: WBN_set_of_2_aab7595d-31d1-4983-92f3-8d356b2b8898.jpg
[2025-04-05T11:40:49.554Z] ✅ Uploaded image: WBN_02_d9f2d293-22d3-4902-9676-7e7f178ff3b8.jpg
[2025-04-05T11:40:51.685Z] ✅ Uploaded image: WBN_03_45d00744-9fc6-4b42-87ec-4a1a2afbbcc7.jpg
[2025-04-05T11:40:53.572Z] ✅ Uploaded image: WBN_04_24e1fad3-a2c1-49d1-bfea-c3cd9e849097.jpg
[2025-04-05T11:40:55.564Z] ✅ Uploaded image: WBN_05.jpg
[2025-04-05T11:40:57.306Z] ✅ Uploaded image: Size_1edf32a3-04a9-45ad-ab41-6970ab09be1c.jpg
[2025-04-05T11:40:58.498Z] ✅ Created: Choice Jaguar Plastic Chair (Weather Brown) Long Back Support (NAyt17tvF8Uyd8nWvGaP5C)
[2025-04-05T11:41:01.000Z] Processing ith product: 
[2025-04-05T11:41:01.004Z] 
🛒 (20/21) Processing: Nilkamal Premium High Back Chairs 2180 (Brown) (premium-plastic-high-back-chairs-set-of-6-brown-color)
[2025-04-05T11:41:04.847Z] ✅ Uploaded image: 0003009_nilkamal-chair-2180-set-of-4.jpg
[2025-04-05T11:41:06.901Z] ✅ Uploaded image: 71NlPIfM3mL._SL1500_fc10f416-9149-4a4d-a4e5-37660e454f57.jpg
[2025-04-05T11:41:08.738Z] ✅ Uploaded image: 6180KrWG2aL._SL1024.jpg
[2025-04-05T11:41:10.638Z] ✅ Uploaded image: 61lxmSYTxoL._SL1500_8da5a941-8b38-4892-8ec6-6b30d9fd5db6.jpg
[2025-04-05T11:41:13.525Z] ✅ Uploaded image: set04.jpg
[2025-04-05T11:41:16.022Z] ✅ Uploaded image: 71V6DYAyC0L._SL1500_ec0e637f-d9e4-4aae-985c-af0ca00e73f9.jpg
[2025-04-05T11:41:17.203Z] ✅ Created: Nilkamal Premium High Back Chairs 2180 (Brown) (eRwpsf0cFY10llMTdI9Zpt)
[2025-04-05T11:41:19.706Z] Processing ith product: 
[2025-04-05T11:41:19.711Z] 
🛒 (21/21) Processing: Nilkamal Crystal PC Chairs (Transparent Red) (nilkamal-premium-polycarbonate-chairs-set-of-2-transparent-red)
[2025-04-05T11:41:19.884Z] ⚠️ Skipping duplicate: nilkamal-premium-polycarbonate-chairs-set-of-2-transparent-red
[2025-04-05T11:41:19.885Z] 📦 Page 1 done — 2 product(s) scraped.
[2025-04-05T11:41:22.887Z] 
🔎 Scraping page 2: https://www.homegenic.in/collections/arm-chairs?page=2
[2025-04-05T11:41:23.437Z] 📦 Page 2 done — 0 product(s) scraped.
[2025-04-05T11:41:23.438Z] ✅ No more products. Scraping complete.
[2025-04-05T11:41:23.438Z] 🎉 All pages scraped.
