[2025-04-05T10:33:12.495Z] 🚀 Starting full scrape...
[2025-04-05T10:33:12.496Z] 
🔎 Scraping page 1: https://www.homegenic.in/collections/armless-chairs?page=1
[2025-04-05T10:33:18.842Z] Processing ith product: 
[2025-04-05T10:33:18.844Z] 
🛒 (1/8) Processing: Spider Web Chairs For Outdoor and Indoor (spider-web-plastic-chairs-pp-material)
[2025-04-05T10:33:26.292Z] ✅ Uploaded image: DETAILS_4.jpg
[2025-04-05T10:33:29.222Z] ✅ Uploaded image: bc114d9f372873d488eebb64f343438f.jpg
[2025-04-05T10:33:32.386Z] ✅ Uploaded image: DETAILS.jpg
[2025-04-05T10:33:35.003Z] ✅ Uploaded image: DETAILS_2.jpg
[2025-04-05T10:33:38.184Z] ✅ Uploaded image: DETAILS_3.jpg
[2025-04-05T10:33:41.392Z] ✅ Uploaded image: 618soz7HRCL._AC_SL1500.jpg
[2025-04-05T10:33:44.578Z] ✅ Uploaded image: Packaging.jpg
[2025-04-05T10:33:47.832Z] ✅ Uploaded image: BLUE_2.jpg
[2025-04-05T10:33:50.127Z] ✅ Uploaded image: BLUE_Set_of_2_38a4d51e-9519-4077-9084-30b8147ee634.jpg
[2025-04-05T10:33:52.963Z] ✅ Uploaded image: BLUE_Set_of_4_b5cf52fc-9867-4c39-8cde-2b8783c3db6d.jpg
[2025-04-05T10:33:56.064Z] ✅ Uploaded image: BLUE_Set_of_6_04e01117-aa8a-4d56-9efb-02de086786aa.jpg
[2025-04-05T10:33:58.037Z] ✅ Uploaded image: BLUE_Size_aaf300d5-7d54-449e-a39b-74b7e92b5ce9.jpg
[2025-04-05T10:34:01.798Z] ✅ Uploaded image: ORANGE_2.jpg
[2025-04-05T10:34:05.458Z] ✅ Uploaded image: ORANGE_Set_of_2_d97ee0ed-d11a-4a56-b8fb-285bd48e81a2.jpg
[2025-04-05T10:34:08.747Z] ✅ Uploaded image: ORANGE_Set_of_4_ba89cc9e-c969-40bc-8012-434d469d84c6.jpg
[2025-04-05T10:34:11.081Z] ✅ Uploaded image: ORANGE_Set_of_6_a5b915d7-d576-4860-a464-a639f24a4691.jpg
[2025-04-05T10:34:13.463Z] ✅ Uploaded image: ORANGE_Size_cf4b29df-23d5-4d6c-8d3b-dc2d6fadc388.jpg
[2025-04-05T10:34:15.651Z] ✅ Uploaded image: RED_2.jpg
[2025-04-05T10:34:17.530Z] ✅ Uploaded image: RED_Set_of_2_a6109e87-a30a-4658-9ea9-08085c4b6937.jpg
[2025-04-05T10:34:19.590Z] ✅ Uploaded image: RED_Set_of_4_a6c2a44f-1554-4049-bb54-fe887de14c5a.jpg
[2025-04-05T10:34:23.440Z] ✅ Uploaded image: RED_Set_of_6_1457ed72-43ea-4e21-872a-a0d40c980abf.jpg
[2025-04-05T10:34:26.232Z] ✅ Uploaded image: RED_Size_f04fc6db-4c3a-4735-9e4f-36b25af23ed7.jpg
[2025-04-05T10:34:29.385Z] ✅ Uploaded image: WBN_01_58075b3c-df69-435a-a054-4986f0149a36.jpg
[2025-04-05T10:34:31.588Z] ✅ Uploaded image: WBN_Set_of_2_b2afc7f5-8135-4340-9101-61eaaa0248ce.jpg
[2025-04-05T10:34:33.915Z] ✅ Uploaded image: WBN_Set_of_4_9558e6b2-ce25-4d70-880c-f84758a2ac45.jpg
[2025-04-05T10:34:36.442Z] ✅ Uploaded image: WBN_Set_of_6_99b67647-9af4-4bca-93cf-d6c9f0604cf4.jpg
[2025-04-05T10:34:41.152Z] ✅ Uploaded image: WBN_Size_9417cec1-d319-495a-91a8-5209dd0b4afc.jpg
[2025-04-05T10:34:43.339Z] ✅ Uploaded image: WHITE_2.jpg
[2025-04-05T10:34:46.046Z] ✅ Uploaded image: WHITE_Set_of_2.jpg
[2025-04-05T10:34:48.019Z] ✅ Uploaded image: WHITE_Set_of_4.jpg
[2025-04-05T10:34:51.689Z] ✅ Uploaded image: WHITE_Set_of_6.jpg
[2025-04-05T10:34:53.954Z] ✅ Uploaded image: WHITE_Size.jpg
[2025-04-05T10:34:55.538Z] ✅ Uploaded image: web-black4-b_07d41775-7337-4257-906b-c7897f3f425c.jpg
[2025-04-05T10:34:57.212Z] ✅ Uploaded image: web-black5-b_303b4b6a-d7a1-4849-b11d-74dbb01da934.jpg
[2025-04-05T10:34:58.897Z] ✅ Uploaded image: web-black1-b_a7d13ef1-8ad1-4b2f-b151-cd33bebb0f5e.jpg
[2025-04-05T10:35:00.688Z] ✅ Uploaded image: web-black2-b_61b4d611-3d8b-4ad2-848c-62ac9724c01e.jpg
[2025-04-05T10:35:02.672Z] ✅ Uploaded image: web-black3-b_37508184-cfee-4da2-b10d-90fbcc9970d2.jpg
[2025-04-05T10:35:04.062Z] ✅ Created: Spider Web Chairs For Outdoor and Indoor (RvKg2H7lodOtU53j0yFb9P)
[2025-04-05T10:35:06.567Z] Processing ith product: 
[2025-04-05T10:35:06.572Z] 
🛒 (2/8) Processing: Aero Tolix Metal Bistro Dining Chair (aero-tolix-metal-bistro-dining-chair)
[2025-04-05T10:35:09.599Z] ✅ Uploaded image: danlou-iconic-chair-in-black-colour-by-bohemiana-danlou-iconic-chair-in-black-colour-by-bohemiana-gw2e69.png
[2025-04-05T10:35:11.610Z] ✅ Uploaded image: SmartSelect_20200923-203224_Chrome.jpg
[2025-04-05T10:35:14.677Z] ✅ Uploaded image: danlou-metal-chair-with-cushion-in-orange-colour-by-bohemiana-danlou-metal-chair-with-cushion-in-ora-q9eq5n.jpg
[2025-04-05T10:35:16.918Z] ✅ Uploaded image: SmartSelect_20201018-012414_Chrome.jpg
[2025-04-05T10:35:19.503Z] ✅ Uploaded image: danlou-metal-chair-with-cushion-in-black-colour-by-bohemiana-danlou-metal-chair-with-cushion-in-blac-am7iv5.png
[2025-04-05T10:35:22.850Z] ✅ Uploaded image: 51HU6JouySL._SL1280.jpg
[2025-04-05T10:35:25.429Z] ✅ Uploaded image: 51ac7oxTXLL._SL1280.jpg
[2025-04-05T10:35:27.669Z] ✅ Uploaded image: 51CrGfpBSJL._SL1271.jpg
[2025-04-05T10:35:31.060Z] ✅ Uploaded image: 61yaaOXA5VL._SL1172.jpg
[2025-04-05T10:35:32.725Z] ✅ Uploaded image: danlou-orange-colour-iron-chair-with-cushion-by-bohemiana-danlou-orange-colour-iron-chair-with-cushi-8gyphz.jpg
[2025-04-05T10:35:34.279Z] ✅ Uploaded image: danlou-orange-colour-iron-chair-with-cushion-by-bohemiana-danlou-orange-colour-iron-chair-with-cushi-w7d2rb.jpg
[2025-04-05T10:35:35.901Z] ✅ Uploaded image: SmartSelect_20200923-202157_Chrome.jpg
[2025-04-05T10:35:37.744Z] ✅ Uploaded image: SmartSelect_20200923-203321_Chrome.jpg
[2025-04-05T10:35:39.332Z] ✅ Uploaded image: SmartSelect_20200923-203336_Chrome.jpg
[2025-04-05T10:35:40.992Z] ✅ Uploaded image: SmartSelect_20201018-011357_Chrome.jpg
[2025-04-05T10:35:42.653Z] ✅ Uploaded image: SmartSelect_20201018-011417_Chrome.jpg
[2025-04-05T10:35:44.913Z] ✅ Uploaded image: SmartSelect_20201018-011436_Chrome.jpg
[2025-04-05T10:35:46.343Z] ✅ Uploaded image: SmartSelect_20201018-012237_Chrome.jpg
[2025-04-05T10:35:47.848Z] ✅ Uploaded image: SmartSelect_20201018-012253_Chrome.jpg
[2025-04-05T10:35:49.513Z] ✅ Uploaded image: SmartSelect_20201018-012425_Chrome.jpg
[2025-04-05T10:35:51.594Z] ✅ Uploaded image: SmartSelect_20201018-012437_Chrome.jpg
[2025-04-05T10:35:52.736Z] ✅ Created: Aero Tolix Metal Bistro Dining Chair (NAyt17tvF8Uyd8nWvGWZCQ)
[2025-04-05T10:35:55.240Z] Processing ith product: 
[2025-04-05T10:35:55.244Z] 
🛒 (3/8) Processing: Supreme Amity Folding Chair (supreme-amity-folding-chair)
[2025-04-05T10:35:55.524Z] ⚠️ Skipping duplicate: supreme-amity-folding-chair
[2025-04-05T10:35:55.526Z] Processing ith product: 
[2025-04-05T10:35:55.528Z] 
🛒 (4/8) Processing: Clark Metal Folding Chair (Black) (clark-metal-folding-chair-black)
[2025-04-05T10:35:55.715Z] ⚠️ Skipping duplicate: clark-metal-folding-chair-black
[2025-04-05T10:35:55.717Z] Processing ith product: 
[2025-04-05T10:35:55.719Z] 
🛒 (5/8) Processing: Replica Tolix Metal Bistro Dining Chair With Wood Top (tolix-metal-bistro-dining-chair-with-wood-top)
[2025-04-05T10:35:59.222Z] ✅ Uploaded image: H6de4009482e24bbd9cbc88ba5a2e717cW.jpg
[2025-04-05T10:36:01.894Z] ✅ Uploaded image: Fullscreencapture23-10-2020150935.jpg
[2025-04-05T10:36:03.921Z] ✅ Uploaded image: Fullscreencapture23-10-2020150845.jpg
[2025-04-05T10:36:05.959Z] ✅ Uploaded image: Fullscreencapture23-10-2020150644.jpg
[2025-04-05T10:36:08.319Z] ✅ Uploaded image: H466e9f4a2200417ab6bad1ca7f366bf9Z.jpg
[2025-04-05T10:36:10.937Z] ✅ Uploaded image: H177070aebc074d5d8b888fb34dc3bae7L_jpg.png
[2025-04-05T10:36:14.128Z] ✅ Uploaded image: Hc24b59afd69443498cdc50440b4abd40D_jpg.png
[2025-04-05T10:36:17.103Z] ✅ Uploaded image: H7bcb43ba93864fe8ad37443da6c0c7bdz_jpg.png
[2025-04-05T10:36:19.187Z] ✅ Uploaded image: Size.png
[2025-04-05T10:36:22.116Z] ✅ Uploaded image: kumtor-iconic-chair-in-white-colour-with-wooden-seat-by-bohemiana-kumtor-iconic-chair-in-white-colou-nlrmm6.png
[2025-04-05T10:36:24.327Z] ✅ Uploaded image: kumtor-metal-chair-in-distress-yellow-color-with-wooden-seat-by-bohemiana-kumtor-metal-chair-in-dist-qwpovu.png
[2025-04-05T10:36:26.323Z] ✅ Uploaded image: kumtor-metal-chair-in-sky-blue-colour-with-wooden-seat-by-bohemiana-kumtor-metal-chair-in-sky-blue-c-17pjxx.png
[2025-04-05T10:36:29.358Z] ✅ Uploaded image: Red1.png
[2025-04-05T10:36:31.289Z] ✅ Uploaded image: korba-metal-chair-in-distressed-yellow-color-with-wooden-seat-by-bohemiana-korba-metal-chair-in-dist-c55w0z.png
[2025-04-05T10:36:33.389Z] ✅ Uploaded image: ekati-metal-chair-in-white-color-with-wooden-seat-by-bohemiana-ekati-metal-chair-in-white-color-with-gcuhke.png
[2025-04-05T10:36:35.090Z] ✅ Uploaded image: H8768ed6918584a2ba1d41f44601c43a6O.jpg
[2025-04-05T10:36:36.854Z] ✅ Uploaded image: H8939931ef0d94bb9917f93256daa861c4.jpg
[2025-04-05T10:36:39.217Z] ✅ Uploaded image: Hcaec3eeb54ad4c44a8f0d58448a143f39.jpg
[2025-04-05T10:36:41.858Z] ✅ Uploaded image: Fullscreencapture23-10-2020153918.jpg
[2025-04-05T10:36:44.135Z] ✅ Uploaded image: H0f4d7bbe61c345b3b20eaa724f16ca8ae.jpg
[2025-04-05T10:36:46.362Z] ✅ Uploaded image: Fullscreencapture23-10-2020153606.jpg
[2025-04-05T10:36:47.923Z] ✅ Uploaded image: Fullscreencapture23-10-2020153657.jpg
[2025-04-05T10:36:50.099Z] ✅ Uploaded image: Fullscreencapture23-10-2020154115.jpg
[2025-04-05T10:36:51.754Z] ✅ Uploaded image: Red2.png
[2025-04-05T10:36:53.160Z] ✅ Uploaded image: Fullscreencapture23-10-2020154333.jpg
[2025-04-05T10:36:54.267Z] ✅ Created: Replica Tolix Metal Bistro Dining Chair With Wood Top (eRwpsf0cFY10llMTdHyKi7)
[2025-04-05T10:36:56.773Z] Processing ith product: 
[2025-04-05T10:36:56.776Z] 
🛒 (6/8) Processing: Nilkamal Novella 07 SS Chairs (nilkamal-premium-chairs-set-of-02-black)
[2025-04-05T10:37:00.060Z] ✅ Uploaded image: 519yJOMxRcL._SL1000.jpg
[2025-04-05T10:37:01.659Z] ✅ Uploaded image: NOVELLA07_STAINLESS_STEEL_BRIGHT_RED_NS07SSBRD_03_copy_800x_34f52288-59cb-412a-89c2-4a0935c3e632.jpg
[2025-04-05T10:37:04.139Z] ✅ Uploaded image: 41QZvNgPxOL._SL1000.jpg
[2025-04-05T10:37:05.842Z] ✅ Uploaded image: NOVELLA07_STAINLESS_STEEL_BRIGHT_RED_NS07SSBRD_04_800x_7c91ba74-1af7-431c-a598-f116759f4c99.jpg
[2025-04-05T10:37:07.310Z] ✅ Uploaded image: NOVELLA07_STAINLESS_STEEL_BRIGHT_RED_NS07SSBRD_02_copy_800x_30232955-a0f9-4321-9380-b185c88401ac.jpg
[2025-04-05T10:37:09.969Z] ✅ Uploaded image: Gupta-Plastic-Maroon-Fridge-Stand-SDL328763738-1-49981.jpg
[2025-04-05T10:37:11.585Z] ✅ Uploaded image: NOVELLA07_STAINLESS_STEEL_BRIGHT_RED_NS07SSBRD_02_800x_f90ddc99-a418-4789-88f0-63ada45704f5.jpg
[2025-04-05T10:37:13.124Z] ✅ Uploaded image: NOVELLA07_STAINLESS_STEEL_IRON_BLACK_NS07SSIBK_02_800x_22fc8cb2-709c-43ec-b37b-aff3b4112c7c.jpg
[2025-04-05T10:37:14.647Z] ✅ Uploaded image: NOVELLA07_STAINLESS_STEEL_BRIGHT_RED_NS07SSBRD_05_800x_6e911621-c89b-4ebe-beaa-25706ea3f8f1.jpg
[2025-04-05T10:37:16.702Z] ✅ Uploaded image: 41VWLVsmK4L._SL1000.jpg
[2025-04-05T10:37:18.332Z] ✅ Uploaded image: NOVELLA07_STAINLESS_STEEL_IRON_BLACK_NS07SSIBK_01_800x_37449b0d-bc35-4864-9f3f-b71caa991111.jpg
[2025-04-05T10:37:19.817Z] ✅ Uploaded image: NOVELLA07_STAINLESS_STEEL_BRIGHT_RED_NS07SSBRD_01_800x_87c2dd8e-cf3b-4cdc-8432-6a53716ce4d0.jpg
[2025-04-05T10:37:21.477Z] ✅ Uploaded image: NOVELLA07_STAINLESS_STEEL_BRIGHT_RED_NS07SSBRD_6_800x_0ea7fc88-b3d7-4ab9-9578-754cce768b01.jpg
[2025-04-05T10:37:23.084Z] ✅ Uploaded image: NOVELLA07_STAINLESS_STEEL_IRON_BLACK_NS07SSIBK_06_800x_1d395452-bc4c-4883-ad4f-783284b94ac5.jpg
[2025-04-05T10:37:24.427Z] ✅ Created: Nilkamal Novella 07 SS Chairs (NAyt17tvF8Uyd8nWvGWh6s)
[2025-04-05T10:37:26.931Z] Processing ith product: 
[2025-04-05T10:37:26.935Z] 
🛒 (7/8) Processing: Nilkamal CHR 4002 Armless Chair (nilkamal-armless-chair-set-of-02-beige)
[2025-04-05T10:37:29.748Z] ✅ Uploaded image: CHR4002_PEAR_WOOD_CHR40002PRW_2_800x_86aeda73-1959-4274-8c42-c4b36dc3c65a.jpg
[2025-04-05T10:37:31.840Z] ✅ Uploaded image: nilkamal-chair-4002-500x500.jpg
[2025-04-05T10:37:34.048Z] ✅ Uploaded image: 4002-2_46f16603-86e5-4fc4-8088-e8fcf9e36f5e.jpeg
[2025-04-05T10:37:35.699Z] ✅ Uploaded image: CHR4002_PEAR_WOOD_CHR40002PRW_6_800x_b9c30ce9-62ca-46c8-ab48-164829d16287.jpg
[2025-04-05T10:37:37.575Z] ✅ Uploaded image: CHR4002_MARBLE_BEIGE_CHR40002MBG_6_800x_4838edda-a7db-4ff0-8137-0c0ce0b6f2bb.jpg
[2025-04-05T10:37:39.913Z] ✅ Uploaded image: CHR4002_PEAR_WOOD_CHR40002PRW_1_800x_f2d989b2-7fc1-495d-9558-e8b42139d6b5.jpg
[2025-04-05T10:37:41.631Z] ✅ Uploaded image: CHR4002_MARBLE_BEIGE_CHR40002MBG_1_800x_501b3c7d-e35b-461e-a18a-52961934ef0f.jpg
[2025-04-05T10:37:43.201Z] ✅ Uploaded image: CHR4002_PEAR_WOOD_CHR40002PRW_4_800x_27bebae4-cd62-48c5-9ce5-ce290bd20e2d.jpg
[2025-04-05T10:37:44.691Z] ✅ Uploaded image: CHR4002_MARBLE_BEIGE_CHR40002MBG_2_800x_00ab2d5c-4f73-4d6f-b271-f3c6be5e3944.jpg
[2025-04-05T10:37:46.238Z] ✅ Uploaded image: CHR4002_PEAR_WOOD_CHR40002PRW_5_800x_f71f3543-971f-438b-9be2-e8a9b6135612.jpg
[2025-04-05T10:37:49.042Z] ✅ Uploaded image: CHR4002_BRIGHT_RED_CHR4002BRD_01_800x_b262954b-b5fc-4c7f-98c5-7255689cb9fb.jpg
[2025-04-05T10:37:51.209Z] ✅ Uploaded image: CHR4002_MARBLE_BEIGE_CHR40002MBG_4_800x_3d8567f9-8b70-43dd-9cad-7550f770e6b7.jpg
[2025-04-05T10:37:53.044Z] ✅ Uploaded image: 4002_MBG_02_b54d65f1-ab54-404f-a3b8-a23bf517c60e.jpg
[2025-04-05T10:37:54.591Z] ✅ Uploaded image: CHR4002_MARBLE_BEIGE_CHR40002MBG_5_800x_beb1198b-3e5b-4030-b72f-44edb4e5fcb3.jpg
[2025-04-05T10:37:56.733Z] ✅ Uploaded image: 4002_SET02.jpg
[2025-04-05T10:37:58.505Z] ✅ Uploaded image: CH4002_MBG_04.jpg
[2025-04-05T10:38:01.469Z] ✅ Uploaded image: 4002_SET04.jpg
[2025-04-05T10:38:03.310Z] ✅ Uploaded image: CHR4002_MARBLE_BEIGE_CHR40002MBG_7_800x_c7507bc3-404e-417a-a73e-e60cf2673e81.jpg
[2025-04-05T10:38:05.253Z] ✅ Uploaded image: CHR4002_PEAR_WOOD_CHR40002PRW_7_800x_f054932a-cce2-4a77-96e7-008bab59d94a.jpg
[2025-04-05T10:38:07.082Z] ✅ Created: Nilkamal CHR 4002 Armless Chair (RvKg2H7lodOtU53j0yFevZ)
[2025-04-05T10:38:09.586Z] Processing ith product: 
[2025-04-05T10:38:09.590Z] 
🛒 (8/8) Processing: Nilkamal Chair 4025 Armless for Home and Living (nilkamal-armless-chair-set-of-02-beige-1)
[2025-04-05T10:38:12.130Z] ✅ Uploaded image: CHR_4025_Pear_Wood_CHR4025PRW_02_800x_356f4194-4869-4f65-8fb5-942ce6d88827.jpg
[2025-04-05T10:38:13.767Z] ✅ Uploaded image: 41EzqX3g-iL.jpg
[2025-04-05T10:38:15.317Z] ✅ Uploaded image: aaaaaaa0a00a00aa-500x500.jpg
[2025-04-05T10:38:17.497Z] ✅ Uploaded image: CHR_4025_Pear_Wood_CHR4025PRW_04_800x_fbbc4180-0d1d-46db-a357-41db1450bd29.jpg
[2025-04-05T10:38:19.280Z] ✅ Uploaded image: CHR_4025_Pear_Wood_CHR4025PRW_03_800x_c125f4df-9f3d-4eb4-ab3a-bafa9afefd34.jpg
[2025-04-05T10:38:21.533Z] ✅ Uploaded image: 0003819_nilkamal-chair-4025-set-of-4_550.jpg
[2025-04-05T10:38:23.099Z] ✅ Uploaded image: CHR_4025_Pear_Wood_CHR4025PRW_01_copy_800x_11691e47-d33a-4507-93fc-06ede33d7634.jpg
[2025-04-05T10:38:24.425Z] ✅ Uploaded image: CHR_4025_Pear_Wood_CHR4025PRW_05_800x_1edb61c7-01ee-4392-a1af-f9a4ea4d1f38.jpg
[2025-04-05T10:38:26.084Z] ✅ Uploaded image: CHR_4025_Pear_Wood_CHR4025PRW_06_800x_fb8697ef-1253-4dc4-9ef2-3b56fdde7097.jpg
[2025-04-05T10:38:28.312Z] ✅ Uploaded image: CHR_4025_Pear_Wood_CHR4025PRW_07_800x_0ea3c104-07bb-4f1c-bbad-9fbf449c388f.jpg
[2025-04-05T10:38:30.254Z] ✅ Uploaded image: CHR_4025_Pear_Wood_CHR4025PRW_08_800x_dba30333-8696-4ce2-9784-3f70c89f0ae8.jpg
[2025-04-05T10:38:31.474Z] ✅ Created: Nilkamal Chair 4025 Armless for Home and Living (NAyt17tvF8Uyd8nWvGWoEY)
[2025-04-05T10:38:33.975Z] 📦 Page 1 done — 6 product(s) scraped.
[2025-04-05T10:38:36.976Z] 
🔎 Scraping page 2: https://www.homegenic.in/collections/armless-chairs?page=2
[2025-04-05T10:38:37.675Z] 📦 Page 2 done — 0 product(s) scraped.
[2025-04-05T10:38:37.676Z] ✅ No more products. Scraping complete.
[2025-04-05T10:38:37.676Z] 🎉 All pages scraped.
