[2025-04-05T10:13:58.082Z] 🚀 Starting full scrape...
[2025-04-05T10:13:58.082Z] 
🔎 Scraping page 1: https://www.homegenic.in/collections/coffee-table?page=1
[2025-04-05T10:13:59.048Z] Processing ith product: 
[2025-04-05T10:13:59.049Z] 
🛒 (1/9) Processing: Nilkamal Center Table 05 Plastic Coffee Table (nilkamal-centro-05-plastic-coffee-table)
[2025-04-05T10:14:02.759Z] ✅ Uploaded image: pp-centbl5prw-nilkamal-pear-wood-original-imafdxv572nhm4st.jpg
[2025-04-05T10:14:05.225Z] ✅ Uploaded image: pp-centbl5wbn-nilkamal-weather-brown-original-imafdxv4ehyrhfxt.jpg
[2025-04-05T10:14:08.336Z] ✅ Uploaded image: pp-centbl5mbg-nilkamal-marble-beige-original-imafdxwej7dtnbmn.jpg
[2025-04-05T10:14:10.085Z] ✅ Uploaded image: pp-centbl5mbg-nilkamal-marble-beige-original-imafdxwefhnhyhek.jpg
[2025-04-05T10:14:12.225Z] ✅ Uploaded image: pp-centbl5wbn-nilkamal-weather-brown-original-imafdxv4fwyymyhn.jpg
[2025-04-05T10:14:14.368Z] ✅ Uploaded image: pp-centbl5prw-nilkamal-pear-wood-original-imafdxv5zn6shmh7.jpg
[2025-04-05T10:14:16.300Z] ✅ Uploaded image: pp-centbl5wbn-nilkamal-weather-brown-original-imafdxv4xthze3cz.jpg
[2025-04-05T10:14:18.399Z] ✅ Uploaded image: pp-centbl5mbg-nilkamal-marble-beige-original-imafdxwegvbpfpet.jpg
[2025-04-05T10:14:19.965Z] ✅ Uploaded image: pp-centbl5mbg-nilkamal-marble-beige-original-imafdxwehm68zgnd.jpg
[2025-04-05T10:14:21.658Z] ✅ Uploaded image: pp-centbl5mbg-nilkamal-marble-beige-original-imafdxwepfw5zwtf.jpg
[2025-04-05T10:14:23.224Z] ✅ Uploaded image: pp-centbl5mbg-nilkamal-marble-beige-original-imafdxwes5tndyet.jpg
[2025-04-05T10:14:25.387Z] ✅ Uploaded image: pp-centbl5wbn-nilkamal-weather-brown-original-imafdxv6zxf2nxzz.jpg
[2025-04-05T10:14:27.441Z] ✅ Uploaded image: pp-centbl5prw-nilkamal-pear-wood-original-imafdxv5krwavvmj.jpg
[2025-04-05T10:14:28.948Z] ✅ Uploaded image: pp-centbl5prw-nilkamal-pear-wood-original-imafdxv5nnzzcxug.jpg
[2025-04-05T10:14:31.033Z] ✅ Uploaded image: pp-centbl5prw-nilkamal-pear-wood-original-imafdxv5q2nvmtzm.jpg
[2025-04-05T10:14:32.670Z] ✅ Uploaded image: pp-centbl5prw-nilkamal-pear-wood-original-imafdxv6s6j28zwj.jpg
[2025-04-05T10:14:34.363Z] ✅ Uploaded image: pp-centbl5wbn-nilkamal-weather-brown-original-imafdxv4fvansfqn.jpg
[2025-04-05T10:14:36.352Z] ✅ Uploaded image: pp-centbl5wbn-nilkamal-weather-brown-original-imafdxv47pszq74h.jpg
[2025-04-05T10:14:38.308Z] ✅ Uploaded image: pp-centbl5prw-nilkamal-pear-wood-original-imafdxv6yzqgmgrk.jpg
[2025-04-05T10:14:39.963Z] ✅ Uploaded image: pp-centbl5wbn-nilkamal-weather-brown-original-imafdxv5r2zv5vdr.jpg
[2025-04-05T10:14:41.717Z] ✅ Uploaded image: pp-centbl5mbg-nilkamal-marble-beige-original-imafdxwecycytnpg.jpg
[2025-04-05T10:14:43.145Z] ✅ Created: Nilkamal Center Table 05 Plastic Coffee Table (NAyt17tvF8Uyd8nWvGVVEA)
[2025-04-05T10:14:45.649Z] Processing ith product: 
[2025-04-05T10:14:45.657Z] 
🛒 (2/9) Processing: Nilkamal Rogue Coffee Table with Tempered Glass (rogue-coffee-table-with-tempered-glass)
[2025-04-05T10:14:48.890Z] ✅ Uploaded image: pp-centbl2cargwbn-nilkamal-weather-brown-original-imafdxw7gvc9bpgc.jpg
[2025-04-05T10:14:51.663Z] ✅ Uploaded image: pp-centbl2cargprw-nilkamal-pear-wood-original-imafdxv4ftybtu9z.jpg
[2025-04-05T10:14:53.738Z] ✅ Uploaded image: pp-centbl2cargwbn-nilkamal-weather-brown-original-imafdxw7ungjg9qy.jpg
[2025-04-05T10:14:55.560Z] ✅ Uploaded image: pp-centbl2cargwbn-nilkamal-weather-brown-original-imafdxw7w4dyegfa.jpg
[2025-04-05T10:14:59.394Z] ✅ Uploaded image: 20180222_193758.jpg
[2025-04-05T10:15:00.864Z] ✅ Uploaded image: pp-centbl2cargwbn-nilkamal-weather-brown-original-imafdxw7erxgzcjg.jpg
[2025-04-05T10:15:02.431Z] ✅ Uploaded image: pp-centbl2cargprw-nilkamal-pear-wood-original-imafdxv4xhwqxgky.jpg
[2025-04-05T10:15:03.818Z] ✅ Uploaded image: pp-centbl2cargwbn-nilkamal-weather-brown-original-imafdxw7ezedyua4.jpg
[2025-04-05T10:15:06.153Z] ✅ Uploaded image: pp-centbl2cargprw-nilkamal-pear-wood-original-imafdxv4c5phnsgv.jpg
[2025-04-05T10:15:08.569Z] ✅ Uploaded image: pp-centbl2cargprw-nilkamal-pear-wood-original-imafdxv3nuztcn4b.jpg
[2025-04-05T10:15:11.964Z] ✅ Uploaded image: CEN02_Glass_WBN_1_d3bd3240-6d54-470c-847a-3ac34587d188.jpg
[2025-04-05T10:15:13.506Z] ✅ Uploaded image: pp-centbl2cargprw-nilkamal-pear-wood-original-imafdxv3vyg9bezh.jpg
[2025-04-05T10:15:15.704Z] ✅ Uploaded image: CT02WBN.jpg
[2025-04-05T10:15:18.531Z] ✅ Uploaded image: CEN02_Glass_PRW_1.jpg
[2025-04-05T10:15:20.914Z] ✅ Uploaded image: CEN02_Glass_PRW_2_1.jpg
[2025-04-05T10:15:23.305Z] ✅ Uploaded image: CEN02_Glass_PRW_3.jpg
[2025-04-05T10:15:25.942Z] ✅ Uploaded image: CEN02_Glass_WBN_2_2bdb066e-efb3-43dc-bed8-2af5b6966347.jpg
[2025-04-05T10:15:27.727Z] ✅ Uploaded image: CEN02_Glass_WBN_3_8833002e-1690-4c53-bb43-6821bf449725.jpg
[2025-04-05T10:15:29.304Z] ✅ Uploaded image: pp-centbl2cargprw-nilkamal-pear-wood-original-imafdxv38eercgqz.jpg
[2025-04-05T10:15:31.128Z] ✅ Uploaded image: pp-centbl2cargwbn-nilkamal-weather-brown-original-imafdxw7gahzudnj.jpg
[2025-04-05T10:15:33.486Z] ✅ Uploaded image: pp-centbl2cargprw-nilkamal-pear-wood-original-imafdxv3henefhur.jpg
[2025-04-05T10:15:34.182Z] ✅ Created: Nilkamal Rogue Coffee Table with Tempered Glass (NAyt17tvF8Uyd8nWvGVaYk)
[2025-04-05T10:15:36.687Z] Processing ith product: 
[2025-04-05T10:15:36.692Z] 
🛒 (3/9) Processing: Italica Coffee Table for Home 9509 (italica-coffee-table-for-home-9502)
[2025-04-05T10:15:40.430Z] ✅ Uploaded image: 01_16d4af1d-9d40-437a-9373-8707ae1848eb.jpg
[2025-04-05T10:15:43.682Z] ✅ Uploaded image: IMG-20200827-WA0009.jpg
[2025-04-05T10:15:46.022Z] ✅ Uploaded image: IMG-20200827-WA0002.jpg
[2025-04-05T10:15:47.998Z] ✅ Uploaded image: IMG-20200827-WA0008.jpg
[2025-04-05T10:15:51.104Z] ✅ Uploaded image: IMG-20200827-WA0006.jpg
[2025-04-05T10:15:54.024Z] ✅ Uploaded image: IMG-20200827-WA0007.jpg
[2025-04-05T10:15:56.385Z] ✅ Uploaded image: Size_fd3e89ef-9198-41ed-bf2f-2d0db873b40b.jpg
[2025-04-05T10:15:57.201Z] ✅ Created: Italica Coffee Table for Home 9509 (NAyt17tvF8Uyd8nWvGVbd8)
[2025-04-05T10:15:59.706Z] Processing ith product: 
[2025-04-05T10:15:59.709Z] 
🛒 (4/9) Processing: Nilkamal Tifton Center Table (Brown) (nilkamal-tifton-center-table-brown)
[2025-04-05T10:16:03.165Z] ✅ Uploaded image: 81yziGfe_DL._SL1500.jpg
[2025-04-05T10:16:04.771Z] ✅ Uploaded image: TIFTON-CENTER-TABLE-BROWN_ITIFTONCENTBLBRN_04_800x_7487deb4-47fb-4bd2-a7e3-c9033232d139.jpg
[2025-04-05T10:16:07.442Z] ✅ Uploaded image: TIFTON-CENTER-TABLE-BROWN_ITIFTONCENTBLBRN_02_800x_92b4b5bd-053f-4432-8e73-4a88667d9b9d.jpg
[2025-04-05T10:16:08.988Z] ✅ Uploaded image: TIFTON-CENTER-TABLE-BROWN_ITIFTONCENTBLBRN_06_800x_469ad480-e480-44fe-a209-63d74fadb793.jpg
[2025-04-05T10:16:11.289Z] ✅ Uploaded image: TIFTON-CENTER-TABLE-BROWN_ITIFTONCENTBLBRN_03_800x_ea07d1da-1056-46c2-9762-b6ba83e908f0.jpg
[2025-04-05T10:16:13.683Z] ✅ Uploaded image: TIFTON-CENTER-TABLE-BROWN_ITIFTONCENTBLBRN_05_800x_2c696bc7-b037-44ee-92e5-bcd17d0372dc.jpg
[2025-04-05T10:16:16.034Z] ✅ Uploaded image: TIFTON-CENTER-TABLE-BROWN_ITIFTONCENTBLBRN_07_800x_1bf056bf-7a1f-41b4-816d-098993053cac.jpg
[2025-04-05T10:16:18.252Z] ✅ Uploaded image: TIFTON-CENTER-TABLE-BROWN_ITIFTONCENTBLBRN_08_800x_c7af0994-0596-4011-910c-252c22f1ba90.jpg
[2025-04-05T10:16:19.332Z] ✅ Created: Nilkamal Tifton Center Table (Brown) (NAyt17tvF8Uyd8nWvGVcti)
[2025-04-05T10:16:21.836Z] Processing ith product: 
[2025-04-05T10:16:21.840Z] 
🛒 (5/9) Processing: Nilkamal Barcelona Center Table (Walnut) (nilkamal-barcelona-center-table-walnut)
[2025-04-05T10:16:25.360Z] ✅ Uploaded image: BARCELONANEWCOFFEETABLEWALNUT_IBARNEWCOFTBLWNT_01_800x_9acfa8b0-c2f4-40ee-8f46-ebc1f806fb67.jpg
[2025-04-05T10:16:29.517Z] ✅ Uploaded image: BARCELONANEWCOFFEETABLEWALNUT_IBARNEWCOFTBLWNT_04_800x_9587c46e-cfb2-44bf-bdd1-6a122043dc7e.jpg
[2025-04-05T10:16:31.184Z] ✅ Uploaded image: BARCELONANEWCOFFEETABLEWALNUT_IBARNEWCOFTBLWNT_05_800x_825f8209-af39-4347-82d5-de42d02786ba.jpg
[2025-04-05T10:16:33.112Z] ✅ Uploaded image: BARCELONANEWCOFFEETABLEWALNUT_IBARNEWCOFTBLWNT_02_800x_06d3b5b8-bace-4625-8f77-3cc9cf847dee.jpg
[2025-04-05T10:16:35.812Z] ✅ Uploaded image: BARCELONANEWCOFFEETABLEWALNUT_IBARNEWCOFTBLWNT_03_800x_1ada4cfe-ac6e-46c0-befd-cb1f4b788a01.jpg
[2025-04-05T10:16:38.160Z] ✅ Uploaded image: BARCELONANEWCOFFEETABLEWALNUT_IBARNEWCOFTBLWNT_06_800x_eb168d0c-6180-441e-a4f1-181945f04223.jpg
[2025-04-05T10:16:40.194Z] ✅ Uploaded image: BARCELONANEWCOFFEETABLEWALNUT_IBARNEWCOFTBLWNT_07_800x_ab2c018f-2695-4301-a311-22b05ddba67c.jpg
[2025-04-05T10:16:41.380Z] ✅ Created: Nilkamal Barcelona Center Table (Walnut) (eRwpsf0cFY10llMTdHvvDZ)
[2025-04-05T10:16:43.885Z] Processing ith product: 
[2025-04-05T10:16:43.889Z] 
🛒 (6/9) Processing: Nilkamal Mississippi Center Table (Wenge) (nilkamal-mississippi-center-table-wenge)
[2025-04-05T10:16:48.830Z] ✅ Uploaded image: 81jtaFG8faL._SL1500.jpg
[2025-04-05T10:16:50.902Z] ✅ Uploaded image: 616E5HMGknL._SL1500.jpg
[2025-04-05T10:16:53.677Z] ✅ Uploaded image: 51spvVFBsoL._SL1500.jpg
[2025-04-05T10:16:55.597Z] ✅ Uploaded image: 61yXOI5BwnL._SL1500.jpg
[2025-04-05T10:16:57.851Z] ✅ Uploaded image: 61bdZgI5PbL._SL1500.jpg
[2025-04-05T10:16:58.388Z] ✅ Created: Nilkamal Mississippi Center Table (Wenge) (eRwpsf0cFY10llMTdHvwcf)
[2025-04-05T10:17:00.891Z] Processing ith product: 
[2025-04-05T10:17:00.894Z] 
🛒 (7/9) Processing: Nilkamal Baron Coffee Table (Walnut) (nilkamal-baron-coffee-table-walnut)
[2025-04-05T10:17:03.900Z] ✅ Uploaded image: BARON-NEW-COFFEE-TABLE-WALNUT_IBARONNCOFTBLWNT_01_800x_a1613318-4a9c-4f12-864f-8dcc1689cbd4.jpg
[2025-04-05T10:17:06.158Z] ✅ Uploaded image: BARON-NEW-COFFEE-TABLE-WALNUT_IBARONNCOFTBLWNT_02_800x_ae3786a7-2394-4492-8e0e-0cf35714924f.jpg
[2025-04-05T10:17:07.845Z] ✅ Uploaded image: BARON-NEW-COFFEE-TABLE-WALNUT_IBARONNCOFTBLWNT_04_800x_3ce97d44-22aa-40ef-9802-5c57fce66b07.jpg
[2025-04-05T10:17:10.188Z] ✅ Uploaded image: BARON-NEW-COFFEE-TABLE-WALNUT_IBARONNCOFTBLWNT_03_800x_febf38e5-1387-45d9-88b6-563348fa7ea1.jpg
[2025-04-05T10:17:11.873Z] ✅ Uploaded image: BARON-NEW-COFFEE-TABLE-WALNUT_IBARONNCOFTBLWNT_05_800x_c80b2b50-b76a-4bca-9f23-42a7bce438d1.jpg
[2025-04-05T10:17:13.773Z] ✅ Uploaded image: BARON-NEW-COFFEE-TABLE-WALNUT_IBARONNCOFTBLWNT_06_800x_074dba94-7b8c-4c29-908e-983284036c87.jpg
[2025-04-05T10:17:15.329Z] ✅ Uploaded image: BARON-NEW-COFFEE-TABLE-WALNUT_IBARONNCOFTBLWNT_07_800x_22be47d5-2bf1-4879-979b-e00cb587ba27.jpg
[2025-04-05T10:17:16.837Z] ✅ Uploaded image: BARON-NEW-COFFEE-TABLE-WALNUT_IBARONNCOFTBLWNT_08_800x_b8225943-d46d-4787-a47a-f8b5cdc5a584.jpg
[2025-04-05T10:17:17.452Z] ✅ Created: Nilkamal Baron Coffee Table (Walnut) (NAyt17tvF8Uyd8nWvGVfWI)
[2025-04-05T10:17:19.957Z] Processing ith product: 
[2025-04-05T10:17:19.961Z] 
🛒 (8/9) Processing: Nilkamal Aspen Coffee Table (Brown) (nilkamal-aspen-coffee-table-brown)
[2025-04-05T10:17:22.655Z] ✅ Uploaded image: ASPEN-NEW-COFFEE-TABLE-WALNUT_IASPNEWCOFTBLWNT_01_800x_fb596203-1da8-4bd9-a29e-fb90f981184c.jpg
[2025-04-05T10:17:24.082Z] ✅ Uploaded image: ASPEN-NEW-COFFEE-TABLE-WALNUT_IASPNEWCOFTBLWNT_02-copy_800x_7c60a9ca-539a-4bb8-9c9d-6415de8cbc5b.jpg
[2025-04-05T10:17:25.981Z] ✅ Uploaded image: ASPEN-NEW-COFFEE-TABLE-WALNUT_IASPNEWCOFTBLWNT_03_800x_7f7d834f-d8c2-42df-b529-0553d9d7e097.jpg
[2025-04-05T10:17:28.041Z] ✅ Uploaded image: ASPEN-NEW-COFFEE-TABLE-WALNUT_IASPNEWCOFTBLWNT_04_800x_137a93e3-1cab-4b53-9d2e-4f9312ed3334.jpg
[2025-04-05T10:17:29.735Z] ✅ Uploaded image: ASPEN-NEW-COFFEE-TABLE-WALNUT_IASPNEWCOFTBLWNT_05_800x_d4d06c1e-ecd1-4234-9494-1f2d87fbdc41.jpg
[2025-04-05T10:17:31.734Z] ✅ Uploaded image: ASPEN-NEW-COFFEE-TABLE-WALNUT_IASPNEWCOFTBLWNT_06_800x_89a57280-5f55-42fa-923e-f5bb68d88001.jpg
[2025-04-05T10:17:33.839Z] ✅ Uploaded image: ASPEN-NEW-COFFEE-TABLE-WALNUT_IASPNEWCOFTBLWNT_07_800x_50b56e57-4abc-452b-a684-001360963938.jpg
[2025-04-05T10:17:34.537Z] ✅ Created: Nilkamal Aspen Coffee Table (Brown) (eRwpsf0cFY10llMTdHvzbk)
[2025-04-05T10:17:37.041Z] Processing ith product: 
[2025-04-05T10:17:37.043Z] 
🛒 (9/9) Processing: Homegenic Saffire Coffee Table PP Material (homegenic-saffire-coffee-table-pp-material)
[2025-04-05T10:17:40.003Z] ✅ Uploaded image: BLACK_01.jpg
[2025-04-05T10:17:43.057Z] ✅ Uploaded image: PRW_01_9ac31dd6-01ca-4f1f-aea5-97bbcf0cc711.jpg
[2025-04-05T10:17:44.914Z] ✅ Uploaded image: WBN_02_0afcb3a3-a261-4ec6-8dcd-40709d698af9.jpg
[2025-04-05T10:17:46.725Z] ✅ Uploaded image: 83.jpg
[2025-04-05T10:17:48.818Z] ✅ Uploaded image: 90.jpg
[2025-04-05T10:17:50.958Z] ✅ Uploaded image: 94.jpg
[2025-04-05T10:17:53.615Z] ✅ Uploaded image: WBN_01_d17fee84-3eea-4978-becd-0b2ca0924d48.jpg
[2025-04-05T10:17:55.514Z] ✅ Uploaded image: BLACK_02.jpg
[2025-04-05T10:17:57.436Z] ✅ Uploaded image: PRW_02_c3add1b7-02ef-4ff5-a256-c4d26fd2c30f.jpg
[2025-04-05T10:17:59.523Z] ✅ Uploaded image: Size_98a29250-3654-4474-9bec-41255687cc35.jpg
[2025-04-05T10:18:00.670Z] ✅ Created: Homegenic Saffire Coffee Table PP Material (eRwpsf0cFY10llMTdHw1pe)
[2025-04-05T10:18:03.173Z] 📦 Page 1 done — 9 product(s) scraped.
[2025-04-05T10:18:06.175Z] 
🔎 Scraping page 2: https://www.homegenic.in/collections/coffee-table?page=2
[2025-04-05T10:18:06.949Z] 📦 Page 2 done — 0 product(s) scraped.
[2025-04-05T10:18:06.949Z] ✅ No more products. Scraping complete.
[2025-04-05T10:18:06.949Z] 🎉 All pages scraped.
