[2025-04-05T08:50:42.983Z] 🚀 Starting full scrape...
[2025-04-05T08:50:42.984Z] 
🔎 Scraping page 1: https://www.homegenic.in/collections/computer-study-desk?page=1
[2025-04-05T08:50:43.897Z] Processing ith product: 
[2025-04-05T08:50:43.898Z] 
🛒 (1/13) Processing: Homegenic Smart Homes Height Adjustable Table (homegenic-smart-homes-height-adjustable-table)
[2025-04-05T08:50:44.126Z] ⚠️ Skipping duplicate: homegenic-smart-homes-height-adjustable-table
[2025-04-05T08:50:44.126Z] Processing ith product: 
[2025-04-05T08:50:44.127Z] 
🛒 (2/13) Processing: Supreme Scissor Height Adjustable Table (supreme-scissor-height-adjustable-table)
[2025-04-05T08:50:44.303Z] ⚠️ Skipping duplicate: supreme-scissor-height-adjustable-table
[2025-04-05T08:50:44.304Z] Processing ith product: 
[2025-04-05T08:50:44.306Z] 
🛒 (3/13) Processing: Nilkamal Leo Computer Table (Beech) (nilkamal-leo-computer-trolley-table-beech)
[2025-04-05T08:50:47.547Z] ✅ Uploaded image: mdf-cdleobch-nilkamal-beech-original-imaf9srxmv2th2k7.jpg
[2025-04-05T08:50:50.006Z] ✅ Uploaded image: leo_beech1.jpg
[2025-04-05T08:50:51.898Z] ✅ Uploaded image: flctleoctrlbch-mdf-nilkamal-brown-original-imaee4jb3d5mwyz5.jpg
[2025-04-05T08:50:53.936Z] ✅ Uploaded image: leo_beech2.jpg
[2025-04-05T08:50:56.297Z] ✅ Uploaded image: leo_beech3.jpg
[2025-04-05T08:50:57.326Z] ✅ Created: Nilkamal Leo Computer Table (Beech) (RvKg2H7lodOtU53j0yBKZV)
[2025-04-05T08:50:59.828Z] Processing ith product: 
[2025-04-05T08:50:59.830Z] 
🛒 (4/13) Processing: Nilkamal Leo Computer Table (Walnut) (nilkamal-leo-computer-trolley-table-brown)
[2025-04-05T08:51:02.302Z] ✅ Uploaded image: mdf-cdleownt-nilkamal-walnut-original-imaf9cxzzd63hzyf.jpg
[2025-04-05T08:51:04.395Z] ✅ Uploaded image: mdf-cdleownt-nilkamal-walnut-original-imaf5ck9z587kkv5.jpg
[2025-04-05T08:51:06.900Z] ✅ Uploaded image: 51y60wFuxmL._SL1000.jpg
[2025-04-05T08:51:08.908Z] ✅ Uploaded image: mdf-cdleownt-nilkamal-walnut-original-imaf5ck9jkudfvhx.jpg
[2025-04-05T08:51:10.904Z] ✅ Uploaded image: mdf-cdleownt-nilkamal-walnut-original-imaf5ck9shfwduhp.jpg
[2025-04-05T08:51:13.168Z] ✅ Uploaded image: 51MYociJWOL._SL1000.jpg
[2025-04-05T08:51:14.855Z] ✅ Uploaded image: mdf-cdleownt-nilkamal-walnut-original-imaf5ckastgwuc7j.jpg
[2025-04-05T08:51:17.279Z] ✅ Uploaded image: 51PeYBb7BjL._SL1000.jpg
[2025-04-05T08:51:18.878Z] ✅ Uploaded image: mdf-cdleownt-nilkamal-walnut-original-imaf5ck9gphbm4cn.jpg
[2025-04-05T08:51:20.442Z] ✅ Uploaded image: 41nUiO4PokL.jpg
[2025-04-05T08:51:21.455Z] ✅ Created: Nilkamal Leo Computer Table (Walnut) (LDx231Zs1PnDv59oxCuP4A)
[2025-04-05T08:51:23.959Z] Processing ith product: 
[2025-04-05T08:51:23.962Z] 
🛒 (5/13) Processing: Nilkamal Zenith Computer Table with Laptop Stand Complimentary (copy-of-nilkamal-vibe-computer-desk-glossy-finish-beech)
[2025-04-05T08:51:27.684Z] ✅ Uploaded image: ZenithWalnutwithLaptopStand.jpg
[2025-04-05T08:51:30.341Z] ✅ Uploaded image: ZENITH_COMPUTER_TABLE_BLACK_WALNUT_2000x_6950d799-03dd-411b-8ccc-46f24b0f0ba4.jpg
[2025-04-05T08:51:31.967Z] ✅ Uploaded image: ZENITHCOMPUTERTABLETEAK_ICDZENITHTEK_02_800x_fd6a20e1-88de-44be-abd1-b6459be6b512.jpg
[2025-04-05T08:51:33.929Z] ✅ Uploaded image: ICDZENITHBWL_04_2000x_d3761df4-f67f-42c4-a28f-cf7807067008.jpg
[2025-04-05T08:51:36.190Z] ✅ Uploaded image: ICDZENITHBWL_2000x_21e41621-7a1c-45cd-a822-0c6e31096f9f.jpg
[2025-04-05T08:51:38.617Z] ✅ Uploaded image: ZENITHCOMPUTERTABLETEAK_ICDZENITHTEK_03_800x_e2012632-39f7-4624-a29e-f158fe856af4.jpg
[2025-04-05T08:51:40.226Z] ✅ Uploaded image: ZENITHCOMPUTERTABLETEAK_ICDZENITHTEK_LS_2000x_4937d37b-31a7-4b3c-a320-ac07d4199656.jpg
[2025-04-05T08:51:41.897Z] ✅ Uploaded image: ZENITHCOMPUTERTABLETEAK_ICDZENITHTEK_05_800x_bb3622e6-9b2d-44e7-9b59-3ecf7be36450.jpg
[2025-04-05T08:51:43.657Z] ✅ Uploaded image: ICDZENITHBWL_05_2000x_2b5a509e-0c95-4696-a442-e39664a70adf.jpg
[2025-04-05T08:51:46.108Z] ✅ Uploaded image: ZenithBeechwithLaptopStand_462fd294-23ac-423c-828a-08fadd40e07b.jpg
[2025-04-05T08:51:47.778Z] ✅ Uploaded image: ZENITHCOMPUTERTABLETEAK_ICDZENITHTEK_04copy_800x_c6befa21-1cba-409e-9247-7efc14272410.jpg
[2025-04-05T08:51:50.226Z] ✅ Uploaded image: ZENITHCOMPUTERTABLETEAK_ICDZENITHTEK_06_800x_7c29f156-d0cd-4d07-8bfa-c522d39ef9e3.jpg
[2025-04-05T08:51:52.535Z] ✅ Uploaded image: zenithcomputertable7.jpg.3e19721323.999x1000x951_copy_2000x_8eeca4b1-9961-4c32-8817-b20f8c4ae049.jpg
[2025-04-05T08:51:54.310Z] ✅ Uploaded image: ZENITHCOMPUTERTABLETEAK_ICDZENITHTEK_08_800x_e610e8bd-7e2d-49ba-a2b1-eb78e1e694ae.jpg
[2025-04-05T08:51:56.491Z] ✅ Uploaded image: 617qwkaI1FL._SL1200_2c0d2c24-18ed-4cc0-9b6b-b3748eaaba61.jpg
[2025-04-05T08:51:58.707Z] ✅ Uploaded image: 61Z_lYqtdCL._SL1200_adec45fe-af2e-476e-b43b-eee73600db48.jpg
[2025-04-05T08:52:01.064Z] ✅ Uploaded image: 71TY0hiBGrL._SL1500_727c138e-a4f2-4524-a96e-cd318a9543a3.jpg
[2025-04-05T08:52:02.198Z] ✅ Created: Nilkamal Zenith Computer Table with Laptop Stand Complimentary (RvKg2H7lodOtU53j0yBL3f)
[2025-04-05T08:52:04.702Z] Processing ith product: 
[2025-04-05T08:52:04.706Z] 
🛒 (6/13) Processing: Supreme Buffet Blow Moulded Folding Table (5 Feet) (buffet-blow-mould-rectangular-table-globus-brown)
[2025-04-05T08:52:07.467Z] ✅ Uploaded image: blow-moulded-swiss-buffet-table-in-red-colour-by-supreme-blow-moulded-swiss-buffet-table-in-red-colo-jkxmhs_517d6974-a7ed-44bb-b7c8-b0754b4bfb96.jpg
[2025-04-05T08:52:09.234Z] ✅ Uploaded image: blow-moulded-swiss-buffet-table-in-brown-colour-by-supreme-blow-moulded-swiss-buffet-table-in-brown--okpo2u_5e4e07ec-dd3f-4fad-a052-0cf72f37cfaa.jpg
[2025-04-05T08:52:11.529Z] ✅ Uploaded image: grey_e09e2391-9bd3-4b1c-ae3e-44217b371550.jpg
[2025-04-05T08:52:13.371Z] ✅ Uploaded image: swiss-folding-patio--table---chair-set-in-globus-brown-colour-by-supreme-swiss-folding-patio--table--56jd09_304c343b-207e-47ce-a2d8-b5456518b29f.jpg
[2025-04-05T08:52:15.364Z] ✅ Uploaded image: GBrown01.jpg
[2025-04-05T08:52:16.946Z] ✅ Uploaded image: Red1_729feb06-2e5b-4742-9fd5-85c403ce5ae5.jpg
[2025-04-05T08:52:19.901Z] ✅ Uploaded image: GBrown02_a6dc75f5-4ebd-4fdb-b072-47eca747869b.jpg
[2025-04-05T08:52:22.016Z] ✅ Uploaded image: GBrown03_a112672c-4eb0-4c44-80e8-5ea2df3cb318.jpg
[2025-04-05T08:52:23.602Z] ✅ Uploaded image: grey2_06928324-5311-4515-b242-a4c649f01a35.jpg
[2025-04-05T08:52:25.862Z] ✅ Uploaded image: red3_fe8d982f-b096-461f-8d72-f46f081c4a43.jpg
[2025-04-05T08:52:27.737Z] ✅ Uploaded image: red2_a9ace290-dbe8-4d66-9365-eb9de3c3e3b7.jpg
[2025-04-05T08:52:29.509Z] ✅ Uploaded image: grey3_e48d1e30-d320-4b9f-9f9e-f68b356bc26e.jpg
[2025-04-05T08:52:33.023Z] ✅ Uploaded image: 20190124_203922.jpg
[2025-04-05T08:52:35.215Z] ✅ Uploaded image: 20190124_204201.jpg
[2025-04-05T08:52:37.398Z] ✅ Uploaded image: 20190124_202839_6be03e3d-3ece-4e61-8ed7-902c1637963b.jpg
[2025-04-05T08:52:39.098Z] ✅ Uploaded image: 20190124_203720.jpg
[2025-04-05T08:52:42.855Z] ✅ Uploaded image: 20190124_203810.jpg
[2025-04-05T08:52:44.876Z] ✅ Uploaded image: 20190124_203849.jpg
[2025-04-05T08:52:46.061Z] ✅ Created: Supreme Buffet Blow Moulded Folding Table (5 Feet) (NAyt17tvF8Uyd8nWvGQEYg)
[2025-04-05T08:52:48.565Z] Processing ith product: 
[2025-04-05T08:52:48.571Z] 
🛒 (7/13) Processing: Nilkamal Alpha Engineered Wood Computer Table (nilkamal-alpha-computer-table-red-cherry)
[2025-04-05T08:52:51.761Z] ✅ Uploaded image: ALPHA_COMPUTER_TABLE-WNT_LS_800x_7504c6a3-6be5-43c4-8050-a2b0d3342f94.jpg
[2025-04-05T08:52:54.325Z] ✅ Uploaded image: Alpha_beech2.jpg
[2025-04-05T08:52:56.998Z] ✅ Uploaded image: C0A6485-1_800x_091afafb-e737-477b-9001-d49200dbb5f8.jpg
[2025-04-05T08:52:58.654Z] ✅ Uploaded image: C0A6489-1_800x_ce0af9cc-bc12-4774-bb48-c2de03de1f6e.jpg
[2025-04-05T08:53:01.086Z] ✅ Uploaded image: Alpha_beech.jpg
[2025-04-05T08:53:02.842Z] ✅ Uploaded image: C0A6492-1_800x_c17035bb-9af1-4b4d-b4aa-9d486e240e09.jpg
[2025-04-05T08:53:05.503Z] ✅ Uploaded image: C0A6492-2_800x_10fde418-a8ae-415a-a81e-6aa77b971fc6.jpg
[2025-04-05T08:53:07.714Z] ✅ Uploaded image: Alpha_beech1.jpg
[2025-04-05T08:53:09.309Z] ✅ Uploaded image: Alpha_beech3.jpg
[2025-04-05T08:53:12.245Z] ✅ Uploaded image: Alpha_beech4.jpg
[2025-04-05T08:53:14.599Z] ✅ Uploaded image: C0A6488-1_-_Copy_800x_e1165442-958e-401e-a258-925a90614ad4.jpg
[2025-04-05T08:53:16.663Z] ✅ Uploaded image: Alpha_beech5.jpg
[2025-04-05T08:53:17.713Z] ✅ Created: Nilkamal Alpha Engineered Wood Computer Table (eRwpsf0cFY10llMTdHgmEd)
[2025-04-05T08:53:20.216Z] Processing ith product: 
[2025-04-05T08:53:20.219Z] 
🛒 (8/13) Processing: Supreme Swiss Blow Mould Folding Table (4 Feet) (swiss-blow-mould-square-table-globus-brown)
[2025-04-05T08:53:22.936Z] ✅ Uploaded image: swiss-4-seater-dining-table-in-globus-brown-colour-by-supreme-swiss-4-seater-dining-table-in-globus--zbennx.jpg
[2025-04-05T08:53:24.962Z] ✅ Uploaded image: blow-moulded-swiss-buffet-table-in-brown-colour-by-supreme-blow-moulded-swiss-buffet-table-in-brown--okpo2u.jpg
[2025-04-05T08:53:27.423Z] ✅ Uploaded image: blow-moulded-swiss-buffet-table-in-red-colour-by-supreme-blow-moulded-swiss-buffet-table-in-red-colo-jkxmhs.jpg
[2025-04-05T08:53:30.287Z] ✅ Uploaded image: 71iItHMhlqL._SL1500.jpg
[2025-04-05T08:53:31.724Z] ✅ Uploaded image: swiss-folding-patio--table---chair-set-in-globus-brown-colour-by-supreme-swiss-folding-patio--table--56jd09.jpg
[2025-04-05T08:53:33.316Z] ✅ Uploaded image: GBrown11.jpg
[2025-04-05T08:53:35.779Z] ✅ Uploaded image: Red01_51ef6b6f-6035-401c-a68c-fffac8bb1b38.jpg
[2025-04-05T08:53:37.430Z] ✅ Uploaded image: grey01_66e73932-19a9-4feb-a610-800175558588.jpg
[2025-04-05T08:53:40.247Z] ✅ Uploaded image: GBrown02.jpg
[2025-04-05T08:53:42.861Z] ✅ Uploaded image: 20190124_204201_69f9f5b9-5925-406f-ac0b-1c5093eb8712.jpg
[2025-04-05T08:53:44.500Z] ✅ Uploaded image: 20190124_203810_f268ed7f-7b8d-4acd-a431-3d07f8bfd5bf.jpg
[2025-04-05T08:53:47.585Z] ✅ Uploaded image: 20190124_203849_184d2533-2da4-4aea-927e-5f97b87c8ef8.jpg
[2025-04-05T08:53:49.717Z] ✅ Uploaded image: 20190124_203922_adb3e8cd-90c7-46bf-b5e5-9d6f7c08f45e.jpg
[2025-04-05T08:53:51.708Z] ✅ Uploaded image: 20190124_203720_6bc06275-9934-4f84-950b-43c1fe346c4e.jpg
[2025-04-05T08:53:53.571Z] ✅ Uploaded image: 20190124_202839_5132c914-6749-46f8-8b2c-62d5317c6556.jpg
[2025-04-05T08:53:55.842Z] ✅ Uploaded image: 513BtHg3gmL_a9e586f2-647f-43f9-8d1a-bb027d96d6b2.jpg
[2025-04-05T08:53:59.878Z] ✅ Uploaded image: GBrown03.jpg
[2025-04-05T08:54:01.470Z] ✅ Uploaded image: GBrown8.jpg
[2025-04-05T08:54:03.408Z] ✅ Uploaded image: GBrown9.jpg
[2025-04-05T08:54:06.134Z] ✅ Uploaded image: 61a0XcPhBhL._SL1500.jpg
[2025-04-05T08:54:07.581Z] ✅ Uploaded image: 61HoFE8t9HL._SL1500.jpg
[2025-04-05T08:54:10.553Z] ✅ Uploaded image: 61I_LPdH4qL._SL1500.jpg
[2025-04-05T08:54:12.969Z] ✅ Uploaded image: blow-moulded-swiss-buffet-table-in-red-colour-by-supreme-blow-moulded-swiss-buffet-table-in-red-colo-4t8wah.jpg
[2025-04-05T08:54:14.301Z] ✅ Created: Supreme Swiss Blow Mould Folding Table (4 Feet) (NAyt17tvF8Uyd8nWvGQGpa)
[2025-04-05T08:54:16.805Z] Processing ith product: 
[2025-04-05T08:54:16.809Z] 
🛒 (9/13) Processing: Supreme Miyami Blow Moulded Folding Table (Square) (miyami-blow-mould-square-table-brown)
[2025-04-05T08:54:19.462Z] ✅ Uploaded image: blow-moulded-miyami-four-seater-dining-table-in-red-colour-by-supreme-blow-moulded-miyami-four-seate-tzl9dh.jpg
[2025-04-05T08:54:22.264Z] ✅ Uploaded image: blow-moulded-miyami-four-seater-dining-table-in-grey-colour-by-supreme-blow-moulded-miyami-four-seat-mlxhou.jpg
[2025-04-05T08:54:24.317Z] ✅ Uploaded image: brown.jpg
[2025-04-05T08:54:25.925Z] ✅ Uploaded image: brown3.jpg
[2025-04-05T08:54:27.901Z] ✅ Uploaded image: brown4.jpg
[2025-04-05T08:54:31.197Z] ✅ Uploaded image: 20190124_202839.jpg
[2025-04-05T08:54:33.027Z] ✅ Uploaded image: 20190124_203720_a7849551-0923-4646-92da-4cd0c023316c.jpg
[2025-04-05T08:54:35.084Z] ✅ Uploaded image: 20190124_203810_3e490115-9052-4457-9e35-3ea92105df4b.jpg
[2025-04-05T08:54:38.290Z] ✅ Uploaded image: 20190124_203849_111e85e2-2ee3-42de-981a-73f113853e96.jpg
[2025-04-05T08:54:40.430Z] ✅ Uploaded image: 20190124_203922_62f6f726-e472-4e17-8489-bdc7bf87ace9.jpg
[2025-04-05T08:54:43.515Z] ✅ Uploaded image: 20190124_204201_74fd51fc-8762-4cea-9eee-09cd3837c323.jpg
[2025-04-05T08:54:44.933Z] ✅ Uploaded image: 4-500x500.jpg
[2025-04-05T08:54:47.477Z] ✅ Uploaded image: 41KyY2eF8NL.jpg
[2025-04-05T08:54:48.874Z] ✅ Uploaded image: blow-moulded-miyami-four-seater-dining-table-in-red-colour-by-supreme-blow-moulded-miyami-four-seate-iyzn62.jpg
[2025-04-05T08:54:50.965Z] ✅ Uploaded image: blow-moulded-miyami-four-seater-dining-table-in-grey-colour-by-supreme-blow-moulded-miyami-four-seat-7jyzit.jpg
[2025-04-05T08:54:52.948Z] ✅ Uploaded image: blow-moulded-miyami-four-seater-dining-table-in-grey-colour-by-supreme-blow-moulded-miyami-four-seat-uxnlls.jpg
[2025-04-05T08:54:55.098Z] ✅ Uploaded image: 61EQBM-O7sL._SL1500_97a439dc-82f4-4e08-8314-0197724f09be.jpg
[2025-04-05T08:54:56.841Z] ✅ Uploaded image: grey_14f1c6b8-dda7-453a-a97d-29bd2688a869.jpg
[2025-04-05T08:54:59.591Z] ✅ Uploaded image: grey3_8835b2a1-27b7-4e01-bfb4-aae3744fa101.jpg
[2025-04-05T08:55:01.262Z] ✅ Uploaded image: 61ihyFtoePL._SL1500_76ad0f39-c520-4b01-af9e-8fcb7c75c510.jpg
[2025-04-05T08:55:05.436Z] ✅ Uploaded image: brown5.jpg
[2025-04-05T08:55:07.885Z] ✅ Uploaded image: 71HvzPO94IL._SL1500_478e8fce-1994-4f87-b08c-0be6e63faea0.jpg
[2025-04-05T08:55:09.729Z] ✅ Uploaded image: 71X7w4dAVfL._SL1500_7f7255fa-77fa-445b-9a7a-056253389d53.jpg
[2025-04-05T08:55:11.683Z] ✅ Uploaded image: grey2_99242bdd-1d8e-4627-9b48-5b80b36f5e3d.jpg
[2025-04-05T08:55:13.986Z] ✅ Uploaded image: 51jTm4Jm2KL._SL1296_39f41823-7ace-42e0-9c8f-797f5e2705f8.jpg
[2025-04-05T08:55:15.615Z] ✅ Uploaded image: brown2.jpg
[2025-04-05T08:55:16.911Z] ✅ Created: Supreme Miyami Blow Moulded Folding Table (Square) (NAyt17tvF8Uyd8nWvGQLvG)
[2025-04-05T08:55:19.415Z] Processing ith product: 
[2025-04-05T08:55:19.419Z] 
🛒 (10/13) Processing: Nilkamal Dexter 02 Multipurpose Study Table (nilkamal-dexter-study-table)
[2025-04-05T08:55:22.157Z] ✅ Uploaded image: DEXTER02STUDYTABLETEAK_IDEXTE02STDTBLTEK_01_2000x_3406319f-0ddf-4554-ba34-cf683aa63192.jpg
[2025-04-05T08:55:25.379Z] ✅ Uploaded image: DEXTER02STUDYTABLETEAK_IDEXTE02STDTBLTEK_03_2000x_74ed5164-c269-4a86-abd3-79b203d9a282.jpg
[2025-04-05T08:55:27.926Z] ✅ Uploaded image: DEXTER02STUDYTABLETEAK_IDEXTE02STDTBLTEK_06_2000x_72f5a958-da27-451d-9070-12729b8d6952.jpg
[2025-04-05T08:55:30.340Z] ✅ Uploaded image: DEXTER02STUDYTABLETEAK_IDEXTE02STDTBLTEK_08_2000x_8bf29369-60e1-4169-822e-8a1552f87512.jpg
[2025-04-05T08:55:32.113Z] ✅ Uploaded image: DEXTER02STUDYTABLETEAK_IDEXTE02STDTBLTEK_04_2000x_58d026a7-0d53-4140-bb35-35e733ab3c64.jpg
[2025-04-05T08:55:34.893Z] ✅ Uploaded image: DEXTER02STUDYTABLETEAK_IDEXTE02STDTBLTEK_05_2000x_57aca8c5-8536-4574-9561-a7e41fc058a7.jpg
[2025-04-05T08:55:36.945Z] ✅ Uploaded image: DEXTER02STUDYTABLETEAK_IDEXTE02STDTBLTEK_07_2000x_44e56097-859d-4f26-be38-e7daf14d90bd.jpg
[2025-04-05T08:55:39.020Z] ✅ Uploaded image: DEXTER02STUDYTABLETEAK_IDEXTE02STDTBLTEK_10_2000x_183e73a3-8f06-44ea-ba87-2f6169d5a153.jpg
[2025-04-05T08:55:39.944Z] ✅ Created: Nilkamal Dexter 02 Multipurpose Study Table (NAyt17tvF8Uyd8nWvGQNcw)
[2025-04-05T08:55:42.445Z] Processing ith product: 
[2025-04-05T08:55:42.448Z] 
🛒 (11/13) Processing: Scissor Folding Table with Chair Amity (folding-table-with-chair-scissor-table-with-amity-chair)
[2025-04-05T08:55:42.645Z] ⚠️ Skipping duplicate: folding-table-with-chair-scissor-table-with-amity-chair
[2025-04-05T08:55:42.646Z] Processing ith product: 
[2025-04-05T08:55:42.648Z] 
🛒 (12/13) Processing: Nilkamal Comfort Folding Study Table (nilkamal-comfort-02-study-table)
[2025-04-05T08:55:45.581Z] ✅ Uploaded image: mdf-iconfor02fldsttek-nilkamal-teak-original-imag3wznzcpwfzbm.jpg
[2025-04-05T08:55:47.029Z] ✅ Uploaded image: mdf-iconfor03fldsttek-nilkamal-teak-original-imag3wzngwgzujex.jpg
[2025-04-05T08:55:48.618Z] ✅ Uploaded image: mdf-iconfor02fldsttek-nilkamal-teak-original-imag3wznw2wacn8v.jpg
[2025-04-05T08:55:50.055Z] ✅ Uploaded image: mdf-iconfor02fldsttek-nilkamal-teak-original-imag3wznynn2yhpv.jpg
[2025-04-05T08:55:51.581Z] ✅ Uploaded image: mdf-iconfor03fldsttek-nilkamal-teak-original-imag3wzndztgjqgu.jpg
[2025-04-05T08:55:54.082Z] ✅ Uploaded image: mdf-iconfor03fldsttek-nilkamal-teak-original-imag3wznrhujwpwt.jpg
[2025-04-05T08:55:56.216Z] ✅ Uploaded image: mdf-iconfor02fldsttek-nilkamal-teak-original-imag3wznuumtqqhh.jpg
[2025-04-05T08:55:57.531Z] ✅ Created: Nilkamal Comfort Folding Study Table (RvKg2H7lodOtU53j0yBRxx)
[2025-04-05T08:56:00.036Z] Processing ith product: 
[2025-04-05T08:56:00.039Z] 
🛒 (13/13) Processing: Nilkamal Dexter 01 Multipurpose Study Table (nilkamal-dexter-01-multipurpose-study-table)
[2025-04-05T08:56:03.586Z] ✅ Uploaded image: DEXTER01STUDYTABLETEAK_IDEXTE01STDTBLTEK_01_2000x_cba19d4e-b8b5-409d-af9f-ebc35275ad77.jpg
[2025-04-05T08:56:06.326Z] ✅ Uploaded image: DEXTER01STUDYTABLETEAK_IDEXTE01STDTBLTEK_03_2000x_99d59ebc-8ad5-4050-b172-b40fc72f692d.jpg
[2025-04-05T08:56:09.040Z] ✅ Uploaded image: DEXTER01STUDYTABLETEAK_IDEXTE01STDTBLTEK_04_2000x_9747da9d-6652-4931-9c43-b15d11e8eca2.jpg
[2025-04-05T08:56:10.857Z] ✅ Uploaded image: DEXTER01STUDYTABLETEAK_IDEXTE01STDTBLTEK_05_2000x_f53af62d-ed47-4d68-95d4-21996b6200ca.jpg
[2025-04-05T08:56:13.075Z] ✅ Uploaded image: DEXTER01STUDYTABLETEAK_IDEXTE01STDTBLTEK_06_2000x_988a7c38-238d-43fc-b776-b9f4c69024aa.jpg
[2025-04-05T08:56:14.439Z] ✅ Uploaded image: DEXTER01STUDYTABLETEAK_IDEXTE01STDTBLTEK_07_2000x_6ee608ef-e997-47e0-9d0e-cb6619c8ebc5.jpg
[2025-04-05T08:56:16.372Z] ✅ Uploaded image: DEXTER01STUDYTABLETEAK_IDEXTE01STDTBLTEK_08_2000x_292c9136-1b86-4a6c-a8b1-4459e99bb4b0.jpg
[2025-04-05T08:56:18.935Z] ✅ Uploaded image: DEXTER01STUDYTABLETEAK_IDEXTE01STDTBLTEK_09_2000x_ece6e156-8cca-473b-9054-b7e96ca7b92c.jpg
[2025-04-05T08:56:20.747Z] ✅ Uploaded image: DEXTER01STUDYTABLETEAK_IDEXTE01STDTBLTEK_10_2000x_c6f6b8b1-f8d3-4f02-9f80-1dfb776d996b.jpg
[2025-04-05T08:56:21.875Z] ✅ Created: Nilkamal Dexter 01 Multipurpose Study Table (RvKg2H7lodOtU53j0yBTX1)
[2025-04-05T08:56:24.377Z] 📦 Page 1 done — 10 product(s) scraped.
[2025-04-05T08:56:27.378Z] 
🔎 Scraping page 2: https://www.homegenic.in/collections/computer-study-desk?page=2
[2025-04-05T08:56:27.877Z] 📦 Page 2 done — 0 product(s) scraped.
[2025-04-05T08:56:27.878Z] ✅ No more products. Scraping complete.
[2025-04-05T08:56:27.878Z] 🎉 All pages scraped.
