[2025-04-05T09:15:54.846Z] 🚀 Starting full scrape...
[2025-04-05T09:15:54.846Z] 
🔎 Scraping page 1: https://www.homegenic.in/collections/crystal-series-chair?page=1
[2025-04-05T09:15:55.519Z] Processing ith product: 
[2025-04-05T09:15:55.520Z] 
🛒 (1/8) Processing: Nilkamal Crystal PC Chairs (Dream Grey) (nilkamal-premium-polycarbonate-chairs-set-of-2-transparent-grey)
[2025-04-05T09:15:59.708Z] ✅ Uploaded image: CHRCRYSTAL_PC_DREAM_GREY_CHRCRYSTALPCDRG_02_2000x_176722fd-7ab2-4756-b69c-005d1fce1f37.jpg
[2025-04-05T09:16:03.308Z] ✅ Uploaded image: 323194_325291087560964_539945591_o.jpg
[2025-04-05T09:16:06.346Z] ✅ Uploaded image: grey.jpg
[2025-04-05T09:16:09.479Z] ✅ Uploaded image: CHRCRYSTAL_PC_DREAM_GREY_CHRCRYSTALPCDRG_03_2000x_974927b4-e894-4aa5-a06d-7bb8fc5296a2.jpg
[2025-04-05T09:16:12.054Z] ✅ Uploaded image: CHRCRYSTAL_PC_DREAM_GREY_CHRCRYSTALPCDRG_04_2000x_9aec8f57-c41e-4f92-baf4-c9f9fc9d8ff2.jpg
[2025-04-05T09:16:14.640Z] ✅ Uploaded image: CHRCRYSTAL_PC_DREAM_GREY_CHRCRYSTALPCDRG_03_copy_2000x_f2b3f4f4-2575-4aed-be2f-386563e4a604.jpg
[2025-04-05T09:16:17.395Z] ✅ Uploaded image: Crystal_chair2.jpg
[2025-04-05T09:16:20.099Z] ✅ Uploaded image: CrystalchairGREYSETOF4.jpg
[2025-04-05T09:16:21.862Z] ✅ Uploaded image: CrystalchairGREYSETOF6.jpg
[2025-04-05T09:16:23.670Z] ✅ Uploaded image: CHRCRYSTAL_PC_DREAM_GREY_CHRCRYSTALPCDRG_06_jpeg_2000x_e6085b97-9b99-4f1c-bbda-e9e9c41150a1.jpg
[2025-04-05T09:16:24.483Z] ✅ Created: Nilkamal Crystal PC Chairs (Dream Grey) (RvKg2H7lodOtU53j0yCRNx)
[2025-04-05T09:16:26.985Z] Processing ith product: 
[2025-04-05T09:16:26.990Z] 
🛒 (2/8) Processing: Nilkamal Crystal PP Chairs (Weather Brown Color) (copy-of-nilkamal-crystal-pp-chairs-weather-brown-color)
[2025-04-05T09:16:30.890Z] ✅ Uploaded image: crystal-polycarbonate---set-of-2--plastic-chairs-in-weather-brown-colour-by-nilkamal-crystal-polycar-if1yxb.jpg
[2025-04-05T09:16:34.044Z] ✅ Uploaded image: Crysta_PP_Chair_red_3fe837e5-a940-4041-8327-b9f63eb45d97.jpg
[2025-04-05T09:16:37.479Z] ✅ Uploaded image: Crysta_PP_Chair_f83bdac8-fd0c-4b24-90c1-c8b054444de0.jpg
[2025-04-05T09:16:40.888Z] ✅ Uploaded image: Crysta_PP_Chair_white_2687d585-d334-4e8c-a0f2-e77e6177aea2.jpg
[2025-04-05T09:16:44.039Z] ✅ Uploaded image: Crysta_PP_Chair_Black_feb80aac-fa5c-40b5-a04e-5f73419a093b.jpg
[2025-04-05T09:16:45.537Z] ✅ Uploaded image: crystal-polycarbonate---set-of-2--plastic-chairs-in-weather-brown-colour-by-nilkamal-crystal-polycar-kdvr3z.jpg
[2025-04-05T09:16:48.650Z] ✅ Uploaded image: crystal-polycarbonate---set-of-2--plastic-chairs-in-weather-brown-colour-by-nilkamal-crystal-polycar-cjm59o.jpg
[2025-04-05T09:16:50.610Z] ✅ Uploaded image: crystal-polycarbonate---set-of-2--plastic-chairs-in-weather-brown-colour-by-nilkamal-crystal-polycar-9055bp.jpg
[2025-04-05T09:16:51.991Z] ✅ Uploaded image: crystal-polycarbonate---set-of-2--plastic-chairs-in-weather-brown-colour-by-nilkamal-crystal-polycar-kixie5.jpg
[2025-04-05T09:16:53.893Z] ✅ Uploaded image: crystal_BROWN_PP.jpg
[2025-04-05T09:16:57.444Z] ✅ Uploaded image: crystal_BROWN_PP_Setof4.jpg
[2025-04-05T09:16:59.900Z] ✅ Uploaded image: crystal_BROWN_PP_Setof6.jpg
[2025-04-05T09:17:01.406Z] ✅ Uploaded image: crystal_blk3_8455fc4f-1cbc-4c18-a7d5-45b6aa2e9edb.jpg
[2025-04-05T09:17:02.554Z] ✅ Created: Nilkamal Crystal PP Chairs (Weather Brown Color) (eRwpsf0cFY10llMTdHmnYb)
[2025-04-05T09:17:05.056Z] Processing ith product: 
[2025-04-05T09:17:05.061Z] 
🛒 (3/8) Processing: Nilkamal Crystal PP Chairs (White Color) (nilkamal-crystal-pp-chairs-white-color)
[2025-04-05T09:17:08.209Z] ✅ Uploaded image: SmartSelect_20200603-024845_AliExpress.jpg
[2025-04-05T09:17:10.229Z] ✅ Uploaded image: Crystalpp.jpg
[2025-04-05T09:17:12.529Z] ✅ Uploaded image: Crysta_PP_Chair_red_6ec33add-1778-4631-8e3d-82908abbb88d.jpg
[2025-04-05T09:17:14.625Z] ✅ Uploaded image: Crysta_PP_Chair_99eb7ca2-a3f6-4527-bc0a-3767833929e2.jpg
[2025-04-05T09:17:16.708Z] ✅ Uploaded image: Crysta_PP_Chair_white_2dc99dc6-caef-4039-9ece-1e5b04d070d0.jpg
[2025-04-05T09:17:18.980Z] ✅ Uploaded image: SmartSelect_20200603-024349_AliExpress.jpg
[2025-04-05T09:17:22.032Z] ✅ Uploaded image: SmartSelect_20200603-024454_AliExpress.jpg
[2025-04-05T09:17:24.573Z] ✅ Uploaded image: CRYSTAL_PP_CHAIR_MILKY_WHITE_1_2000x_e130212c-2175-4034-8c1d-4f88e9b71a6f.jpg
[2025-04-05T09:17:26.148Z] ✅ Uploaded image: SmartSelect_20200603-024245_AliExpress.jpg
[2025-04-05T09:17:27.996Z] ✅ Uploaded image: CRYSTAL_PP_CHAIR_MILKY_WHITE_2_2000x_7676f0a7-b23b-4ced-a1e9-872c18312e7b.jpg
[2025-04-05T09:17:29.793Z] ✅ Uploaded image: CRYSTAL_PP_CHAIR_MILKY_WHITE_3_2000x_230837ed-592e-48ef-9798-a3f16a92bb7d.jpg
[2025-04-05T09:17:32.032Z] ✅ Uploaded image: CRYSTAL_PP_CHAIR_MILKY_WHITE_4_2000x_8ffdb48b-899d-40d7-aa00-39986c7129fa.jpg
[2025-04-05T09:17:34.730Z] ✅ Uploaded image: CRYSTAL_PP_MILKY_WHITE_2000x_28d4dfb6-646f-4532-806e-0148a5a214c8.jpg
[2025-04-05T09:17:36.326Z] ✅ Uploaded image: Crysta_PP_Chair_Black_7aee6498-7a9d-4346-85f4-376bdd3ad15f.jpg
[2025-04-05T09:17:38.111Z] ✅ Uploaded image: CRYSTAL_PP_CHAIR_MILKY_WHITE_6_2000x_77f64724-b738-4b4a-b724-c345c2776c6c.jpg
[2025-04-05T09:17:39.281Z] ✅ Created: Nilkamal Crystal PP Chairs (White Color) (RvKg2H7lodOtU53j0yCSuH)
[2025-04-05T09:17:41.783Z] Processing ith product: 
[2025-04-05T09:17:41.785Z] 
🛒 (4/8) Processing: Nilkamal Crystal PP Chairs (Black Color) (nilkamal-crystal-pp-chairs-black-color)
[2025-04-05T09:17:45.125Z] ✅ Uploaded image: CRYSTAL_PP-BLACK-4_2000x_895a5c06-bb75-4477-8801-a4ab1a14d3ba.jpg
[2025-04-05T09:17:47.329Z] ✅ Uploaded image: Crysta_PP_Chair_red_8ffaeae5-d548-465b-b494-d3a95d5f2f61.jpg
[2025-04-05T09:17:49.962Z] ✅ Uploaded image: Crysta_PP_Chair_98bd20f9-2162-4191-8caa-862ff5ecc36d.jpg
[2025-04-05T09:17:52.180Z] ✅ Uploaded image: Crysta_PP_Chair_white_655c7eef-52cd-4620-af9b-b00e57dfac52.jpg
[2025-04-05T09:17:55.477Z] ✅ Uploaded image: Crysta_PP_Chair_Black_6e91c68a-9af5-4529-8b54-f2f46bdd46d6.jpg
[2025-04-05T09:17:57.525Z] ✅ Uploaded image: CRYSTAL_PP-IRON_BLACK-1_2000x_d2aebb74-c032-4d28-91fc-5634fd9c86a9.jpg
[2025-04-05T09:17:59.188Z] ✅ Uploaded image: Nilkamal-Crystal-Plastic-Chair-SDL346357990-5-4864d.jpg
[2025-04-05T09:18:00.924Z] ✅ Uploaded image: crystal-designer-chair-in-black-colour-by-nilkamal-crystal-designer-chair-in-black-colour-by-nilkama-ztokre.jpg
[2025-04-05T09:18:03.227Z] ✅ Uploaded image: Nilkamal-Crystal-Plastic-Chair-SDL346357990-1-e4542.jpg
[2025-04-05T09:18:05.833Z] ✅ Uploaded image: setof2black.jpg
[2025-04-05T09:18:09.105Z] ✅ Uploaded image: setof4black.jpg
[2025-04-05T09:18:11.738Z] ✅ Uploaded image: setof6black.jpg
[2025-04-05T09:18:14.690Z] ✅ Uploaded image: BlackPP_02.jpg
[2025-04-05T09:18:16.561Z] ✅ Uploaded image: crystal_blk3.jpg
[2025-04-05T09:18:17.757Z] ✅ Created: Nilkamal Crystal PP Chairs (Black Color) (eRwpsf0cFY10llMTdHn1UJ)
[2025-04-05T09:18:20.261Z] Processing ith product: 
[2025-04-05T09:18:20.265Z] 
🛒 (5/8) Processing: Nilkamal Crystal PP Chairs (Red Color) (nilkamal-crystal-pp-chairs-red-color)
[2025-04-05T09:18:25.120Z] ✅ Uploaded image: SmartSelect_20200603-024751_AliExpress.jpg
[2025-04-05T09:18:28.207Z] ✅ Uploaded image: SmartSelect_20200603-024631_AliExpress.jpg
[2025-04-05T09:18:30.678Z] ✅ Uploaded image: Crysta_PP_Chair_43061bc1-92f9-44ba-a482-4b962b52a447.jpg
[2025-04-05T09:18:33.859Z] ✅ Uploaded image: Crysta_PP_Chair_red_6959aaa4-c1fb-4a53-949e-dde9b66385ec.jpg
[2025-04-05T09:18:36.089Z] ✅ Uploaded image: Crysta_PP_Chair_white_6fc99c40-a64c-4214-92a4-61ed878dacea.jpg
[2025-04-05T09:18:39.119Z] ✅ Uploaded image: Crysta_PP_Chair_Black_781e2e67-a955-4a12-b49d-abce1a206f93.jpg
[2025-04-05T09:18:42.501Z] ✅ Uploaded image: SmartSelect_20200603-024205_AliExpress.jpg
[2025-04-05T09:18:45.384Z] ✅ Uploaded image: CRYSTAL_PP-BRD-BRIGHT_RED-1_2000x_346b182e-180f-48fa-8781-2f8caf09be9f.jpg
[2025-04-05T09:18:47.755Z] ✅ Uploaded image: CRYSTAL_PP-BRD-BRIGHT_RED-2_2000x_acd83af9-7a92-4e6f-b0c1-c669102b44ca.jpg
[2025-04-05T09:18:49.698Z] ✅ Uploaded image: CRYSTAL_PP-BRD-BRIGHT_RED-3_2000x_f401b8c1-5378-4ad7-b366-60e547d9b843.jpg
[2025-04-05T09:18:51.761Z] ✅ Uploaded image: CRYSTAL_PP-BRD-BRIGHT_RED-4_2000x_b1159018-0783-417b-85fe-a23072ce9706.jpg
[2025-04-05T09:18:54.217Z] ✅ Uploaded image: setof2red_e2e37624-cf29-45d8-a46b-2e368ae7d105.jpg
[2025-04-05T09:18:57.292Z] ✅ Uploaded image: setof4red_1.jpg
[2025-04-05T09:18:59.272Z] ✅ Uploaded image: setof6red.jpg
[2025-04-05T09:19:00.967Z] ✅ Uploaded image: 51J0_k-J-AL._SL1000.jpg
[2025-04-05T09:19:01.950Z] ✅ Created: Nilkamal Crystal PP Chairs (Red Color) (eRwpsf0cFY10llMTdHnBn1)
[2025-04-05T09:19:04.454Z] Processing ith product: 
[2025-04-05T09:19:04.458Z] 
🛒 (6/8) Processing: Nilkamal Crystal PP Chairs (Lime Green Color) (nilkamal-crystal-pp-chairs-lime-green-color)
[2025-04-05T09:19:08.434Z] ✅ Uploaded image: Crysta_PP_Chair_green02.jpg
[2025-04-05T09:19:11.889Z] ✅ Uploaded image: Crysta_PP_Chair_geen01.jpg
[2025-04-05T09:19:14.010Z] ✅ Uploaded image: Crysta_PP_Chair.jpg
[2025-04-05T09:19:17.340Z] ✅ Uploaded image: Crysta_PP_Chair_red.jpg
[2025-04-05T09:19:20.380Z] ✅ Uploaded image: Crysta_PP_Chair_white.jpg
[2025-04-05T09:19:23.264Z] ✅ Uploaded image: Crysta_PP_Chair_Black.jpg
[2025-04-05T09:19:25.365Z] ✅ Uploaded image: CRYSTAL_PP-LIME_GREEN-2_2000x_991c11a0-dc89-49e6-a145-40983b5273b1.jpg
[2025-04-05T09:19:27.732Z] ✅ Uploaded image: CRYSTAL_PP-LIME_GREEN-4_2000x_23db5177-86f3-419f-89f8-ffaac1a5bd37.jpg
[2025-04-05T09:19:29.190Z] ✅ Uploaded image: CRYSTAL_PP-LIME_GREEN-1_2000x_d04e4354-d13a-43bb-b599-b5d9a2ad2717.jpg
[2025-04-05T09:19:32.560Z] ✅ Uploaded image: crystalpp_limegreenSetof2_logo.jpg
[2025-04-05T09:19:34.331Z] ✅ Uploaded image: crystalpp_limegreenSetof4_logo.jpg
[2025-04-05T09:19:36.892Z] ✅ Uploaded image: crystalpp_limegreenSetof6_logo.jpg
[2025-04-05T09:19:39.467Z] ✅ Uploaded image: GREENPP_SIZE.jpg
[2025-04-05T09:19:40.746Z] ✅ Created: Nilkamal Crystal PP Chairs (Lime Green Color) (eRwpsf0cFY10llMTdHnKnt)
[2025-04-05T09:19:43.249Z] Processing ith product: 
[2025-04-05T09:19:43.252Z] 
🛒 (7/8) Processing: Nilkamal Crystal PC Chairs (Umbra Translucent) (nilkamal-premium-poly-carbonate-chairs-set-of-2-lime-green)
[2025-04-05T09:19:46.545Z] ✅ Uploaded image: crystal-designer-chair-in-golden-colour-by-nilkamal-crystal-designer-chair-in-golden-colour-by-nilka-aiee1e.jpg
[2025-04-05T09:19:49.536Z] ✅ Uploaded image: 323194_325291087560964_539945591_o_39512042-ecd3-473e-814c-a7cfd2806bc4.jpg
[2025-04-05T09:19:52.242Z] ✅ Uploaded image: 4.CRYSTAL_PC-UMBRA_2000x_dee6981c-3aac-4a07-a39a-e092908f6e35.jpg
[2025-04-05T09:19:54.379Z] ✅ Uploaded image: Crystalumbrapcsetof4.jpg
[2025-04-05T09:19:56.628Z] ✅ Uploaded image: Crystal_umbra_pc_set_of_2.jpg
[2025-04-05T09:19:59.722Z] ✅ Uploaded image: Crystalumbrapcsetof6.jpg
[2025-04-05T09:20:02.798Z] ✅ Uploaded image: umbra_size.jpg
[2025-04-05T09:20:04.109Z] ✅ Created: Nilkamal Crystal PC Chairs (Umbra Translucent) (eRwpsf0cFY10llMTdHnQ4V)
[2025-04-05T09:20:06.611Z] Processing ith product: 
[2025-04-05T09:20:06.614Z] 
🛒 (8/8) Processing: Nilkamal Crystal PC Chairs (Transparent Red) (nilkamal-premium-polycarbonate-chairs-set-of-2-transparent-red)
[2025-04-05T09:20:11.232Z] ✅ Uploaded image: Crystalredpc.jpg
[2025-04-05T09:20:13.069Z] ✅ Uploaded image: 323194_325291087560964_539945591_o_666073ca-63a5-453d-81d9-c2883396a253.jpg
[2025-04-05T09:20:14.601Z] ✅ Uploaded image: pc_red.jpg
[2025-04-05T09:20:16.302Z] ✅ Uploaded image: 61VMD2_gNTL._SL1000_bc3bdcc2-197d-4d93-b442-aa3806f3ce1d.jpg
[2025-04-05T09:20:18.390Z] ✅ Uploaded image: 61tCtOMsfDL._SL1000.jpg
[2025-04-05T09:20:20.847Z] ✅ Uploaded image: red_PC_971ae8f5-e9e0-4fb4-a2c2-ad715c23c33a.jpg
[2025-04-05T09:20:24.456Z] ✅ Uploaded image: Untitled-1_c23f7d54-fbee-4538-9d5e-a592eaa6a2d5.jpg
[2025-04-05T09:20:26.258Z] ✅ Uploaded image: 61R7U4PnxxL._SL1000_155f3de0-4e3a-4995-bffc-55dbfa56f3d7.jpg
[2025-04-05T09:20:28.428Z] ✅ Uploaded image: Crystalredpcsetof6.jpg
[2025-04-05T09:20:30.944Z] ✅ Uploaded image: Crystalredpcsetof4.jpg
[2025-04-05T09:20:33.955Z] ✅ Uploaded image: 61f71TG3QZL._SL1000_42af62f1-2bac-48ce-8eb2-13a4b3bbee80.jpg
[2025-04-05T09:20:35.171Z] ✅ Created: Nilkamal Crystal PC Chairs (Transparent Red) (RvKg2H7lodOtU53j0yCbWx)
[2025-04-05T09:20:37.673Z] 📦 Page 1 done — 8 product(s) scraped.
[2025-04-05T09:20:40.676Z] 
🔎 Scraping page 2: https://www.homegenic.in/collections/crystal-series-chair?page=2
[2025-04-05T09:20:41.287Z] 📦 Page 2 done — 0 product(s) scraped.
[2025-04-05T09:20:41.287Z] ✅ No more products. Scraping complete.
[2025-04-05T09:20:41.287Z] 🎉 All pages scraped.
