[2025-04-05T08:59:50.568Z] 🚀 Starting full scrape...
[2025-04-05T08:59:50.569Z] 
🔎 Scraping page 1: https://www.homegenic.in/collections/home-essentials?page=1
[2025-04-05T08:59:51.374Z] Processing ith product: 
[2025-04-05T08:59:51.375Z] 
🛒 (1/24) Processing: Nilkamal Inspiron Portable Laptop Table - Walnut (eeezygo-folding-laptop-bed-desk-multipurpose-workstation-walnut-color-medium-size-65-x-32-x-39-in-cm)
[2025-04-05T08:59:51.601Z] ⚠️ Skipping duplicate: eeezygo-folding-laptop-bed-desk-multipurpose-workstation-walnut-color-medium-size-65-x-32-x-39-in-cm
[2025-04-05T08:59:51.601Z] Processing ith product: 
[2025-04-05T08:59:51.603Z] 
🛒 (2/24) Processing: Homegenic Boltless Multi Purpose Adjustable Rack - Laminated MDF shelves (homegenic-boltless-multi-purpose-adjustable-rack-made-in-india)
[2025-04-05T08:59:54.902Z] ✅ Uploaded image: 05..jpg
[2025-04-05T08:59:57.319Z] ✅ Uploaded image: 12_eac88b7e-5dce-4fad-9e9e-3774f1adb08b.jpg
[2025-04-05T09:00:00.581Z] ✅ Uploaded image: s-l1600.jpg
[2025-04-05T09:00:02.351Z] ✅ Uploaded image: IMG-20200912-WA0025.jpg
[2025-04-05T09:00:06.054Z] ✅ Uploaded image: adjustable_d8d10f6c-8971-4a59-86e8-67a0dedd3f4b.jpg
[2025-04-05T09:00:08.518Z] ✅ Uploaded image: IMG-20200912-WA0027.jpg
[2025-04-05T09:00:11.397Z] ✅ Uploaded image: IMG-20200912-WA0002.jpg
[2025-04-05T09:00:13.218Z] ✅ Uploaded image: 01_ebca255d-78a5-453f-9d29-3eea66f24bd4.jpg
[2025-04-05T09:00:15.413Z] ✅ Uploaded image: Package.jpg
[2025-04-05T09:00:17.839Z] ✅ Uploaded image: IMG-20200912-WA0029.jpg
[2025-04-05T09:00:20.938Z] ✅ Uploaded image: XLSize.jpg
[2025-04-05T09:00:24.098Z] ✅ Uploaded image: SSize.jpg
[2025-04-05T09:00:27.094Z] ✅ Uploaded image: MSize.jpg
[2025-04-05T09:00:30.125Z] ✅ Uploaded image: LSize.jpg
[2025-04-05T09:00:33.307Z] ✅ Uploaded image: 3-tierSize.jpg
[2025-04-05T09:00:34.957Z] ✅ Uploaded image: 02_552d7c05-ff2b-45e5-ac23-2a04c967c0dd.jpg
[2025-04-05T09:00:36.853Z] ✅ Uploaded image: 03_bbd7e6ca-b8cb-4ce9-a425-905a91fef52b.jpg
[2025-04-05T09:00:38.415Z] ✅ Uploaded image: 04_29a873fd-3504-4981-90f2-d4821ed461c4.jpg
[2025-04-05T09:00:40.497Z] ✅ Uploaded image: 06_c2d19ab9-d5ca-45bb-bd52-a1836743f08e.jpg
[2025-04-05T09:00:42.887Z] ✅ Uploaded image: 07_4033f48e-ec56-4bf7-87db-c40a38c5c7fa.jpg
[2025-04-05T09:00:45.236Z] ✅ Uploaded image: 08_eb1c87c6-a78a-4efb-b560-4890c2a72688.jpg
[2025-04-05T09:00:47.665Z] ✅ Uploaded image: 10_7cffeaf3-22db-4f2b-a0b4-1ba321e99b50.jpg
[2025-04-05T09:00:49.672Z] ✅ Uploaded image: 11.jpg
[2025-04-05T09:00:52.274Z] ✅ Uploaded image: 13.jpg
[2025-04-05T09:00:54.034Z] ✅ Uploaded image: IMG-20200912-WA0000.jpg
[2025-04-05T09:00:57.366Z] ✅ Uploaded image: IMG-20200912-WA0003.jpg
[2025-04-05T09:00:59.814Z] ✅ Uploaded image: IMG-20200912-WA0022.jpg
[2025-04-05T09:01:02.692Z] ✅ Uploaded image: IMG-20200912-WA0023.jpg
[2025-04-05T09:01:04.519Z] ✅ Uploaded image: IMG-20200912-WA0024.jpg
[2025-04-05T09:01:07.638Z] ✅ Uploaded image: IMG-20200912-WA0026.jpg
[2025-04-05T09:01:10.096Z] ✅ Uploaded image: rs_w_555px_m_cg_true_5.jpg
[2025-04-05T09:01:12.942Z] ✅ Uploaded image: Setof2_b729c27b-7ebd-4b74-aa73-7825d5f27bdf.jpg
[2025-04-05T09:01:15.781Z] ✅ Uploaded image: Setof4_01.jpg
[2025-04-05T09:01:17.298Z] ✅ Created: Homegenic Boltless Multi Purpose Adjustable Rack - Laminated MDF shelves (NAyt17tvF8Uyd8nWvGQufS)
[2025-04-05T09:01:19.801Z] Processing ith product: 
[2025-04-05T09:01:19.816Z] 
🛒 (3/24) Processing: Nilkamal Stackable Storage Box 50 Ltr with Wheels (Orange-Yellow) (nilkamal-stackable-storage-box-50-ltr-with-wheels-orange-yellow-1-pc)
[2025-04-05T09:01:22.302Z] ✅ Uploaded image: ORNG_YLW_06.jpg
[2025-04-05T09:01:24.796Z] ✅ Uploaded image: 20180222_193658.jpg
[2025-04-05T09:01:26.942Z] ✅ Uploaded image: 50-30-20-10-Litre-Stackable-Plastic-Storage-_1.jpg
[2025-04-05T09:01:29.958Z] ✅ Uploaded image: ORNG_YLW_03.jpg
[2025-04-05T09:01:33.268Z] ✅ Uploaded image: ORNG_YLW_02.jpg
[2025-04-05T09:01:36.265Z] ✅ Uploaded image: ORNG_YLW_04.jpg
[2025-04-05T09:01:39.538Z] ✅ Uploaded image: ORNG_YLW_05.jpg
[2025-04-05T09:01:42.347Z] ✅ Uploaded image: ORNG_YLW_size.jpg
[2025-04-05T09:01:43.322Z] ✅ Created: Nilkamal Stackable Storage Box 50 Ltr with Wheels (Orange-Yellow) (NAyt17tvF8Uyd8nWvGQxOo)
[2025-04-05T09:01:45.824Z] Processing ith product: 
[2025-04-05T09:01:45.828Z] 
🛒 (4/24) Processing: Nilkamal Gem Plastic Cabinet With Mirror (nilkamal-gem-plastic-cabinet-with-mirror)
[2025-04-05T09:01:48.373Z] ✅ Uploaded image: GEMMCABINETMRN_LS1_800x_52a71e10-6565-4fb1-bbd8-444e2934271b.jpg
[2025-04-05T09:01:50.239Z] ✅ Uploaded image: GEMMCABINETIVR_LS_800x_e54ee3b4-33dc-4bc8-8203-76e563998067.jpg
[2025-04-05T09:01:52.637Z] ✅ Uploaded image: GEMMCABINETBLK_LS1_800x_c71a44e4-9026-40ac-bb19-7b2e3cdcb538.jpg
[2025-04-05T09:01:54.852Z] ✅ Uploaded image: GEM-MAROON_GEMMCABINETMRN_2_800x_e712f17b-aff3-43e2-a8c2-ef936066d511.jpg
[2025-04-05T09:01:57.998Z] ✅ Uploaded image: GEM-IVORY_GEMMCABINETIVR_2_800x_0c591b03-57d6-4621-8e9c-ff7f6ad0d35c.jpg
[2025-04-05T09:02:00.310Z] ✅ Uploaded image: GEM-MAROON_GEMMCABINETMRN_3_800x_165bbc25-b0dc-4b77-882c-1a85817f7f88.jpg
[2025-04-05T09:02:01.702Z] ✅ Uploaded image: GEM-BLACK_GEMMCABINETBLK_2_800x_715a31d7-6144-43dd-8e12-0f0ad5618c8f.jpg
[2025-04-05T09:02:04.120Z] ✅ Uploaded image: GEM-IVORY_GEMMCABINETIVR_3_800x_33cad6d4-f207-4c28-8740-f7fd94f3b6ac.jpg
[2025-04-05T09:02:06.371Z] ✅ Uploaded image: GEM-BLACK_GEMMCABINETBLK_3_800x_ff105f8a-6c9c-4933-82a7-0ea36f57daa6.jpg
[2025-04-05T09:02:08.673Z] ✅ Uploaded image: GEM-MAROON_GEMMCABINETMRN_1_800x_77ce1daa-0974-406e-ad1c-fab6f312181d.jpg
[2025-04-05T09:02:10.690Z] ✅ Uploaded image: GEM-IVORY_GEMMCABINETIVR_1_800x_552d4e46-421c-4d74-bbfe-e12ec5e67bd8.jpg
[2025-04-05T09:02:13.113Z] ✅ Uploaded image: GEM-BLACK_GEMMCABINETBLK_1_800x_ee53bf8a-5cbc-4bc9-83eb-ea567d8253bd.jpg
[2025-04-05T09:02:15.649Z] ✅ Uploaded image: GEM-BLACK_GEMMCABINETBLK_4_800x_8dd235e2-0778-4717-b588-994a773ab8d7.jpg
[2025-04-05T09:02:17.378Z] ✅ Uploaded image: GEM-MAROON_GEMMCABINETMRN_4_800x_810af391-2850-4e0e-8637-7ad392112399.jpg
[2025-04-05T09:02:19.780Z] ✅ Uploaded image: GEM-IVORY_GEMMCABINETIVR_4_800x_62484f90-09c5-4550-bb58-cf1755bf125b.jpg
[2025-04-05T09:02:20.826Z] ✅ Created: Nilkamal Gem Plastic Cabinet With Mirror (eRwpsf0cFY10llMTdHj0xR)
[2025-04-05T09:02:23.329Z] Processing ith product: 
[2025-04-05T09:02:23.332Z] 
🛒 (5/24) Processing: Nilkamal Blooms Plastic Wall Mount 2 Door Corner Cabinet (nilkamal-2-door-corner-cabinet-ivory)
[2025-04-05T09:02:27.084Z] ✅ Uploaded image: 1_4bc66a48-b5d2-4de4-b459-ff22451de622.jpg
[2025-04-05T09:02:28.973Z] ✅ Uploaded image: CORNER_CABINET-2D-MAROON_CC2DMRN_LS1_800x_fc391fa2-6e9d-4a31-8164-e033ff6b1407.jpg
[2025-04-05T09:02:31.460Z] ✅ Uploaded image: Nilkamal-Corner-Cabinet---2-Door-White-Color-CC2DMRN4_62e1dc63-18a4-4e30-b05f-39f0a5075704.jpg
[2025-04-05T09:02:32.878Z] ✅ Uploaded image: Nilkamal-Corner-Cabinet---2-Door-White-Color-CC2DIVR1.jpg
[2025-04-05T09:02:34.845Z] ✅ Uploaded image: Nilkamal-Corner-Cabinet---2-Door-White-Color-CC2DMRN1.jpg
[2025-04-05T09:02:36.786Z] ✅ Uploaded image: CORNER_CABINET-2D-IVORY_CC2DIVR_1_800x_ba23f8e1-e521-49a4-86c8-381e91571cb7.jpg
[2025-04-05T09:02:40.363Z] ✅ Uploaded image: CORNER_CABINET-2D-MAROON_CC2DMRN_1_800x_4c5739c9-41ff-4553-a702-44cb465bb120.jpg
[2025-04-05T09:02:44.310Z] ✅ Uploaded image: CORNER_CABINET-2D-MAROON_CC2DMRN_2_800x_0b5b7c8c-407b-4b07-a2d0-019daedd07a3.jpg
[2025-04-05T09:02:46.511Z] ✅ Uploaded image: CORNER_CABINET-2D-IVORY_CC2DIVR_2_800x_0cef6e14-fe56-49bf-9f72-cad2c72006c0.jpg
[2025-04-05T09:02:48.246Z] ✅ Uploaded image: CORNER_CABINET-2D-MAROON_CC2DMRN_3_800x_6d442d19-1b49-46b7-a632-3e698ade0725.jpg
[2025-04-05T09:02:50.443Z] ✅ Uploaded image: CORNER_CABINET-2D-IVORY_CC2DIVR_3_800x_37119b32-d84b-4da1-81b0-1fc4d573680e.jpg
[2025-04-05T09:02:52.250Z] ✅ Uploaded image: Nilkamal-Corner-Cabinet---2-Door-White-Color-CC2DIVR4.jpg
[2025-04-05T09:02:53.243Z] ✅ Created: Nilkamal Blooms Plastic Wall Mount 2 Door Corner Cabinet (NAyt17tvF8Uyd8nWvGR5ZW)
[2025-04-05T09:02:55.745Z] Processing ith product: 
[2025-04-05T09:02:55.748Z] 
🛒 (6/24) Processing: Homegenic Air Vented Multi-Function Folding Portable Table Stand for Laptops (13" to 15" Laptop) (homegenic-laptop-buddy-anodized-aluminium-lightweight-ergonomic-portable-folding-laptop-stand-holder-cooling-bracket-for-13-to-15-laptop)
[2025-04-05T09:02:58.858Z] ✅ Uploaded image: 617qwkaI1FL._SL1200.jpg
[2025-04-05T09:03:00.843Z] ✅ Uploaded image: 01_4d9205aa-dae4-4bcf-9e40-0830ab0f7370.jpg
[2025-04-05T09:03:02.888Z] ✅ Uploaded image: 02_c13c4064-2ce0-48bf-80f4-7e960c19a0f5.jpg
[2025-04-05T09:03:06.287Z] ✅ Uploaded image: 03_7459f4b1-76e0-4865-936e-f496e7ded8cb.jpg
[2025-04-05T09:03:08.224Z] ✅ Uploaded image: 51NkTvZSjBL.jpg
[2025-04-05T09:03:10.796Z] ✅ Uploaded image: 61SdlQDXmWL._SL1137.jpg
[2025-04-05T09:03:13.653Z] ✅ Uploaded image: 61Z_lYqtdCL._SL1200.jpg
[2025-04-05T09:03:16.344Z] ✅ Uploaded image: 71TY0hiBGrL._SL1500.jpg
[2025-04-05T09:03:18.950Z] ✅ Uploaded image: CCI12016.jpg
[2025-04-05T09:03:20.269Z] ✅ Created: Homegenic Air Vented Multi-Function Folding Portable Table Stand for Laptops (13" to 15" Laptop) (eRwpsf0cFY10llMTdHjFMB)
[2025-04-05T09:03:22.771Z] Processing ith product: 
[2025-04-05T09:03:22.775Z] 
🛒 (7/24) Processing: Nilkamal Stackable Storage Box 50 Ltr with Wheels (Blue & Red) (nilkamal-stackable-storage-box-50-ltr-with-wheels-blue-red-1-pc)
[2025-04-05T09:03:25.531Z] ✅ Uploaded image: STRGE_BOX_50LTR_PEPSI_BLUE-GEM_RED_SBPLA50LPBL-GER_02_800x_19f62dc4-1035-4b85-ac1c-afe9040d95b3.jpg
[2025-04-05T09:03:28.591Z] ✅ Uploaded image: stackable.jpg
[2025-04-05T09:03:30.891Z] ✅ Uploaded image: STRGE_BOX_50LTR_PEPSI_BLUE-GEM_RED_SBPLA50LPBL-GER_03_800x_64ea4509-6b93-4039-9983-1c9872fbae9a.jpg
[2025-04-05T09:03:32.905Z] ✅ Uploaded image: STRGE_BOX_50LTR_PEPSI_BLUE-GEM_RED_SBPLA50LPBL-GER_04_800x_110de838-c8af-407e-a61d-5e5506af4ff6.jpg
[2025-04-05T09:03:35.370Z] ✅ Uploaded image: pbl_brd_4.jpg
[2025-04-05T09:03:37.521Z] ✅ Uploaded image: ORNG_YLW_size_1b3a1d38-4b18-4ebd-8c45-35778d2c78a5.jpg
[2025-04-05T09:03:39.557Z] ✅ Uploaded image: STRGE_BOX_50LTR_PEPSI_BLUE-GEM_RED_SBPLA50LPBL-GER_06_800x_bbe3dca6-d4c8-4438-8ee4-7ff743f35a33.jpg
[2025-04-05T09:03:41.166Z] ✅ Uploaded image: STRGE_BOX_50LTR_PEPSI_BLUE-GEM_RED_SBPLA50LPBL-GER_05_800x_70f818c9-7ddf-446f-ac7e-5244d76c0852.jpg
[2025-04-05T09:03:43.142Z] ✅ Uploaded image: wheel.jpg
[2025-04-05T09:03:45.802Z] ✅ Uploaded image: pbl_brd_5.jpg
[2025-04-05T09:03:47.989Z] ✅ Uploaded image: pbl_brd_6_wheel.jpg
[2025-04-05T09:03:49.798Z] ✅ Uploaded image: STRGE_BOX_50LTR_PEPSI_BLUE-GEM_RED_SBPLA50LPBL-GER_07_800x_f5efe824-ec08-4b91-ac60-8234cc0598a3.jpg
[2025-04-05T09:03:51.134Z] ✅ Created: Nilkamal Stackable Storage Box 50 Ltr with Wheels (Blue & Red) (eRwpsf0cFY10llMTdHjKKe)
[2025-04-05T09:03:53.637Z] Processing ith product: 
[2025-04-05T09:03:53.640Z] 
🛒 (8/24) Processing: Nilkamal Blooms Plastic Wall Mount 3 Door Corner Cabinet (nilkamal-3-door-corner-cabinet-ivory)
[2025-04-05T09:03:56.610Z] ✅ Uploaded image: CORNER_CABINET-3D-MAROON_CC3DMRN_LS1_800x_0b345f44-6f2c-4d6e-be86-05fff18e7b0c.jpg
[2025-04-05T09:04:00.746Z] ✅ Uploaded image: 71QU-JRYD9L._SL1500.jpg
[2025-04-05T09:04:02.629Z] ✅ Uploaded image: CORNER_CABINET-3D-MAROON_CC3DMRN_1_800x_3044a780-e73d-47ea-9484-ffac2918936e.jpg
[2025-04-05T09:04:04.704Z] ✅ Uploaded image: 41srn6jWX9L.jpg
[2025-04-05T09:04:06.874Z] ✅ Uploaded image: CORNER_CABINET-3D-IVORY_CC3DIVR_1_800x_587267c2-e6f7-4191-86c3-12d9a418efbb.jpg
[2025-04-05T09:04:08.592Z] ✅ Uploaded image: 51hpthH8blL.jpg
[2025-04-05T09:04:11.064Z] ✅ Uploaded image: CORNER_CABINET-3D-MAROON_CC3DMRN_3_800x_31cfe574-dc4d-483b-a36b-a92a6d65afc3.jpg
[2025-04-05T09:04:12.652Z] ✅ Uploaded image: 61o5_k9nmOL._SL1500.jpg
[2025-04-05T09:04:14.118Z] ✅ Uploaded image: CORNER_CABINET-3D-IVORY_CC3DIVR_2_800x_dd007f59-de7d-4d14-83be-e22d9e5d355e.jpg
[2025-04-05T09:04:16.615Z] ✅ Uploaded image: CORNER_CABINET-3D-MAROON_CC3DMRN_2_800x_33269387-9679-4ac8-a6a5-ce073a881792.jpg
[2025-04-05T09:04:18.051Z] ✅ Uploaded image: CORNER_CABINET-3D-IVORY_CC3DIVR_3_800x_b524829e-2525-422d-93ae-b73211ad7730.jpg
[2025-04-05T09:04:20.210Z] ✅ Uploaded image: CORNER_CABINET-3D-MAROON_CC3DMRN_4_800x_fd2e19cf-21bc-41b5-9b04-be84f36abaa4.jpg
[2025-04-05T09:04:21.993Z] ✅ Uploaded image: CORNER_CABINET-3D-IVORY_CC3DIVR_4_800x_0a462223-f5b5-4742-9e20-62c554fc37ab.jpg
[2025-04-05T09:04:23.385Z] ✅ Created: Nilkamal Blooms Plastic Wall Mount 3 Door Corner Cabinet (RvKg2H7lodOtU53j0yBt6x)
[2025-04-05T09:04:25.888Z] Processing ith product: 
[2025-04-05T09:04:25.891Z] 
🛒 (9/24) Processing: Italica Sunlounger Recliner (Matte Finish, White) (italica-sunlounger-recliner-matte-finish-white)
[2025-04-05T09:04:29.065Z] ✅ Uploaded image: 51cyZbT7G1L.jpg
[2025-04-05T09:04:33.450Z] ✅ Uploaded image: SmartSelect_20200831-130642_Instagram.jpg
[2025-04-05T09:04:36.081Z] ✅ Uploaded image: SmartSelect_20200831-130721_Instagram.jpg
[2025-04-05T09:04:39.369Z] ✅ Uploaded image: c67e18be293e4f75afbde3df04874773.thumbnail.0000000.jpg
[2025-04-05T09:04:42.431Z] ✅ Uploaded image: SmartSelect_20200831-132352_Instagram.jpg
[2025-04-05T09:04:45.206Z] ✅ Uploaded image: SmartSelect_20200831-131059_Instagram.jpg
[2025-04-05T09:04:47.555Z] ✅ Uploaded image: 71CxnJq1WUL._SL1500.jpg
[2025-04-05T09:04:49.333Z] ✅ Uploaded image: 71EJCIjuFuL._SL1500.jpg
[2025-04-05T09:04:51.645Z] ✅ Uploaded image: 71FfwXG61SL._SL1500.jpg
[2025-04-05T09:04:54.207Z] ✅ Uploaded image: 71JSQ7oHKNL._SL1500.jpg
[2025-04-05T09:04:56.522Z] ✅ Uploaded image: 71VkuncRQnL._SL1500.jpg
[2025-04-05T09:04:59.256Z] ✅ Uploaded image: 710jF2BSPNL._SL1500.jpg
[2025-04-05T09:05:01.024Z] ✅ Uploaded image: 51rJ-vt_MaL.jpg
[2025-04-05T09:05:02.347Z] ✅ Created: Italica Sunlounger Recliner (Matte Finish, White) (RvKg2H7lodOtU53j0yBv6L)
[2025-04-05T09:05:04.849Z] Processing ith product: 
[2025-04-05T09:05:04.852Z] 
🛒 (10/24) Processing: Italica Food Serving Trolley (Glossy Finish, White) (italica-food-serving-trolley-glossy-finish-white)
[2025-04-05T09:05:09.626Z] ✅ Uploaded image: Screenshot2023-08-28194946.png
[2025-04-05T09:05:11.749Z] ✅ Uploaded image: 4122adI3S-L.jpg
[2025-04-05T09:05:13.836Z] ✅ Uploaded image: a51259f8a40d4e4590e0f908f77452cf.thumbnail.0000000.jpg
[2025-04-05T09:05:16.894Z] ✅ Uploaded image: Screenshot2023-08-28195007.png
[2025-04-05T09:05:20.305Z] ✅ Uploaded image: 71NMWvoov1L._SL1500.jpg
[2025-04-05T09:05:22.781Z] ✅ Uploaded image: 71OPT81Ih3L._SL1500.jpg
[2025-04-05T09:05:24.560Z] ✅ Uploaded image: 71SDwOh2KNL._SL1500.jpg
[2025-04-05T09:05:27.218Z] ✅ Uploaded image: 71eCPCZoUUL._SL1500.jpg
[2025-04-05T09:05:29.259Z] ✅ Uploaded image: 81B5DeAAgEL._SL1500.jpg
[2025-04-05T09:05:30.362Z] ✅ Created: Italica Food Serving Trolley (Glossy Finish, White) (NAyt17tvF8Uyd8nWvGRD5a)
[2025-04-05T09:05:32.865Z] Processing ith product: 
[2025-04-05T09:05:32.868Z] 
🛒 (11/24) Processing: Nilkamal Vesta Stepper Ladder for Home and Kitchen (nilkamal-vesta-3-step-ladder-black-and-white)
[2025-04-05T09:05:34.999Z] ✅ Uploaded image: Stepper5Stepladder.jpg
[2025-04-05T09:05:37.583Z] ✅ Uploaded image: 51dwrLFzeUL._SL1000_68e82dcd-5b61-4305-847d-ccbdfee8257a.jpg
[2025-04-05T09:05:39.926Z] ✅ Uploaded image: 61N62J1UvBL._SL1500.jpg
[2025-04-05T09:05:42.393Z] ✅ Uploaded image: 61rdQ4Z7_3L._SL1500.jpg
[2025-04-05T09:05:44.665Z] ✅ Uploaded image: 61hoazl_CIL._SL1500.jpg
[2025-04-05T09:05:46.527Z] ✅ Uploaded image: 71z-58BXRwL._SL1500.jpg
[2025-04-05T09:05:48.072Z] ✅ Uploaded image: 51EOWQExkQL._SL1000_eb40ceff-76bf-4f52-9efb-2045bd9c4b38.jpg
[2025-04-05T09:05:50.496Z] ✅ Uploaded image: 51Ky094zAVL._SL1000_d318a7fa-4c0c-45ec-b846-90b40f79fc1e.jpg
[2025-04-05T09:05:52.092Z] ✅ Uploaded image: 51Tf5g8BXvL._SL1000_dd67ddd2-d111-42ad-8aeb-05bb39021ad3.jpg
[2025-04-05T09:05:53.821Z] ✅ Uploaded image: 513ztlG7XhL._SL1000_a7f2e14d-4a9d-404f-9d1e-151a5ece4c06.jpg
[2025-04-05T09:05:55.749Z] ✅ Uploaded image: 71pVfKWOIgL._SL1500.jpg
[2025-04-05T09:05:57.625Z] ✅ Uploaded image: 5136HhGKnVL._SL1000_3aa90710-b195-42dc-860c-b82c09fa3518.jpg
[2025-04-05T09:05:58.518Z] ✅ Created: Nilkamal Vesta Stepper Ladder for Home and Kitchen (RvKg2H7lodOtU53j0yBwoj)
[2025-04-05T09:06:01.021Z] Processing ith product: 
[2025-04-05T09:06:01.024Z] 
🛒 (12/24) Processing: Nilkamal Adapt Folding Laptop Bed Desk Table (nilkamal-adapt-folding-laptop-bed-desk-table)
[2025-04-05T09:06:01.208Z] ⚠️ Skipping duplicate: nilkamal-adapt-folding-laptop-bed-desk-table
[2025-04-05T09:06:01.210Z] Processing ith product: 
[2025-04-05T09:06:01.211Z] 
🛒 (13/24) Processing: Homegenic Multipurpose Trolly Racks Big 4 shelves with Wheels (homegenic-trolly-racks-big-small-4-shelves-with-wheels)
[2025-04-05T09:06:05.518Z] ✅ Uploaded image: ivorybig.jpg
[2025-04-05T09:06:07.904Z] ✅ Uploaded image: SmartSelect_20191214-173144_Alibabacom.jpg
[2025-04-05T09:06:11.218Z] ✅ Uploaded image: Ivory_10_9a1fe440-e799-4ade-b044-b334eb133253.jpg
[2025-04-05T09:06:13.321Z] ✅ Uploaded image: 45_89fa22be-5112-49c1-abcd-d732d41a30d9.jpg
[2025-04-05T09:06:16.945Z] ✅ Uploaded image: 96_7ea30364-541f-49ec-93dd-6e22ed3f90dd.jpg
[2025-04-05T09:06:20.320Z] ✅ Uploaded image: Ivory_small_865ca6e9-4111-4053-b82c-090ea67512b8.jpg
[2025-04-05T09:06:22.404Z] ✅ Uploaded image: Big_size_7f62b667-038e-428b-ab65-0bff27b1660c.jpg
[2025-04-05T09:06:25.422Z] ✅ Uploaded image: 86_797b21c0-b06a-4a12-b705-03184bc946b4.jpg
[2025-04-05T09:06:28.907Z] ✅ Uploaded image: 87_ab954914-bbe9-4f84-8ba7-0650faedd0b3.jpg
[2025-04-05T09:06:31.589Z] ✅ Uploaded image: Ivory_Big_02_9c815ef1-710a-43aa-8567-82920eb15cd2.jpg
[2025-04-05T09:06:34.115Z] ✅ Uploaded image: RDB_BIG_Set_of_2_9b8f7001-23dc-450d-b129-c9aab9c3aad0.jpg
[2025-04-05T09:06:37.632Z] ✅ Uploaded image: Ivory_Set_of_2_ff0a3f65-ca8a-4e1a-8436-659c83f6bed9.jpg
[2025-04-05T09:06:41.209Z] ✅ Uploaded image: RDB_BIG_02_09a67cb9-68b8-426e-b38b-6b6c8e7fb2d2.jpg
[2025-04-05T09:06:42.531Z] ✅ Created: Homegenic Multipurpose Trolly Racks Big 4 shelves with Wheels (NAyt17tvF8Uyd8nWvGRJfO)
[2025-04-05T09:06:45.034Z] Processing ith product: 
[2025-04-05T09:06:45.037Z] 
🛒 (14/24) Processing: Nilkamal Crates for Vegetable and Fruits (nilkamal-for-vegetable-and-fruits)
[2025-04-05T09:06:47.442Z] ✅ Uploaded image: Fullscreencapture20-09-2020164308.jpg
[2025-04-05T09:06:49.427Z] ✅ Uploaded image: download.jpg
[2025-04-05T09:06:51.634Z] ✅ Uploaded image: Fullscreencapture30.4.18235806.jpg
[2025-04-05T09:06:54.004Z] ✅ Uploaded image: vegetables_b.jpg
[2025-04-05T09:06:55.648Z] ✅ Uploaded image: horticulture-crates-500x500.jpg
[2025-04-05T09:06:58.592Z] ✅ Uploaded image: Setof2_f2fe712b-dcbb-4786-b443-db2eb5f067e4.jpg
[2025-04-05T09:07:00.055Z] ✅ Uploaded image: SIZE_6a93390c-5408-4acb-9407-35b4642d8477.jpg
[2025-04-05T09:07:00.571Z] ✅ Created: Nilkamal Crates for Vegetable and Fruits (RvKg2H7lodOtU53j0yC1ID)
[2025-04-05T09:07:03.074Z] Processing ith product: 
[2025-04-05T09:07:03.077Z] 
🛒 (15/24) Processing: Nilkamal Multipurpose Rack 03 for Home and Kitchen (nilkamal-khaki-shoe-racks-3-step)
[2025-04-05T09:07:05.819Z] ✅ Uploaded image: Multipurpose_Rack_03_MARBLE_BEIGE_MULTIRACK3MBG_LS_800x_b8e79565-be3a-45e6-be27-477769ccda89.jpg
[2025-04-05T09:07:08.368Z] ✅ Uploaded image: MULTIPURPOSE_RACK_3_MAROON_MULTIRACK3MRN_LS_800x_f4b73308-770a-4690-9caf-f0919199cc3a.jpg
[2025-04-05T09:07:09.950Z] ✅ Uploaded image: Multipurpose_Rack_03_MARBLE_BEIGE_MULTIRACK3MBG_01_800x_1.jpg
[2025-04-05T09:07:11.996Z] ✅ Uploaded image: Multipurpose_Rack_03_MARBLE_BEIGE_MULTIRACK3MBG_03_800x_dcfed146-3ef7-462e-ac08-c7b81f20f4c0.jpg
[2025-04-05T09:07:14.292Z] ✅ Uploaded image: MULTIPURPOSE_RACK_3_MAROON_MULTIRACK3MRN_01_800x_ef560c32-5b03-4148-b976-c81e30a1598d.jpg
[2025-04-05T09:07:16.278Z] ✅ Uploaded image: Multipurpose_Rack_03_MARBLE_BEIGE_MULTIRACK3MBG_04_800x_f7d0c304-953f-4543-a681-16151ea8b886.jpg
[2025-04-05T09:07:18.057Z] ✅ Uploaded image: MULTIPURPOSE_RACK_3_MAROON_MULTIRACK3MRN_03_800x_4dbb7362-a1ff-4757-abab-6ced9e367fe0.jpg
[2025-04-05T09:07:19.809Z] ✅ Uploaded image: Multipurpose_Rack_03_MARBLE_BEIGE_MULTIRACK3MBG_05_800x_c4ff109b-5a04-4dc9-83ed-2d9ca1ead49b.jpg
[2025-04-05T09:07:22.176Z] ✅ Uploaded image: MULTIPURPOSE_RACK_3_MAROON_MULTIRACK3MRN_04_800x_bbb6fa33-b124-4104-9d41-91b085c1425c.jpg
[2025-04-05T09:07:23.952Z] ✅ Uploaded image: MULTIPURPOSE_RACK_3_MAROON_MULTIRACK3MRN_05_800x_b3e9e308-fe84-430c-9858-2335800e7394.jpg
[2025-04-05T09:07:26.486Z] ✅ Uploaded image: Multipurpose_Rack_03_MARBLE_BEIGE_MULTIRACK3MBG_02_800x_2106e7d6-10c7-4164-a0d9-341061e31bfd.jpg
[2025-04-05T09:07:28.220Z] ✅ Uploaded image: MULTIPURPOSE_RACK_3_MAROON_MULTIRACK3MRN_06_800x_46be9b3e-e484-4a4e-972e-b5ab1fbd82ef.jpg
[2025-04-05T09:07:29.981Z] ✅ Uploaded image: MULTIPURPOSE_RACK_3_MAROON_MULTIRACK3MRN_07_800x_fbe5206a-91b2-423f-9e09-eda3d4d3628d.jpg
[2025-04-05T09:07:31.675Z] ✅ Uploaded image: Multipurpose_Rack_03_MARBLE_BEIGE_MULTIRACK3MBG_01_800x_14007df6-2c6b-4ba9-afbd-152397a25bae.jpg
[2025-04-05T09:07:33.941Z] ✅ Uploaded image: MULTIPURPOSE_RACK_3_MAROON_MULTIRACK3MRN_08_800x_68a69ab2-dc13-4db5-9b23-b867d2829b16.jpg
[2025-04-05T09:07:36.618Z] ✅ Uploaded image: MULTIPURPOSE_RACK_3_MAROON_MULTIRACK3MRN_02_800x_783762af-73dd-4498-9c72-9cdc500b08d9.jpg
[2025-04-05T09:07:38.592Z] ✅ Uploaded image: Multipurpose_Rack_03_MARBLE_BEIGE_MULTIRACK3MBG_06_800x_4478ee64-de1f-466b-af64-2d1ab3c6bcdc.jpg
[2025-04-05T09:07:39.672Z] ✅ Created: Nilkamal Multipurpose Rack 03 for Home and Kitchen (NAyt17tvF8Uyd8nWvGRZNW)
[2025-04-05T09:07:42.175Z] Processing ith product: 
[2025-04-05T09:07:42.177Z] 
🛒 (16/24) Processing: Nilkamal Multipurpose Rack 04 for Home and Kitchen (nilkamal-multipurpose-rack-04-for-home-and-kitchen)
[2025-04-05T09:07:44.670Z] ✅ Uploaded image: MULTIPURPOSE_RACK_4_MAROON_MULTIRACK4MRN_LS_800x_4fe88870-f57c-4f04-aef6-8acf6fce812b.jpg
[2025-04-05T09:07:46.839Z] ✅ Uploaded image: multirack4mrn-fk-nilkamal-original-imafz5ekzeumpahy.jpg
[2025-04-05T09:07:50.150Z] ✅ Uploaded image: multipurpose-rack-04-in-marble-beige-colour-by-nilkamal-multipurpose-rack-04-in-marble-beige-colour1.jpg
[2025-04-05T09:07:51.911Z] ✅ Uploaded image: MULTIPURPOSE_RACK_4_MAROON_MULTIRACK4MRN_01_800x_8c5efbae-5a73-4399-8cf6-13535c401be5.jpg
[2025-04-05T09:07:54.363Z] ✅ Uploaded image: multipurpose-rack-04-in-marble-beige-colour-by-nilkamal-multipurpose-rack-04-in-marble-beige-colour.jpg
[2025-04-05T09:07:56.359Z] ✅ Uploaded image: multipurpose-rack-04-in-marble-beige-colour-by-nilkamal-multipurpose-rack-04-in-marble-beige-colou.jpg
[2025-04-05T09:07:57.937Z] ✅ Uploaded image: MULTIPURPOSE_RACK_4_MAROON_MULTIRACK4MRN_02_800x_9f750cdf-0597-415c-8ebc-837e87482cb2.jpg
[2025-04-05T09:07:59.859Z] ✅ Uploaded image: multipurpose-rack-04-in-marble-beige-colour-by-nilkamal-multipurpose-rack-04-in-marble-beige-c_5.jpg
[2025-04-05T09:08:01.555Z] ✅ Uploaded image: MULTIPURPOSE_RACK_4_MAROON_MULTIRACK4MRN_03_800x_eccf99f2-a3d5-4cd3-aec1-cb0cde28a4e3.jpg
[2025-04-05T09:08:03.557Z] ✅ Uploaded image: multipurpose-rack-04-in-marble-beige-colour-by-nilkamal-multipurpose-rack-04-in-marble-beige-c_1.jpg
[2025-04-05T09:08:06.335Z] ✅ Uploaded image: MULTIPURPOSE_RACK_4_MAROON_MULTIRACK4MRN_04_800x_3e0006b4-813b-46a2-9b5f-e97f3006367d.jpg
[2025-04-05T09:08:08.507Z] ✅ Uploaded image: multipurpose-rack-04-in-marble-beige-colour-by-nilkamal-multipurpose-rack-04-in-marble-beige-co_1.jpg
[2025-04-05T09:08:10.602Z] ✅ Uploaded image: MULTIPURPOSE_RACK_4_MAROON_MULTIRACK4MRN_05_800x_56ffe72d-5614-4473-b35b-e122fe79328d.jpg
[2025-04-05T09:08:12.436Z] ✅ Uploaded image: MULTIPURPOSE_RACK_4_MAROON_MULTIRACK4MRN_08_800x_df41e682-0b7c-40be-a6a3-0183c56af906.jpg
[2025-04-05T09:08:15.162Z] ✅ Uploaded image: multipurpose-rack-04-in-marble-beige-colour-by-nilkamal-multipurpose-rack-04-in-marble-beige-c_3.jpg
[2025-04-05T09:08:16.961Z] ✅ Uploaded image: multipurpose-rack-04-in-marble-beige-colour-by-nilkamal-multipurpose-rack-04-in-marble-beige-c_2.jpg
[2025-04-05T09:08:18.392Z] ✅ Uploaded image: multirack4mrn-fk-nilkamal-original-imafb4j7q5hpnfnf.jpg
[2025-04-05T09:08:19.797Z] ✅ Created: Nilkamal Multipurpose Rack 04 for Home and Kitchen (NAyt17tvF8Uyd8nWvGRnW6)
[2025-04-05T09:08:22.298Z] Processing ith product: 
[2025-04-05T09:08:22.301Z] 
🛒 (17/24) Processing: Baseus Magnetic Car Mobile holder with cable clip 360 Rotate (baseus-magnetic-air-vent-car-mount-mobile-holder-with-cable-clip-360-rotate)
[2025-04-05T09:08:25.203Z] ✅ Uploaded image: HTB1GNLWcUgQMeJjy0Fiq6xhqXXa5.jpg
[2025-04-05T09:08:29.080Z] ✅ Uploaded image: HTB16f6WcUgQMeJjy0Fiq6xhqXXa7.jpg
[2025-04-05T09:08:32.937Z] ✅ Uploaded image: Main_127f2b65-5b0f-443e-a945-cb2dabe3e2ac.jpg
[2025-04-05T09:08:35.757Z] ✅ Uploaded image: HTB1BrgMeRoHL1JjSZFwq6z6vpXaP.jpg
[2025-04-05T09:08:38.470Z] ✅ Uploaded image: HTB1eerScHsTMeJjy1zeq6AOCVXaj.jpg
[2025-04-05T09:08:41.535Z] ✅ Uploaded image: HTB1.y.cejJTMKJjSZFPq6zHUFXa3.jpg
[2025-04-05T09:08:44.099Z] ✅ Uploaded image: HTB1CdbUcHsTMeJjy1zcq6xAgXXaC.jpg
[2025-04-05T09:08:47.128Z] ✅ Uploaded image: HTB1ChZ6eU3IL1JjSZFMq6yjrFXaW.jpg
[2025-04-05T09:08:49.731Z] ✅ Uploaded image: HTB1CicReN3IL1JjSZPfq6ArUVXaN.jpg
[2025-04-05T09:08:52.770Z] ✅ Uploaded image: HTB1e5IQcCRRMKJjy0Flq6xFepXaB_1.jpg
[2025-04-05T09:08:55.935Z] ✅ Uploaded image: HTB1hEoJcCFRMKJjy0Fhq6x.xpXaG.jpg
[2025-04-05T09:08:58.587Z] ✅ Uploaded image: HTB1IOvOcOERMeJjSspjq6ApOXXa1.jpg
[2025-04-05T09:09:00.169Z] ✅ Uploaded image: HTB1NjnVcMsSMeJjSspeq6y77VXap.jpg
[2025-04-05T09:09:02.837Z] ✅ Uploaded image: HTB1wYALcEtWMKJjy0Faq6ACDpXad.jpg
[2025-04-05T09:09:05.155Z] ✅ Uploaded image: HTB1yMgDeFcJL1JjSZFOq6AWlXXae.jpg
[2025-04-05T09:09:08.180Z] ✅ Uploaded image: HTB11V.3eOAKL1JjSZFoq6ygCFXaI.jpg
[2025-04-05T09:09:10.475Z] ✅ Uploaded image: HTB12g6WcUgQMeJjy0Fiq6xhqXXaM.jpg
[2025-04-05T09:09:13.180Z] ✅ Uploaded image: HTB13wjRcHsTMeJjy1zbq6AhlVXao.jpg
[2025-04-05T09:09:16.251Z] ✅ Uploaded image: HTB17gwKeS3PL1JjSZFxq6ABBVXaU_1.jpg
[2025-04-05T09:09:17.994Z] ✅ Uploaded image: HTB17.D4cMoQMeJjy0Foq6AShVXaJ.jpg
[2025-04-05T09:09:20.454Z] ✅ Uploaded image: HTB18OQ5ePoIL1JjSZFyq6zFBpXa2.jpg
[2025-04-05T09:09:21.782Z] ✅ Created: Baseus Magnetic Car Mobile holder with cable clip 360 Rotate (RvKg2H7lodOtU53j0yCEpn)
[2025-04-05T09:09:24.285Z] Processing ith product: 
[2025-04-05T09:09:24.288Z] 
🛒 (18/24) Processing: Nilkamal Dustbin for Home, Kitchen, Restaurant Rattan Design with Paddle- 12 Ltr (nilkamal-dustbin-for-home-kitchen-restaurant-12-ltr)
[2025-04-05T09:09:27.461Z] ✅ Uploaded image: 71_BHfEJ7HL._SL1500.jpg
[2025-04-05T09:09:29.624Z] ✅ Uploaded image: 61f-tcKDEwL._SL1236.jpg
[2025-04-05T09:09:31.254Z] ✅ Uploaded image: dustbin-12-liter-brown-nilkamal-original-imafjguhzux9gywd.jpg
[2025-04-05T09:09:33.971Z] ✅ Uploaded image: 61sBNuRnZUL._SL1425.jpg
[2025-04-05T09:09:35.545Z] ✅ Uploaded image: dustbin-12-liter-brown-nilkamal-original-imafjgukvq8fgzgv.jpg
[2025-04-05T09:09:36.819Z] ✅ Created: Nilkamal Dustbin for Home, Kitchen, Restaurant Rattan Design with Paddle- 12 Ltr (eRwpsf0cFY10llMTdHliaz)
[2025-04-05T09:09:39.322Z] Processing ith product: 
[2025-04-05T09:09:39.327Z] 
🛒 (19/24) Processing: Carbon Aluminium Ladder with Anodized Technology (homegenic-heavy-platform-aluminium-ladder-silver)
[2025-04-05T09:09:42.673Z] ✅ Uploaded image: 5steps.jpg
[2025-04-05T09:09:44.925Z] ✅ Uploaded image: 6-step-aluminium-foldable-ladder-002-6-tnc-original-imagfbz7wghhfcwx.jpg
[2025-04-05T09:09:47.418Z] ✅ Uploaded image: IMG-20201128-WA0006.jpg
[2025-04-05T09:09:49.839Z] ✅ Uploaded image: BabyLadderDimensions.jpg
[2025-04-05T09:09:52.296Z] ✅ Uploaded image: 6-step-aluminium-foldable-ladder-002-tnc-original-imafn7rdjtzgj23g.jpg
[2025-04-05T09:09:53.836Z] ✅ Uploaded image: IMG-20210524-WA0001.jpg
[2025-04-05T09:09:55.663Z] ✅ Uploaded image: IMG-20210524-WA0003.jpg
[2025-04-05T09:09:58.133Z] ✅ Uploaded image: IMG-20210524-WA0002.jpg
[2025-04-05T09:10:01.614Z] ✅ Uploaded image: BabyLadderDimensions2.jpg
[2025-04-05T09:10:03.518Z] ✅ Uploaded image: IMG-20201128-WA0001.jpg
[2025-04-05T09:10:05.281Z] ✅ Uploaded image: IMG-20201128-WA0002.jpg
[2025-04-05T09:10:07.861Z] ✅ Uploaded image: IMG-20201128-WA0003.jpg
[2025-04-05T09:10:10.976Z] ✅ Uploaded image: IMG-20201128-WA0004.jpg
[2025-04-05T09:10:12.519Z] ✅ Uploaded image: IMG-20201128-WA0005.jpg
[2025-04-05T09:10:14.454Z] ✅ Uploaded image: 001_92ae8521-c3c5-442a-85ec-0e7537cd18da.jpg
[2025-04-05T09:10:15.759Z] ✅ Uploaded image: advanced-6-step-ladder-6-tnc-original-imagfbyqdxfwyggf.jpg
[2025-04-05T09:10:17.135Z] ✅ Uploaded image: 7-6-1-a-type-eskai-india-original-imafzzqphxtnvgq9.jpg
[2025-04-05T09:10:18.390Z] ✅ Uploaded image: 6-step-aluminium-foldable-ladder-002-6-tnc-original-imagfbz7tqedwdd3.jpg
[2025-04-05T09:10:19.844Z] ✅ Uploaded image: 4steps.jpg
[2025-04-05T09:10:21.714Z] ✅ Uploaded image: 6steps.jpg
[2025-04-05T09:10:23.525Z] ✅ Uploaded image: 7steps.jpg
[2025-04-05T09:10:25.347Z] ✅ Uploaded image: 8Steps.jpg
[2025-04-05T09:10:27.616Z] ✅ Uploaded image: IMG-20210524-WA0004.jpg
[2025-04-05T09:10:29.548Z] ✅ Uploaded image: IMG-20210524-WA0009.jpg
[2025-04-05T09:10:30.874Z] ✅ Created: Carbon Aluminium Ladder with Anodized Technology (RvKg2H7lodOtU53j0yCGHB)
[2025-04-05T09:10:33.376Z] Processing ith product: 
[2025-04-05T09:10:33.380Z] 
🛒 (20/24) Processing: Xiaomi Mijia Smart Corridor Infrared Body Motion Sensor Light (3*AA Battery Operated) (xiaomi-mijia-smart-led-corridor-night-light-infrared-human-body-motion-sensor-light-3-aa-battery-operated-batteries-not-included)
[2025-04-05T09:10:35.658Z] ✅ Uploaded image: 01_e7884bd4-426f-4fe6-8328-b4cb7a1dc3b0.jpg
[2025-04-05T09:10:37.223Z] ✅ Uploaded image: Fullscreen_capture_5.6.18_125501.jpg
[2025-04-05T09:10:39.198Z] ✅ Uploaded image: HTB1X4QKiP3z9KJjy0Fmq6xiwXXaD.jpg
[2025-04-05T09:10:41.878Z] ✅ Uploaded image: Corridor_light_Cell_Model.jpg
[2025-04-05T09:10:44.938Z] ✅ Uploaded image: Corridor_light_Cell_Model_1.jpg
[2025-04-05T09:10:47.968Z] ✅ Uploaded image: Corridor_light_Cell_Model_2.jpg
[2025-04-05T09:10:50.377Z] ✅ Uploaded image: HTB1HbGPj0rJ8KJjSspaq6xuKpXa3.jpg
[2025-04-05T09:10:52.948Z] ✅ Uploaded image: HTB1D2e0j3LD8KJjSszeq6yGRpXaF.jpg
[2025-04-05T09:10:54.759Z] ✅ Uploaded image: HTB1FqHScPgy_uJjSZLeq6yPlFXaQ.jpg
[2025-04-05T09:10:56.691Z] ✅ Uploaded image: HTB1XpcJhyqAXuNjy1Xdq6yYcVXaZ.jpg
[2025-04-05T09:10:58.709Z] ✅ Uploaded image: HTB1cgTuSpXXXXbLaFXXq6xXFXXXd.jpg
[2025-04-05T09:11:00.019Z] ✅ Created: Xiaomi Mijia Smart Corridor Infrared Body Motion Sensor Light (3*AA Battery Operated) (NAyt17tvF8Uyd8nWvGS7hy)
[2025-04-05T09:11:02.522Z] Processing ith product: 
[2025-04-05T09:11:02.525Z] 
🛒 (21/24) Processing: Folding Commode Chair for Adult & Patients (Silver or Black) (economy-commode-fold-able-chair-for-adult-patients-black)
[2025-04-05T09:11:05.368Z] ✅ Uploaded image: Adult-Potty-Chair_Logo.jpg
[2025-04-05T09:11:07.740Z] ✅ Uploaded image: Size_Adult-Potty-Chair.jpg
[2025-04-05T09:11:09.056Z] ✅ Created: Folding Commode Chair for Adult & Patients (Silver or Black) (RvKg2H7lodOtU53j0yCGuf)
[2025-04-05T09:11:11.559Z] Processing ith product: 
[2025-04-05T09:11:11.563Z] 
🛒 (22/24) Processing: Nilkamal Twin Color Dustbin for Home, Kitchen, Restaurant Blue and Green 10 Ltr (nilkamal-twin-color-dustbin-for-home-kitchen-restaurant-blue-and-green-10-ltr)
[2025-04-05T09:11:15.141Z] ✅ Uploaded image: TDB10LPGRBLUIBK_04_jpg_800x_e01e5569-eaa2-43cb-ba6c-3e592fd3a1ae.jpg
[2025-04-05T09:11:16.544Z] ✅ Uploaded image: TDB10LPGRBLUIBK_02_jpg_800x_9ac38d74-9d10-49d9-bfc6-73a84c12a1d7.jpg
[2025-04-05T09:11:18.594Z] ✅ Uploaded image: TDB10LPGRBLUIBK_06_jpg_800x_30e391c8-155b-4b7e-98c8-bcc03a31f307.jpg
[2025-04-05T09:11:21.442Z] ✅ Uploaded image: TDB10LPGRBLUIBK_01_jpg_800x_06d76b6f-0d3f-40cc-8418-b511d7f09c9b.jpg
[2025-04-05T09:11:23.764Z] ✅ Uploaded image: TDB10LPGRBLUIBK_07_jpg_800x_b30ad35b-8e8d-415b-81e4-4c57eb1133db.jpg
[2025-04-05T09:11:26.554Z] ✅ Uploaded image: TDB10LPGRBLUIBK_08_jpg_800x_c17025ac-4031-4b6e-b99a-ead3ebd9b92c.jpg
[2025-04-05T09:11:28.038Z] ✅ Uploaded image: TDB10LPGRBLUIBK_03_jpg_800x_42ac7eca-7124-4b61-821f-0744a014aa0d.jpg
[2025-04-05T09:11:30.300Z] ✅ Uploaded image: TDB10LPGRBLUIBK_05_jpg_800x_4790d1d5-ff45-4507-8ca8-6cda7217df5e.jpg
[2025-04-05T09:11:31.794Z] ✅ Uploaded image: TDB10LPGRBLUIBK_09_jpg_800x_29d8eff7-66de-4f7d-aa9a-f70c5a1fbd14.jpg
[2025-04-05T09:11:33.063Z] ✅ Created: Nilkamal Twin Color Dustbin for Home, Kitchen, Restaurant Blue and Green 10 Ltr (NAyt17tvF8Uyd8nWvGS8t8)
[2025-04-05T09:11:35.567Z] Processing ith product: 
[2025-04-05T09:11:35.570Z] 
🛒 (23/24) Processing: Homegenic Telescopic Folding Aluminium Ladder (homegenic-telescopic-folding-aluminium-ladder)
[2025-04-05T09:11:38.697Z] ✅ Uploaded image: 001.jpg
[2025-04-05T09:11:40.920Z] ✅ Uploaded image: 02_79c52117-d897-4322-a933-fa1a82c1e356.jpg
[2025-04-05T09:11:43.310Z] ✅ Uploaded image: 71WEIi0DDSL._SL1500.jpg
[2025-04-05T09:11:44.742Z] ✅ Uploaded image: 81JJ7Ao7gkL._SL1500.jpg
[2025-04-05T09:11:47.665Z] ✅ Uploaded image: 03_96586337-5514-4495-981d-5bfab759ca36.jpg
[2025-04-05T09:11:50.269Z] ✅ Uploaded image: H3dfccb473c664dff9697a29f8a233e57d.jpg
[2025-04-05T09:11:52.676Z] ✅ Uploaded image: 71zJ2lR4_WL._SL1500.jpg
[2025-04-05T09:11:55.919Z] ✅ Uploaded image: 714IK5pIu9L._SL1500.jpg
[2025-04-05T09:11:57.803Z] ✅ Uploaded image: 518zw3DtnoL._SL1300.jpg
[2025-04-05T09:12:00.307Z] ✅ Uploaded image: HTB1DGIngOrpK1RjSZFhq6xSdXXar.jpg
[2025-04-05T09:12:02.560Z] ✅ Uploaded image: HTB1VG.NunXYBeNkHFrdq6AiuVXaa.jpg
[2025-04-05T09:12:05.753Z] ✅ Uploaded image: HTB19eoggSrqK1RjSZK9q6xyypXag.jpg
[2025-04-05T09:12:08.249Z] ✅ Uploaded image: sizes.jpg
[2025-04-05T09:12:09.315Z] ✅ Created: Homegenic Telescopic Folding Aluminium Ladder (RvKg2H7lodOtU53j0yCIrJ)
[2025-04-05T09:12:11.817Z] Processing ith product: 
[2025-04-05T09:12:11.819Z] 
🛒 (24/24) Processing: Nilkamal Splendid Standing Ladder (Silver) (nilkamal-splendid-standing-ladder-silver)
[2025-04-05T09:12:14.954Z] ✅ Uploaded image: splendid4stepladderislpendid4stplalu1.jpg.42cfb3f96c.989x1000x951.jpg
[2025-04-05T09:12:16.571Z] ✅ Uploaded image: splendid4stepladderislpendid4stplalu2.jpg.d122c5a0c3.989x1000x951.jpg
[2025-04-05T09:12:19.076Z] ✅ Uploaded image: splendid4stepladderislpendid4stplalu3.jpg.e792962d2b.989x1000x951.jpg
[2025-04-05T09:12:21.181Z] ✅ Uploaded image: splendid4stepladderislpendid4stplalu4.jpg.7f6a7f5caa.989x511x577.jpg
[2025-04-05T09:12:22.836Z] ✅ Uploaded image: splendid4stepladderislpendid4stplalu5.jpg.b830383100.989x511x577.jpg
[2025-04-05T09:12:25.867Z] ✅ Uploaded image: splendid4stepladderislpendid4stplalu6.jpg.c52e6449d8.989x511x577.jpg
[2025-04-05T09:12:27.377Z] ✅ Uploaded image: splendid4stepladderislpendid4stplalu7.jpg.3c8c7f039b.989x511x577.jpg
[2025-04-05T09:12:28.398Z] ✅ Created: Nilkamal Splendid Standing Ladder (Silver) (RvKg2H7lodOtU53j0yCJiV)
[2025-04-05T09:12:30.901Z] 📦 Page 1 done — 22 product(s) scraped.
[2025-04-05T09:12:33.903Z] 
🔎 Scraping page 2: https://www.homegenic.in/collections/home-essentials?page=2
[2025-04-05T09:12:34.544Z] 📦 Page 2 done — 0 product(s) scraped.
[2025-04-05T09:12:34.544Z] ✅ No more products. Scraping complete.
[2025-04-05T09:12:34.544Z] 🎉 All pages scraped.
