[2025-04-04T11:53:11.493Z] 🚀 Starting full scrape...
[2025-04-04T11:53:11.494Z] 
🔎 Scraping page 1: https://www.homegenic.in/collections/revolving-chairs?page=1
[2025-04-04T11:53:15.108Z] Processing ith product: 
[2025-04-04T11:53:15.109Z] 
🛒 (1/24) Processing: Nilkamal Trenvi High Back Office Chair (Black) (nilkamal-premium-office-chair-2)
[2025-04-04T11:53:18.535Z] ⚠️ Skipping duplicate: nilkamal-premium-office-chair-2
[2025-04-04T11:53:18.536Z] Processing ith product: 
[2025-04-04T11:53:18.538Z] 
🛒 (2/24) Processing: Nilkamal Bold Executive Office Chair (Black) (nilkamal-bold-executive-office-chair-black)
[2025-04-04T11:53:18.715Z] ⚠️ Skipping duplicate: nilkamal-bold-executive-office-chair-black
[2025-04-04T11:53:18.716Z] Processing ith product: 
[2025-04-04T11:53:18.718Z] 
🛒 (3/24) Processing: Nilkamal Sara High Back Chair (Brown) with Laptop Stand Complimentary (nilkamal-sara-high-back-chair-brown)
[2025-04-04T11:53:22.289Z] ✅ Uploaded image: Sara-with-laptop-stand.jpg
[2025-04-04T11:53:25.033Z] ✅ Uploaded image: sara-high-back-office-chair-in-brown-colour-by-nilkamal-sara-high-back-office-chair-in-brown-colour--yxf943.jpg
[2025-04-04T11:53:27.245Z] ✅ Uploaded image: SARA_HIGH_BACK_OFFICE_CHAIR_BROWN_02_800x_3fafb865-5bfa-4592-90ae-cd91b79bba12.jpg
[2025-04-04T11:53:29.005Z] ✅ Uploaded image: SARA_HIGH_BACK_OFFICE_CHAIR_BROWN_03_800x_5a0de6ef-3cbb-4bf2-8f2a-06b66f9ea4b4.jpg
[2025-04-04T11:53:31.697Z] ✅ Uploaded image: SARA_HIGH_BACK_OFFICE_CHAIR_BROWN_LS_800x_69a4fc1f-9a2c-4a5c-bc73-3164a56b9679.jpg
[2025-04-04T11:53:33.338Z] ✅ Uploaded image: SARA_HIGH_BACK_OFFICE_CHAIR_BROWN_04_800x_8ef5994f-474d-48e4-a6d7-97d03ffc750d.jpg
[2025-04-04T11:53:35.560Z] ✅ Uploaded image: SARA_HIGH_BACK_OFFICE_CHAIR_BROWN_05_800x_83c7a656-1447-4670-8598-c982a7b4f3cb.jpg
[2025-04-04T11:53:37.816Z] ✅ Uploaded image: SARA_HIGH_BACK_OFFICE_CHAIR_BROWN_06_800x_27ced2c8-44d8-4b86-8611-c87587d58ab2.jpg
[2025-04-04T11:53:39.982Z] ✅ Uploaded image: SARA_HIGH_BACK_OFFICE_CHAIR_BROWN_07_800x_316da96f-cc1b-47e4-ab40-c01f57657bfe.jpg
[2025-04-04T11:53:41.839Z] ✅ Uploaded image: 71TY0hiBGrL._SL1500_7b8e101f-9136-465c-9013-eea2fdfa6754.jpg
[2025-04-04T11:53:43.968Z] ✅ Uploaded image: 617qwkaI1FL._SL1200_c5a313d0-4a5d-4ac1-9d4b-6ffedb89852f.jpg
[2025-04-04T11:53:46.364Z] ✅ Uploaded image: 61Z_lYqtdCL._SL1200_f12edcaf-07d3-4822-928f-d376f87c77ac.jpg
[2025-04-04T11:53:47.674Z] ✅ Created: Nilkamal Sara High Back Chair (Brown) with Laptop Stand Complimentary (RvKg2H7lodOtU53j0wMJMR)
[2025-04-04T11:53:50.177Z] Processing ith product: 
[2025-04-04T11:53:50.180Z] 
🛒 (4/24) Processing: Nilkamal Libra High Back Office Chair (nilkamal-libra-high-back-office-chair)
[2025-04-04T11:53:53.813Z] ✅ Uploaded image: LIBRAHIGHBACKOFFICECHAIRBLACK_OILIBRAHB_BLK_BLK_03_2000x_e8d6c094-424d-48de-9ab8-ef65d9bbe54b.jpg
[2025-04-04T11:53:56.207Z] ✅ Uploaded image: LIBRAHIGHBACKOFFICECHAIRBLACK_OILIBRAHB_BLK_BLK_06_2000x_84eee83a-ffae-47b5-9079-2ea5076fdaad.jpg
[2025-04-04T11:53:58.236Z] ✅ Uploaded image: LIBRAHIGHBACKOFFICECHAIRBLACK_OILIBRAHB_BLK_BLK_01_2000x_71f60862-dc5f-4115-a6a6-f1c355d0e62c.jpg
[2025-04-04T11:54:01.272Z] ✅ Uploaded image: LIBRAHIGHBACKOFFICECHAIRBLACK_OILIBRAHB_BLK_BLK_02_2000x_f73dc226-b325-4425-97a8-0a7d84433710.jpg
[2025-04-04T11:54:03.776Z] ✅ Uploaded image: LIBRAHIGHBACKOFFICECHAIRBLACK_OILIBRAHB_BLK_BLK_04_2000x_aacf2944-2234-4137-85fe-12b5fce3f83d.jpg
[2025-04-04T11:54:06.476Z] ✅ Uploaded image: LIBRAHIGHBACKOFFICECHAIRBLACK_OILIBRAHB_BLK_BLK_05_2000x_76ea4284-8f1d-4f19-9091-5d9ba6e7e8ca.jpg
[2025-04-04T11:54:09.980Z] ✅ Uploaded image: LIBRAHIGHBACKOFFICECHAIRBLACK_OILIBRAHB_BLK_BLK_07copy_2000x_0b9dbcd5-4740-4b8c-998d-9d28072b3127.jpg
[2025-04-04T11:54:11.766Z] ✅ Created: Nilkamal Libra High Back Office Chair (RvKg2H7lodOtU53j0wMKJf)
[2025-04-04T11:54:14.270Z] Processing ith product: 
[2025-04-04T11:54:14.273Z] 
🛒 (5/24) Processing: Nilkamal Neal High Back Office Chair (Grey) with Laptop Stand Complimentary (nilkamal-neal-high-back-office-chair-grey)
[2025-04-04T11:54:16.764Z] ✅ Uploaded image: NEAL_HIGH_BACK_OFFICE_CHAIR_GREY_02_800x_80ad629d-61e6-4ab0-a8f0-3f5053b7a3b9.jpg
[2025-04-04T11:54:18.698Z] ✅ Uploaded image: NEAL_HIGH_BACK_OFFICE_CHAIR_GREY_LS_800x_1c924d86-25db-46b5-a6ef-899acd44563e.jpg
[2025-04-04T11:54:22.072Z] ✅ Uploaded image: NEAL_HIGH_BACK_OFFICE_CHAIR_GREY_02_800x_1.jpg
[2025-04-04T11:54:23.981Z] ✅ Uploaded image: neal-executive-chair-in-grey-colour-by-nilkamal-neal-executive-chair-in-grey-colour-by-nilkamal-ozvnjm.jpg
[2025-04-04T11:54:26.434Z] ✅ Uploaded image: NEAL_HIGH_BACK_OFFICE_CHAIR_GREY_01_800x_e1225108-fc84-4246-89cf-1e50881010e4.jpg
[2025-04-04T11:54:28.329Z] ✅ Uploaded image: NEAL_HIGH_BACK_OFFICE_CHAIR_GREY_03_800x_0574bfc2-6a6f-4af6-8356-89eb48d423d9.jpg
[2025-04-04T11:54:29.741Z] ✅ Uploaded image: NEAL_HIGH_BACK_OFFICE_CHAIR_GREY_04_800x_dd1218fc-0c09-4972-81eb-7d7af0ee6f94.jpg
[2025-04-04T11:54:31.851Z] ✅ Uploaded image: neal-high-back-office-chair-in-grey-colour-by-nilkamal-neal-high-back-office-chair-in-grey-colour-by-tweaax.jpg
[2025-04-04T11:54:33.918Z] ✅ Uploaded image: NEAL_HIGH_BACK_OFFICE_CHAIR_GREY_06_800x_a688afbd-942a-4411-90c8-c4e98cf2b6c3.jpg
[2025-04-04T11:54:35.747Z] ✅ Uploaded image: NEAL_HIGH_BACK_OFFICE_CHAIR_GREY_07_copy_800x_e3001aa3-8166-49d4-bcb3-cd915e24b468.jpg
[2025-04-04T11:54:36.849Z] ✅ Created: Nilkamal Neal High Back Office Chair (Grey) with Laptop Stand Complimentary (NAyt17tvF8Uyd8nWvDqkJO)
[2025-04-04T11:54:39.353Z] Processing ith product: 
[2025-04-04T11:54:39.356Z] 
🛒 (6/24) Processing: Nilkamal Slovenia Mid Back Office Chair (Black) (nilkamal-slovenia-office-chair-black)
[2025-04-04T11:54:42.962Z] ✅ Uploaded image: SLOVENIA_OFFICE_CHAIR_BLACK_2000.jpg
[2025-04-04T11:54:44.776Z] ✅ Uploaded image: C0A8016-1_-_Copy_2000x_545ce791-f774-4d17-ba20-28f10fbdd2a0.jpg
[2025-04-04T11:54:50.274Z] ✅ Uploaded image: 810JcL6q2NL._SL1500.jpg
[2025-04-04T11:54:52.380Z] ✅ Uploaded image: 71auoLppDTL._SL1500.jpg
[2025-04-04T11:54:54.145Z] ✅ Uploaded image: 71HUliaqbQL._SL1500.jpg
[2025-04-04T11:54:55.538Z] ✅ Uploaded image: SLOVENIA_OFFICE_CHAIR_BLACK_2000x_afc03355-fd19-465e-b99d-2ec413b25e94.jpg
[2025-04-04T11:54:57.537Z] ✅ Uploaded image: 71ikKDj_92L._SL1500.jpg
[2025-04-04T11:54:59.760Z] ✅ Uploaded image: 71z2iZUkzLL._SL1500.jpg
[2025-04-04T11:55:00.828Z] ✅ Created: Nilkamal Slovenia Mid Back Office Chair (Black) (NAyt17tvF8Uyd8nWvDqmpC)
[2025-04-04T11:55:03.332Z] Processing ith product: 
[2025-04-04T11:55:03.336Z] 
🛒 (7/24) Processing: Nilkamal Veneto Office Chair with Laptop Stand Complimentary (nilkamal-premium-office-chair)
[2025-04-04T11:55:08.316Z] ✅ Uploaded image: Screenshot2023-10-14213448.png
[2025-04-04T11:55:11.148Z] ✅ Uploaded image: Screenshot2023-10-14212919.png
[2025-04-04T11:55:13.107Z] ✅ Uploaded image: Screenshot2023-10-14212842.png
[2025-04-04T11:55:15.068Z] ✅ Uploaded image: veneto-with-laptop-stand.jpg
[2025-04-04T11:55:16.968Z] ✅ Uploaded image: veneto2.jpg
[2025-04-04T11:55:20.196Z] ✅ Uploaded image: Screenshot2023-10-14212929.png
[2025-04-04T11:55:22.059Z] ✅ Uploaded image: veneto1.jpg
[2025-04-04T11:55:23.831Z] ✅ Uploaded image: veneto4.jpg
[2025-04-04T11:55:25.622Z] ✅ Uploaded image: veneto5.jpg
[2025-04-04T11:55:28.507Z] ✅ Uploaded image: Screenshot2023-10-14212859.png
[2025-04-04T11:55:31.509Z] ✅ Uploaded image: Screenshot2023-10-14212948.png
[2025-04-04T11:55:33.648Z] ✅ Uploaded image: veneto3.jpg
[2025-04-04T11:55:35.518Z] ✅ Uploaded image: veneto.jpg
[2025-04-04T11:55:37.160Z] ✅ Uploaded image: 71TY0hiBGrL._SL1500_2c713335-2dd3-437f-b201-c7172decac50.jpg
[2025-04-04T11:55:40.444Z] ✅ Uploaded image: 617qwkaI1FL._SL1200_5a1198bd-63f1-45a1-91c5-140e7fb1b48c.jpg
[2025-04-04T11:55:42.518Z] ✅ Uploaded image: 61Z_lYqtdCL._SL1200_e42e95ef-d6a8-4a75-b02d-d629bcbb2679.jpg
[2025-04-04T11:55:44.517Z] ✅ Uploaded image: Screenshot2023-10-14212851.png
[2025-04-04T11:55:45.808Z] ✅ Created: Nilkamal Veneto Office Chair with Laptop Stand Complimentary (RvKg2H7lodOtU53j0wMO6v)
[2025-04-04T11:55:48.312Z] Processing ith product: 
[2025-04-04T11:55:48.316Z] 
🛒 (8/24) Processing: Nilkamal Venus Computer Chair (Black) with Laptop Stand Complimentary (nilkamal-venus-computer-chair-black)
[2025-04-04T11:55:52.706Z] ✅ Uploaded image: IVENUSCCHRBLK_03_800x_1.jpg
[2025-04-04T11:55:54.961Z] ✅ Uploaded image: IVENUSCCHRBLK_03_800x_07cac791-9d8b-4adb-b41b-5d016da5febd.jpg
[2025-04-04T11:55:56.980Z] ✅ Uploaded image: IVENUSCCHRBLK_04_800x_dbddd87a-8a46-44f5-9d1f-7be42f94ff74.jpg
[2025-04-04T11:55:59.854Z] ✅ Uploaded image: IVENUSCCHRBLK_06_800x_c9324615-40a6-4631-8113-d292c3a7bc9d.jpg
[2025-04-04T11:56:01.499Z] ✅ Uploaded image: IVENUSCCHRBLK_02_800x_07d9db1e-0b13-47cb-8fad-5f1a3763f0eb.jpg
[2025-04-04T11:56:03.802Z] ✅ Uploaded image: IVENUSCCHRBLK_01_800x_6186bada-1ade-478f-a204-4d3b4a7bd952.jpg
[2025-04-04T11:56:06.137Z] ✅ Uploaded image: 71LY_yqOVnL._SL1500.jpg
[2025-04-04T11:56:07.844Z] ✅ Uploaded image: IVENUSCCHRBLK_05_800x_e8058a63-fc63-4263-81bd-ca114980d3a3.jpg
[2025-04-04T11:56:09.058Z] ✅ Created: Nilkamal Venus Computer Chair (Black) with Laptop Stand Complimentary (eRwpsf0cFY10llMTdAbfhf)
[2025-04-04T11:56:11.562Z] Processing ith product: 
[2025-04-04T11:56:11.566Z] 
🛒 (9/24) Processing: Nilkamal Valentina Office Chair (Black) (nilkamal-valentina-office-chair-black)
[2025-04-04T11:56:14.345Z] ✅ Uploaded image: VALENTINA_HIGH_BACK_OFFICE_CHAIR_BLACK_OIVALENTINAHBBLK_LS_800x_523fee70-2e61-4ecc-878c-51fe38653ff9.jpg
[2025-04-04T11:56:17.004Z] ✅ Uploaded image: VALENTINA_HIGH_BACK_OFFICE_CHAIR_BLACK_OIVALENTINAHBBLK_01_2000x_929e7baa-2397-4fb2-922e-01d605cd0c3d.jpg
[2025-04-04T11:56:19.194Z] ✅ Uploaded image: VALENTINA_HIGH_BACK_OFFICE_CHAIR_BLACK_OIVALENTINAHBBLK_03_2000x_f86c6331-7324-4b32-be70-a91952ee1762.jpg
[2025-04-04T11:56:21.796Z] ✅ Uploaded image: VALENTINA_HIGH_BACK_OFFICE_CHAIR_BLACK_OIVALENTINAHBBLK_02_2000x_b904234f-607f-4197-8f14-98456ed6212e.jpg
[2025-04-04T11:56:23.843Z] ✅ Uploaded image: VALENTINA_HIGH_BACK_OFFICE_CHAIR_BLACK_OIVALENTINAHBBLK_04_2000x_6e56ddb0-fe45-4545-b094-3c29c615fcc5.jpg
[2025-04-04T11:56:26.029Z] ✅ Uploaded image: VALENTINA_HIGH_BACK_OFFICE_CHAIR_BLACK_OIVALENTINAHBBLK_05_800x_95b68fe9-ae87-4f4c-b246-894cd0128323.jpg
[2025-04-04T11:56:29.060Z] ✅ Uploaded image: VALENTINA_HIGH_BACK_OFFICE_CHAIR_BLACK_OIVALENTINAHBBLK_06_800x_e4031ed2-8014-4647-8dac-a3af0cd375b8.jpg
[2025-04-04T11:56:32.023Z] ✅ Uploaded image: VALENTINA_HIGH_BACK_OFFICE_CHAIR_BLACK_OIVALENTINAHBBLK_07_2000x_2796a48f-deab-4c0a-95a1-74c0c32ecae5.jpg
[2025-04-04T11:56:33.083Z] ✅ Created: Nilkamal Valentina Office Chair (Black) (NAyt17tvF8Uyd8nWvDqzaQ)
[2025-04-04T11:56:35.592Z] Processing ith product: 
[2025-04-04T11:56:35.594Z] 
🛒 (10/24) Processing: Nilkamal Mayor High Back Office Chair (Black) (nilkamal-mayor-high-back-office-chair-matte-finish-black)
[2025-04-04T11:56:40.415Z] ✅ Uploaded image: MAYOR_HIGH_BACK_OFFICE_CHAIR_BLACK_BLACK_IMAYORHBOCBLK_LS_2000x_4cc1e45b-33e6-4cbc-8bf4-e598c4182170.jpg
[2025-04-04T11:56:42.787Z] ✅ Uploaded image: mayor_hb4.jpeg
[2025-04-04T11:56:44.931Z] ✅ Uploaded image: Nilkamal-Mayor-High-Back-Office-SDL293514178-1-b1e6e.jpg
[2025-04-04T11:56:47.603Z] ✅ Uploaded image: download_3_-_Copy.jpg
[2025-04-04T11:56:49.196Z] ✅ Uploaded image: mayor_hb1.jpeg
[2025-04-04T11:56:51.197Z] ✅ Uploaded image: SDL569660153_1381999571_image1-75df3.JPG
[2025-04-04T11:56:52.785Z] ✅ Uploaded image: mayor_hb3.jpeg
[2025-04-04T11:56:54.989Z] ✅ Uploaded image: mayor_hb.jpeg
[2025-04-04T11:56:56.137Z] ✅ Created: Nilkamal Mayor High Back Office Chair (Black) (RvKg2H7lodOtU53j0wMQ31)
[2025-04-04T11:56:58.641Z] Processing ith product: 
[2025-04-04T11:56:58.647Z] 
🛒 (11/24) Processing: Nilkamal Boss Admiral Mid Back Office Chair (Black) (nilkamal-admiral-mid-back-office-chair-black)
[2025-04-04T11:57:01.881Z] ✅ Uploaded image: BossMB3.jpg
[2025-04-04T11:57:03.407Z] ✅ Uploaded image: BossMB1.jpg
[2025-04-04T11:57:05.441Z] ✅ Uploaded image: BossMB4.jpg
[2025-04-04T11:57:07.869Z] ✅ Uploaded image: BossMB5.jpg
[2025-04-04T11:57:09.471Z] ✅ Uploaded image: BossMB6.jpg
[2025-04-04T11:57:11.594Z] ✅ Uploaded image: BossMB2.jpg
[2025-04-04T11:57:12.220Z] ✅ Created: Nilkamal Boss Admiral Mid Back Office Chair (Black) (RvKg2H7lodOtU53j0wMQAh)
[2025-04-04T11:57:14.723Z] Processing ith product: 
[2025-04-04T11:57:14.726Z] 
🛒 (12/24) Processing: Bentwood Butterfly High Back Mesh with Head Rest Chair (Black) (nilkamal-alba-high-back-mesh-with-head-rest-chair-black)
[2025-04-04T11:57:17.430Z] ✅ Uploaded image: ALBA_HB_MESH_CHAIR_BLACK_WITH_CTS_OLHNETCTSAN709BLK_02_2000x_a070b25c-a2d8-4d70-9926-3eda9362b9c6.jpg
[2025-04-04T11:57:19.953Z] ✅ Uploaded image: ALBA_HB_MESH_CHAIR_BLACK_WITH_CTS_OLHNETCTSAN709BLK_04_2000x_948fc1c8-a739-4ec5-9ca7-67e4eccaa470.jpg
[2025-04-04T11:57:21.818Z] ✅ Uploaded image: ALBA_HB_MESH_CHAIR_BLACK_WITH_CTS_OLHNETCTSAN709BLK_01_2000x_c555e061-461b-4bd2-933c-7ba5fb536e88.jpg
[2025-04-04T11:57:25.244Z] ✅ Uploaded image: ALBA_HB_MESH_CHAIR_BLACK_WITH_CTS_OLHNETCTSAN709BLK_06_2000x_4317bc71-a6ac-4694-bc31-3dd73347aab1.jpg
[2025-04-04T11:57:27.862Z] ✅ Uploaded image: ALBA_HB_MESH_CHAIR_BLACK_WITH_CTS_OLHNETCTSAN709BLK_07_1_copy_2000x_b77d47ed-a768-4f48-bc63-1437b8803444.jpg
[2025-04-04T11:57:29.080Z] ✅ Created: Bentwood Butterfly High Back Mesh with Head Rest Chair (Black) (RvKg2H7lodOtU53j0wMQlz)
[2025-04-04T11:57:31.584Z] Processing ith product: 
[2025-04-04T11:57:31.588Z] 
🛒 (13/24) Processing: Nilkamal Kyoto High Back Office Chair (nilkamal-kyoto-high-back-office-chair)
[2025-04-04T11:57:35.413Z] ✅ Uploaded image: Screenshot2023-10-14202304.png
[2025-04-04T11:57:37.612Z] ✅ Uploaded image: Screenshot2023-10-14201546.png
[2025-04-04T11:57:39.252Z] ✅ Uploaded image: Screenshot2023-10-14204952.png
[2025-04-04T11:57:42.178Z] ✅ Uploaded image: Screenshot2023-10-14204920.png
[2025-04-04T11:57:45.252Z] ✅ Uploaded image: Screenshot2023-10-14202334.png
[2025-04-04T11:57:47.569Z] ✅ Uploaded image: Screenshot2023-10-14202358.png
[2025-04-04T11:57:49.940Z] ✅ Uploaded image: Screenshot2023-10-14202322.png
[2025-04-04T11:57:53.170Z] ✅ Uploaded image: Screenshot2023-10-14202347.png
[2025-04-04T11:57:56.092Z] ✅ Uploaded image: Screenshot2023-10-14201605.png
[2025-04-04T11:57:58.795Z] ✅ Uploaded image: Screenshot2023-10-14201530.png
[2025-04-04T11:58:00.908Z] ✅ Uploaded image: Screenshot2023-10-14201621.png
[2025-04-04T11:58:03.527Z] ✅ Uploaded image: Screenshot2023-10-14201632.png
[2025-04-04T11:58:06.342Z] ✅ Uploaded image: Screenshot2023-10-14202413.png
[2025-04-04T11:58:07.465Z] ✅ Created: Nilkamal Kyoto High Back Office Chair (RvKg2H7lodOtU53j0wMR1L)
[2025-04-04T11:58:09.969Z] Processing ith product: 
[2025-04-04T11:58:09.973Z] 
🛒 (14/24) Processing: Nilkamal Elantra Mid Back Chair (Black) (nilkamal-elantra-mid-back-chair-black)
[2025-04-04T11:58:12.669Z] ✅ Uploaded image: OIELANTRAMBBLK_4_800x_c968cf80-1aef-45ad-a709-a16def1b4b3f.jpg
[2025-04-04T11:58:15.632Z] ✅ Uploaded image: OIELANTRAMBBLK_2_800x_ceffa648-2fe1-4c05-bc8a-1ae60466e2ec.jpg
[2025-04-04T11:58:17.213Z] ✅ Uploaded image: OIELANTRAMBBLK_1_800x_0c58959b-4c4d-49b9-9804-dbb8f9785285.jpg
[2025-04-04T11:58:18.913Z] ✅ Uploaded image: OIELANTRAMBBLK_5_800x_a05307c7-f5d6-479d-887e-7a34ca00b4d9.jpg
[2025-04-04T11:58:20.382Z] ✅ Uploaded image: OIELANTRAMBBLK_6_800x_abfd7b0d-5752-43ee-8e69-95dcc734812c.jpg
[2025-04-04T11:58:21.859Z] ✅ Uploaded image: OIELANTRAMBBLK_3_copy_800x_f30561b0-b329-41cc-b30a-f6ee98ac5fa7.jpg
[2025-04-04T11:58:22.907Z] ✅ Created: Nilkamal Elantra Mid Back Chair (Black) (RvKg2H7lodOtU53j0wMR5j)
[2025-04-04T11:58:25.409Z] Processing ith product: 
[2025-04-04T11:58:25.412Z] 
🛒 (15/24) Processing: Nilkamal Scoop Mid Back Office Chair (Black) (nilkamal-scoop-mid-back-office-chair-black)
[2025-04-04T11:58:28.646Z] ✅ Uploaded image: SCOOPMIDBACKOFFICECHAIRBLACK_OIMNETCENLN025BLK_LS_2000x_9b2a5d1c-17d7-4b94-9a7c-d59f99665cfd.jpg
[2025-04-04T11:58:30.307Z] ✅ Uploaded image: 03_b3aaf1e4-1f61-42dc-aee5-96e3296fced8.jpg
[2025-04-04T11:58:31.944Z] ✅ Uploaded image: 06_21ea3b1e-793d-4cf1-95e4-a7e1aafb99b1.jpg
[2025-04-04T11:58:33.561Z] ✅ Uploaded image: 02_217f1d05-dbdb-41f5-91fc-7c7189814686.jpg
[2025-04-04T11:58:35.308Z] ✅ Uploaded image: 01_4090d1d6-c725-46a4-b37f-d8e845cee210.jpg
[2025-04-04T11:58:37.848Z] ✅ Uploaded image: 04_b5042cfc-6775-41db-924d-b27cbddafa1f.jpg
[2025-04-04T11:58:39.505Z] ✅ Uploaded image: 05_aa5f2541-ea5d-4be2-a06c-334228023391.jpg
[2025-04-04T11:58:41.983Z] ✅ Uploaded image: 07_50bd5c58-164e-4ac2-9b91-6c49a76367f0.jpg
[2025-04-04T11:58:42.605Z] ✅ Created: Nilkamal Scoop Mid Back Office Chair (Black) (RvKg2H7lodOtU53j0wMSF1)
[2025-04-04T11:58:45.107Z] Processing ith product: 
[2025-04-04T11:58:45.109Z] 
🛒 (16/24) Processing: Bentwood Mystique High Back Mesh Office Chair (Black) (bentwood-mystique-high-back-mesh-office-chair-black)
[2025-04-04T11:58:47.834Z] ✅ Uploaded image: 51BK53ZHWYL._SL1000.jpg
[2025-04-04T11:58:50.096Z] ✅ Uploaded image: 51h_9xDWRkL._SL1000.jpg
[2025-04-04T11:58:52.015Z] ✅ Uploaded image: SmartSelect_20210804-133643_Alibabacom.jpg
[2025-04-04T11:58:53.959Z] ✅ Uploaded image: SmartSelect_20210804-133658_Alibabacom.jpg
[2025-04-04T11:58:55.877Z] ✅ Uploaded image: 51cZROrE1ML._SL1000.jpg
[2025-04-04T11:58:58.403Z] ✅ Uploaded image: 51dZZ_IpZvL._SL1000.jpg
[2025-04-04T11:59:00.511Z] ✅ Uploaded image: 41u0j_O86ZL.jpg
[2025-04-04T11:59:03.513Z] ✅ Uploaded image: SmartSelect_20201001-010547_Alibabacom_99684a28-795f-4e58-87be-92f295a9013f.jpg
[2025-04-04T11:59:06.719Z] ✅ Uploaded image: SmartSelect_20201001-010600_Alibabacom_1249424a-91a2-4a53-a132-0ef5496f5c34.jpg
[2025-04-04T11:59:07.671Z] ✅ Created: Bentwood Mystique High Back Mesh Office Chair (Black) (RvKg2H7lodOtU53j0wMTEz)
[2025-04-04T11:59:10.173Z] Processing ith product: 
[2025-04-04T11:59:10.176Z] 
🛒 (17/24) Processing: Nilkamal Kenzo High Back Office Chair (Black) (nilkamal-kenzo-high-back-office-chair-black)
[2025-04-04T11:59:15.906Z] ✅ Uploaded image: KENZO-HIGH-BACK-OFFICE-CHAIR-BLACK_OIKENZOHBOCBLK_03_2000x_d6b1588d-3bff-43f4-b9ff-2a583c723552.jpg
[2025-04-04T11:59:18.118Z] ✅ Uploaded image: KENZO-HIGH-BACK-OFFICE-CHAIR-BLACK_OIKENZOHBOCBLK_01_2000x_1.jpg
[2025-04-04T11:59:20.206Z] ✅ Uploaded image: KENZO-HIGH-BACK-OFFICE-CHAIR-BLACK_OIKENZOHBOCBLK_04_2000x_3a2b0acd-f2e8-4227-a0dc-fb6776f34b76.jpg
[2025-04-04T11:59:22.052Z] ✅ Uploaded image: KENZO-HIGH-BACK-OFFICE-CHAIR-BLACK_OIKENZOHBOCBLK_02_2000x_82cc7b65-6b1d-4eb4-adb0-913da819e5ff.jpg
[2025-04-04T11:59:24.003Z] ✅ Uploaded image: KENZO-HIGH-BACK-OFFICE-CHAIR-BLACK_OIKENZOHBOCBLK_06_2000x_e3926ef7-b8ff-4931-93cf-35d078e5b7bc.jpg
[2025-04-04T11:59:25.939Z] ✅ Uploaded image: KENZO-HIGH-BACK-OFFICE-CHAIR-BLACK_OIKENZOHBOCBLK_07_2000x_eaeded99-0a05-4a86-96a2-9dbaa70c7c7e.jpg
[2025-04-04T11:59:29.150Z] ✅ Uploaded image: KENZO-HIGH-BACK-OFFICE-CHAIR-BLACK_OIKENZOHBOCBLK_08_2000x_ac593b0f-dc78-4441-a974-482d6ae65fe4.jpg
[2025-04-04T11:59:31.827Z] ✅ Uploaded image: KENZO-HIGH-BACK-OFFICE-CHAIR-BLACK_OIKENZOHBOCBLK_09_2000x_4ee3c4e6-9245-47a1-9a21-85b464bd0376.jpg
[2025-04-04T11:59:34.337Z] ✅ Uploaded image: KENZO-HIGH-BACK-OFFICE-CHAIR-BLACK_OIKENZOHBOCBLK_05_2000x_03a71390-8fff-431e-a227-d14b581c2878.jpg
[2025-04-04T11:59:35.484Z] ✅ Created: Nilkamal Kenzo High Back Office Chair (Black) (eRwpsf0cFY10llMTdAcjR4)
[2025-04-04T11:59:37.986Z] Processing ith product: 
[2025-04-04T11:59:37.989Z] 
🛒 (18/24) Processing: Nilkamal Mayor Mid Back Office Chair (Black) (nilkamal-mayor-medium-back-office-chair-matte-finish-black)
[2025-04-04T11:59:41.360Z] ✅ Uploaded image: MAYOR_MID_BACK_OFFICE_CHAIR_BLACK_BLACK_OIMAYORMBOCBLK_LS_2000x_6c8894fb-40c9-4612-bf7d-1d8a6ca7d497.jpg
[2025-04-04T11:59:43.540Z] ✅ Uploaded image: 61E_Ck2qqaL._SL1500.jpg
[2025-04-04T11:59:45.752Z] ✅ Uploaded image: IMAYORHBOCBLK_06_2000x_eac9e1f8-af08-4521-b578-c58a0ca1f8e8.jpg
[2025-04-04T11:59:47.443Z] ✅ Uploaded image: 61BSJfoKoIL._SL1500.jpg
[2025-04-04T11:59:50.007Z] ✅ Uploaded image: 61osd2w_t8L._SL1500.jpg
[2025-04-04T11:59:51.954Z] ✅ Uploaded image: MAYOR_MID_BACK_OFFICE_CHAIR_BLACK_BLACK_OIMAYORMBOCBLK_2_2000x_07f7d0d0-dd81-4c3e-89a0-c387bb3e7dfc.jpg
[2025-04-04T11:59:53.953Z] ✅ Uploaded image: 61TVY9xnipL._SL1500.jpg
[2025-04-04T11:59:54.821Z] ✅ Created: Nilkamal Mayor Mid Back Office Chair (Black) (eRwpsf0cFY10llMTdAcpsG)
[2025-04-04T11:59:57.324Z] Processing ith product: 
[2025-04-04T11:59:57.327Z] 
🛒 (19/24) Processing: Bentwood Concept 804 Mid Back Chair (Black) (bentwood-concept-802-mid-back-chair-black)
[2025-04-04T12:00:00.350Z] ✅ Uploaded image: CONCEPTOFFICEREVOLVNGCHAIRMESHCRP_OLCONOFRVCHRMCBLK_3_2000x_d6e744d2-cb64-4e90-afe0-dfe38913be78.jpg
[2025-04-04T12:00:02.791Z] ✅ Uploaded image: CONCEPTOFFICEREVOLVNGCHAIRMESHCRP_OLCONOFRVCHRMCBLK_7_2000x_b3fcc6a5-7331-4ebe-9cdc-cfb76269e322.jpg
[2025-04-04T12:00:05.335Z] ✅ Uploaded image: CONCEPTOFFICEREVOLVNGCHAIRMESHCRP_OLCONOFRVCHRMCBLK_4_2000x_0f57225b-a62f-4e50-ae48-7d49229e37da.jpg
[2025-04-04T12:00:07.619Z] ✅ Uploaded image: CONCEPTOFFICEREVOLVNGCHAIRMESHCRP_OLCONOFRVCHRMCBLK_1_2000x_77ba9ffa-ac56-48c7-8cf1-fac03f56cd9c.jpg
[2025-04-04T12:00:10.018Z] ✅ Uploaded image: CONCEPTOFFICEREVOLVNGCHAIRMESHCRP_OLCONOFRVCHRMCBLK_2_2000x_4f442908-e744-42b1-91b6-c2cde4fbc978.jpg
[2025-04-04T12:00:12.856Z] ✅ Uploaded image: CONCEPTOFFICEREVOLVNGCHAIRMESHCRP_OLCONOFRVCHRMCBLK_5_2000x_98d19b0a-3c32-440f-920b-fbdb427c1228.jpg
[2025-04-04T12:00:15.687Z] ✅ Uploaded image: CONCEPTOFFICEREVOLVNGCHAIRMESHCRP_OLCONOFRVCHRMCBLK_6_2000x_7faca47c-97cf-4442-96c3-0002dd4e46d3.jpg
[2025-04-04T12:00:17.775Z] ✅ Uploaded image: concept3_2000x_858b2e3e-b23c-4d99-9737-0372acc61a7a.jpg
[2025-04-04T12:00:18.846Z] ✅ Created: Bentwood Concept 804 Mid Back Chair (Black) (RvKg2H7lodOtU53j0wMUIF)
[2025-04-04T12:00:21.350Z] Processing ith product: 
[2025-04-04T12:00:21.353Z] 
🛒 (20/24) Processing: Bentwood Della 804 Netted Mid Back Chair (Black) (bentwood-della-804-netted-mid-back-chair-black)
[2025-04-04T12:00:24.309Z] ✅ Uploaded image: DELLAMIDBACKMESHCHAIRBLACK_LDELLAMBNETCHRBLK_01_2000x_1c75159e-7611-4854-bda5-86dfbf50de8f.jpg
[2025-04-04T12:00:27.763Z] ✅ Uploaded image: DELLAMIDBACKMESHCHAIRBLACK_LDELLAMBNETCHRBLK_02_2000x_9ad19901-9074-48b7-8e87-25edafbf3451.jpg
[2025-04-04T12:00:30.377Z] ✅ Uploaded image: DELLAMIDBACKMESHCHAIRBLACK_LDELLAMBNETCHRBLK_03_2000x_5140181b-b42c-4305-b514-026dcb37c030.jpg
[2025-04-04T12:00:33.057Z] ✅ Uploaded image: DELLAMIDBACKMESHCHAIRBLACK_LDELLAMBNETCHRBLK_04_2000x_9eb7012e-2e78-4986-bb9f-0739a8b5e99e.jpg
[2025-04-04T12:00:35.984Z] ✅ Uploaded image: DELLAMIDBACKMESHCHAIRBLACK_LDELLAMBNETCHRBLK_05_2000x_443f451b-8214-493a-bc1b-614d848463e4.jpg
[2025-04-04T12:00:38.852Z] ✅ Uploaded image: DELLAMIDBACKMESHCHAIRBLACK_LDELLAMBNETCHRBLK_06_2000x_428d284c-612b-49a3-a033-e7b80fd6d7ef.jpg
[2025-04-04T12:00:41.460Z] ✅ Uploaded image: DELLAMIDBACKMESHCHAIRBLACK_LDELLAMBNETCHRBLK_07_2000x_589f2a81-aac9-4bd0-a04e-1d55f90c625f.jpg
[2025-04-04T12:00:43.892Z] ✅ Uploaded image: DELLAMIDBACKMESHCHAIRBLACK_LDELLAMBNETCHRBLK_09_2000x_3675855a-9cec-4fa3-8b6f-8ceeec62f3fb.jpg
[2025-04-04T12:00:47.866Z] ✅ Uploaded image: DELLAMIDBACKMESHCHAIRBLACK_LDELLAMBNETCHRBLK_10_2000x_7aab170d-6bfb-40e6-8779-a44f1a552478.jpg
[2025-04-04T12:00:48.959Z] ✅ Created: Bentwood Della 804 Netted Mid Back Chair (Black) (RvKg2H7lodOtU53j0wMX65)
[2025-04-04T12:00:51.462Z] Processing ith product: 
[2025-04-04T12:00:51.464Z] 
🛒 (21/24) Processing: Bentwood 805 Netted Mid Back Chair (Black) (bentwood-805-netted-mid-back-chair-black)
[2025-04-04T12:00:54.234Z] ✅ Uploaded image: OIELANTRAMBBLK_4_800x_93867a39-7f74-4ed9-92c0-26e7d3fbe2d2.jpg
[2025-04-04T12:00:56.097Z] ✅ Uploaded image: OIELANTRAMBBLK_1_800x_62be04d2-fca8-40d2-b886-ed72dd4f0d95.jpg
[2025-04-04T12:00:58.545Z] ✅ Uploaded image: OIELANTRAMBBLK_2_800x_b45f6696-f80d-4de6-bd71-f0d3044b8bae.jpg
[2025-04-04T12:01:01.542Z] ✅ Uploaded image: OIELANTRAMBBLK_5_800x_b9db76b4-9ebf-44da-bc7a-9694432a2536.jpg
[2025-04-04T12:01:03.396Z] ✅ Uploaded image: OIELANTRAMBBLK_6_800x_5219f870-c2de-469c-a5c5-fe429c6ce0db.jpg
[2025-04-04T12:01:05.888Z] ✅ Uploaded image: OIELANTRAMBBLK_3_copy_800x_04eca117-b668-4bbd-80ce-b225009ea163.jpg
[2025-04-04T12:01:07.101Z] ✅ Created: Bentwood 805 Netted Mid Back Chair (Black) (NAyt17tvF8Uyd8nWvDraAQ)
[2025-04-04T12:01:09.604Z] Processing ith product: 
[2025-04-04T12:01:09.608Z] 
🛒 (22/24) Processing: Nilkamal Crown High Back Office Chair (nilkamal-crown-high-back-office-chair)
[2025-04-04T12:01:13.996Z] ✅ Uploaded image: CROWN-HIGH-BACK-OFFICE-CHAIR-BLACK_OICROWNHBOCBLK_01_2000x_390b7ac6-a769-4c2b-8f0f-5e42fe028f28.jpg
[2025-04-04T12:01:16.782Z] ✅ Uploaded image: CROWN-HIGH-BACK-OFFICE-CHAIR-BLACK_OICROWNHBOCBLK_02_2000x_30533e8d-ca93-46d4-bcdc-504ee682733d.jpg
[2025-04-04T12:01:19.184Z] ✅ Uploaded image: CROWN-HIGH-BACK-OFFICE-CHAIR-BLACK_OICROWNHBOCBLK_03_2000x_f252f1b0-f0ea-417d-b60f-34525571002c.jpg
[2025-04-04T12:01:22.029Z] ✅ Uploaded image: CROWN-HIGH-BACK-OFFICE-CHAIR-BLACK_OICROWNHBOCBLK_04_2000x_388aa611-04d9-4539-9ea1-fcda224f17de.jpg
[2025-04-04T12:01:24.588Z] ✅ Uploaded image: CROWN-HIGH-BACK-OFFICE-CHAIR-BLACK_OICROWNHBOCBLK_05_2000x_f26ad1d1-f86a-48e9-81f1-dbe11d176940.jpg
[2025-04-04T12:01:27.456Z] ✅ Uploaded image: CROWN-HIGH-BACK-OFFICE-CHAIR-BLACK_OICROWNHBOCBLK_06_2000x_7ca782f6-0390-4c5e-8f3f-f1d59cacb4a5.jpg
[2025-04-04T12:01:30.973Z] ✅ Uploaded image: CROWN-HIGH-BACK-OFFICE-CHAIR-BLACK_OICROWNHBOCBLK_07_2000x_f9feecca-2c0e-4f38-b750-8602ab93d835.jpg
[2025-04-04T12:01:33.011Z] ✅ Uploaded image: CROWN-HIGH-BACK-OFFICE-CHAIR-BLACK_OICROWNHBOCBLK_08_2000x_8f347b39-1e54-43ce-aab4-315881bb611b.jpg
[2025-04-04T12:01:35.223Z] ✅ Uploaded image: CROWN-HIGH-BACK-OFFICE-CHAIR-BLACK_OICROWNHBOCBLK_09_2000x_a88be0bd-a1d6-4f4c-b721-90fc1a772551.jpg
[2025-04-04T12:01:36.860Z] ✅ Created: Nilkamal Crown High Back Office Chair (eRwpsf0cFY10llMTdAdOEV)
[2025-04-04T12:01:39.363Z] Processing ith product: 
[2025-04-04T12:01:39.365Z] 
🛒 (23/24) Processing: Nilkamal Cera Mid Back Mesh Chair (nilkamal-cera-mid-back-mesh-chair)
[2025-04-04T12:01:42.931Z] ✅ Uploaded image: CERAMIDBACKMESHCHAIRBLACK_OLCERAMBMSHCHRBLK_01_1_2000x_14caf05a-0f9a-49b5-8123-573e41323ab5.jpg
[2025-04-04T12:01:45.297Z] ✅ Uploaded image: CERAMIDBACKMESHCHAIRBLACK_OLCERAMBMSHCHRBLK_02_2000x_740b8757-8d9a-44f2-a380-e000348ec3d7.jpg
[2025-04-04T12:01:47.641Z] ✅ Uploaded image: CERAMIDBACKMESHCHAIRBLACK_OLCERAMBMSHCHRBLK_04_1_2000x_48ad7f5a-07c6-4fda-91b8-3b59bc49e5b4.jpg
[2025-04-04T12:01:49.350Z] ✅ Uploaded image: CERAMIDBACKMESHCHAIRBLACK_OLCERAMBMSHCHRBLK_05_2000x_28303972-f16e-413c-b9a0-ec2b47c6ffff.jpg
[2025-04-04T12:01:52.263Z] ✅ Uploaded image: CERAMIDBACKMESHCHAIRBLACK_OLCERAMBMSHCHRBLK_06_1_2000x_b1ca930b-e67f-470d-a48e-2100ce251b6f.jpg
[2025-04-04T12:01:54.023Z] ✅ Uploaded image: CERAMIDBACKMESHCHAIRBLACK_OLCERAMBMSHCHRBLK_07_1_2000x_a929032e-f2ce-43d4-9340-cd61160a57e3.jpg
[2025-04-04T12:01:56.758Z] ✅ Uploaded image: CERAMIDBACKMESHCHAIRBLACK_OLCERAMBMSHCHRBLK_09_1_2000x_48f59691-a038-4053-ad84-8b0790eabfd5.jpg
[2025-04-04T12:01:57.895Z] ✅ Created: Nilkamal Cera Mid Back Mesh Chair (NAyt17tvF8Uyd8nWvDribO)
[2025-04-04T12:02:00.397Z] Processing ith product: 
[2025-04-04T12:02:00.400Z] 
🛒 (24/24) Processing: Nilkamal Aries Mid Back Office Chair (nilkamal-aries-mid-back-office-chair-brown)
[2025-04-04T12:02:04.384Z] ✅ Uploaded image: ARIESMIDBACKOFFICECHAIRBROWN_OIARIESMBOCBRN_01_2000x_6bfd0112-7345-45f6-99d1-e974b51505a6.jpg
[2025-04-04T12:02:06.881Z] ✅ Uploaded image: ARIESMIDBACKOFFICECHAIRBLACK_OIARIESMBOCBLK_00_2000x_2c72b75e-1211-4d4f-8237-ed35bf16ed7f.jpg
[2025-04-04T12:02:09.765Z] ✅ Uploaded image: ARIESMIDBACKOFFICECHAIRBROWN_OIARIESMBOCBRN_02_2000x_2cd87874-59fb-4677-ac91-1274506fe362.jpg
[2025-04-04T12:02:12.362Z] ✅ Uploaded image: ARIESMIDBACKOFFICECHAIRBROWN_OIARIESMBOCBRN_03_2000x_087993d5-9f3f-4f77-8e2d-1d51ceba48c6.jpg
[2025-04-04T12:02:15.158Z] ✅ Uploaded image: ARIESMIDBACKOFFICECHAIRBROWN_OIARIESMBOCBRN_04_2000x_592a0efe-b716-41b1-8880-3271fa88f125.jpg
[2025-04-04T12:02:17.715Z] ✅ Uploaded image: ARIESMIDBACKOFFICECHAIRBLACK_OIARIESMBOCBLK_03_2000x_1c54b95f-f16b-4b0e-bede-66e79881aa42.jpg
[2025-04-04T12:02:20.124Z] ✅ Uploaded image: ARIESMIDBACKOFFICECHAIRBROWN_OIARIESMBOCBRN_05_2000x_41459d41-6ac8-4486-9f92-d0b2bdac5e95.jpg
[2025-04-04T12:02:22.050Z] ✅ Uploaded image: ARIESMIDBACKOFFICECHAIRBLACK_OIARIESMBOCBLK_09_2000x_93c5e12d-dcad-43f1-ab40-0e8bb5209d08.jpg
[2025-04-04T12:02:23.777Z] ✅ Uploaded image: ARIESMIDBACKOFFICECHAIRBROWN_OIARIESMBOCBRN_10_2000x_919a9c12-315e-4d07-a1dd-cdcad3a80b7a.jpg
[2025-04-04T12:02:26.207Z] ✅ Uploaded image: ARIESMIDBACKOFFICECHAIRBROWN_OIARIESMBOCBRN_06_2000x_5a0874a8-5956-45ac-9b50-f797556f135a.jpg
[2025-04-04T12:02:28.260Z] ✅ Uploaded image: ARIESMIDBACKOFFICECHAIRBROWN_OIARIESMBOCBRN_07_2000x_558ab992-0dc6-4c3b-ae18-ea86300982e8.jpg
[2025-04-04T12:02:30.862Z] ✅ Uploaded image: ARIESMIDBACKOFFICECHAIRBROWN_OIARIESMBOCBRN_08_2000x_862e419c-d366-4119-8666-3474e1509c55.jpg
[2025-04-04T12:02:32.907Z] ✅ Uploaded image: ARIESMIDBACKOFFICECHAIRBROWN_OIARIESMBOCBRN_09_2000x_16b47592-ecdb-4de3-a21e-8f9c7ef11501.jpg
[2025-04-04T12:02:35.718Z] ✅ Uploaded image: ARIESMIDBACKOFFICECHAIRBLACK_OIARIESMBOCBLK_01_2000x_ce665aef-29de-4907-a990-88c36b900bd5.jpg
[2025-04-04T12:02:38.446Z] ✅ Uploaded image: ARIESMIDBACKOFFICECHAIRBLACK_OIARIESMBOCBLK_04_2000x_5cb78860-f223-4b01-b556-b11316bb5360.jpg
[2025-04-04T12:02:41.056Z] ✅ Uploaded image: ARIESMIDBACKOFFICECHAIRBLACK_OIARIESMBOCBLK_05_2000x_175e0ff7-231c-4883-89c4-6e41f20714e4.jpg
[2025-04-04T12:02:44.871Z] ✅ Uploaded image: ARIESMIDBACKOFFICECHAIRBLACK_OIARIESMBOCBLK_06_2000x_18932b52-ce87-4ec7-827f-3012f4a33d9d.jpg
[2025-04-04T12:02:47.410Z] ✅ Uploaded image: ARIESMIDBACKOFFICECHAIRBLACK_OIARIESMBOCBLK_07_2000x_c1e3ebce-bc30-43d2-b654-85396b00214a.jpg
[2025-04-04T12:02:50.148Z] ✅ Uploaded image: ARIESMIDBACKOFFICECHAIRBLACK_OIARIESMBOCBLK_08_2000x_a22d3a6c-7a93-4be6-a2d8-c9e0ebcb01e2.jpg
[2025-04-04T12:02:51.221Z] ✅ Created: Nilkamal Aries Mid Back Office Chair (NAyt17tvF8Uyd8nWvDruYU)
[2025-04-04T12:02:53.722Z] 📦 Page 1 done — 22 product(s) scraped.
[2025-04-04T12:02:56.724Z] 
🔎 Scraping page 2: https://www.homegenic.in/collections/revolving-chairs?page=2
[2025-04-04T12:02:57.392Z] Processing ith product: 
[2025-04-04T12:02:57.393Z] 
🛒 (1/10) Processing: Nilkamal Xeon Mid Back Mesh Office Chair (nilkamal-xeon-mid-back-mesh-office-chair)
[2025-04-04T12:03:01.252Z] ✅ Uploaded image: MXEONMBBLK_01_2000x_72c38734-46ac-4cbf-9c56-38cb30139c93.jpg
[2025-04-04T12:03:04.449Z] ✅ Uploaded image: MXEONMBBLK_02_2000x_2a1bda5e-f3f2-4474-882b-7707cd9cadf1.jpg
[2025-04-04T12:03:07.753Z] ✅ Uploaded image: MXEONMBBLK_08_2000x_bae81172-f3ee-4ab3-b239-ec3ac198ee8c.jpg
[2025-04-04T12:03:10.629Z] ✅ Uploaded image: MXEONMBBLK_03_2000x_1974ac58-ad52-49ef-b37a-b6537f6a39af.jpg
[2025-04-04T12:03:12.411Z] ✅ Uploaded image: MXEONMBBLK_04_2000x_f76bee1b-8d70-45c5-8363-8478bf83e2da.jpg
[2025-04-04T12:03:16.309Z] ✅ Uploaded image: MXEONMBBLK_05_2000x_ff2dfe32-3e20-40c0-933b-fd32e8156d58.jpg
[2025-04-04T12:03:19.747Z] ✅ Uploaded image: MXEONMBBLK_06_2000x_e0ea67aa-787a-43f4-a7a7-b9cdb542493a.jpg
[2025-04-04T12:03:22.786Z] ✅ Uploaded image: MXEONMBBLK_07_2000x_98437964-b33a-4aa5-80fe-64a13963ec70.jpg
[2025-04-04T12:03:25.834Z] ✅ Uploaded image: MXEONMBBLK_09_2000x_ef9a1e24-a5cc-43d6-aac3-402c6daf9465.jpg
[2025-04-04T12:03:26.947Z] ✅ Created: Nilkamal Xeon Mid Back Mesh Office Chair (NAyt17tvF8Uyd8nWvDrxle)
[2025-04-04T12:03:29.449Z] Processing ith product: 
[2025-04-04T12:03:29.454Z] 
🛒 (2/10) Processing: Nilkamal Zydo High Back Office Chair (nilkamal-zydo-high-back-office-chair)
[2025-04-04T12:03:33.097Z] ✅ Uploaded image: ZYDO-HIGH-BACK-OFFICE-CHAIR-BLACK_OIZYDOHBOCBLK_01_2000x_35c88b52-4d88-4b28-83c0-5c2d13373d17.jpg
[2025-04-04T12:03:34.977Z] ✅ Uploaded image: ZYDO-HIGH-BACK-OFFICE-CHAIR-BLACK_OIZYDOHBOCBLK_04_2000x_c20725c8-a146-4bec-93bd-c0b232daab0f.jpg
[2025-04-04T12:03:36.897Z] ✅ Uploaded image: ZYDO-HIGH-BACK-OFFICE-CHAIR-BLACK_OIZYDOHBOCBLK_02_2000x_7e482b62-f491-4e50-82b1-bdb827b8631e.jpg
[2025-04-04T12:03:40.199Z] ✅ Uploaded image: ZYDO-HIGH-BACK-OFFICE-CHAIR-BLACK_OIZYDOHBOCBLK_03_2000x_3b77dd67-25f7-43f6-b63f-4dd2741c1182.jpg
[2025-04-04T12:03:42.873Z] ✅ Uploaded image: ZYDO-HIGH-BACK-OFFICE-CHAIR-BLACK_OIZYDOHBOCBLK_05_2000x_b5e06084-9969-4c13-b693-487d81dc45ed.jpg
[2025-04-04T12:03:45.594Z] ✅ Uploaded image: ZYDO-HIGH-BACK-OFFICE-CHAIR-BLACK_OIZYDOHBOCBLK_06_2000x_edf28466-8eea-49d3-a6e1-75f9424949e8.jpg
[2025-04-04T12:03:48.871Z] ✅ Uploaded image: ZYDO-HIGH-BACK-OFFICE-CHAIR-BLACK_OIZYDOHBOCBLK_07_2000x_2999daf0-87b7-4d7b-ac85-b642532fde9e.jpg
[2025-04-04T12:03:51.301Z] ✅ Uploaded image: ZYDO-HIGH-BACK-OFFICE-CHAIR-BLACK_OIZYDOHBOCBLK_08_2000x_6beaf85c-71fd-4bbf-80a9-8420943dc9f0.jpg
[2025-04-04T12:03:57.571Z] ✅ Uploaded image: ZYDO-HIGH-BACK-OFFICE-CHAIR-BLACK_OIZYDOHBOCBLK_09_2000x_9a990f06-5b10-4b01-b16e-4357f5f904b5.jpg
[2025-04-04T12:03:58.969Z] ✅ Created: Nilkamal Zydo High Back Office Chair (NAyt17tvF8Uyd8nWvDs2Cg)
[2025-04-04T12:04:01.471Z] Processing ith product: 
[2025-04-04T12:04:01.475Z] 
🛒 (3/10) Processing: Nilkamal Acqua High Back Mesh Office Chair (nilkamal-acqua-high-back-mesh-office-chair)
[2025-04-04T12:04:05.416Z] ✅ Uploaded image: ACQUAHIGHBACKOFFICEMESHCHAIRBLACK_1_2000x_54b692f2-c1f3-45d2-91cf-7ab66069cf50.jpg
[2025-04-04T12:04:08.221Z] ✅ Uploaded image: ACQUAHIGHBACKOFFICEMESHCHAIRBLACK_4_2000x_a712b7ff-7dfb-4008-b1c7-261daa60f43d.jpg
[2025-04-04T12:04:10.851Z] ✅ Uploaded image: ACQUAHIGHBACKOFFICEMESHCHAIRBLACK_7_2000x_a026d97e-f7d0-4361-be71-3701a36142ee.jpg
[2025-04-04T12:04:13.359Z] ✅ Uploaded image: ACQUAHIGHBACKOFFICEMESHCHAIRBLACK_6_2000x_54e0a995-555d-4217-ade4-2d4dbe35dfe4.jpg
[2025-04-04T12:04:16.056Z] ✅ Uploaded image: ACQUAHIGHBACKOFFICEMESHCHAIRBLACK_3_2000x_c9b76c28-0d47-40f4-95ee-6d1b62ba663e.jpg
[2025-04-04T12:04:17.893Z] ✅ Uploaded image: ACQUAHIGHBACKOFFICEMESHCHAIRBLACK_2_2000x_99d7c47b-45f0-4130-8c0c-5ab79971f6fb.jpg
[2025-04-04T12:04:19.997Z] ✅ Uploaded image: ACQUAHIGHBACKOFFICEMESHCHAIRBLACK_5_2000x_2e60cd48-b536-4e18-8a45-5bc5d2cd1a95.jpg
[2025-04-04T12:04:23.217Z] ✅ Uploaded image: ACQUAHIGHBACKOFFICEMESHCHAIRBLACK_8_2000x_bd8ab77a-0302-4e65-8279-576a5a479a96.jpg
[2025-04-04T12:04:27.322Z] ✅ Uploaded image: ACQUAHIGHBACKOFFICEMESHCHAIRBLACK_9_2000x_846c2cd8-50d7-4007-b539-73ea0be6e55b.jpg
[2025-04-04T12:04:28.549Z] ✅ Created: Nilkamal Acqua High Back Mesh Office Chair (eRwpsf0cFY10llMTdAeiM2)
[2025-04-04T12:04:31.053Z] Processing ith product: 
[2025-04-04T12:04:31.056Z] 
🛒 (4/10) Processing: Nilkamal Mustang Mid Back Office Chair (nilkamal-mustang-mid-back-office-chair)
[2025-04-04T12:04:33.921Z] ✅ Uploaded image: MUSTANGMBMESHCHAIRBLACK_LMUSTNMBNETCHRBLK_01_2000x_b46d05be-5486-4c0e-b4b0-e241933c1151.jpg
[2025-04-04T12:04:37.159Z] ✅ Uploaded image: MUSTANGMBMESHCHAIRBLACK_LMUSTNMBNETCHRBLK_08_1_2000x_f05c3492-948b-4f31-836c-706ad24f8538.jpg
[2025-04-04T12:04:40.447Z] ✅ Uploaded image: MUSTANGMBMESHCHAIRBLACK_LMUSTNMBNETCHRBLK_02_2000x_20ba4e47-ad1c-4b22-ac1e-f63bdbd74998.jpg
[2025-04-04T12:04:43.353Z] ✅ Uploaded image: MUSTANGMBMESHCHAIRBLACK_LMUSTNMBNETCHRBLK_03_2000x_8506072c-ad98-4a98-9163-3fd5e2ac1591.jpg
[2025-04-04T12:04:45.227Z] ✅ Uploaded image: MUSTANGMBMESHCHAIRBLACK_LMUSTNMBNETCHRBLK_04_2000x_b3bd27d8-2fe4-439d-a0aa-32d6dfff3b66.jpg
[2025-04-04T12:04:48.112Z] ✅ Uploaded image: MUSTANGMBMESHCHAIRBLACK_LMUSTNMBNETCHRBLK_07_2000x_5902beae-0bd1-487f-8867-df27687688e5.jpg
[2025-04-04T12:04:56.782Z] ✅ Uploaded image: MUSTANGMBMESHCHAIRBLACK_LMUSTNMBNETCHRBLK_09_2000x_08d8f77e-82d5-4b5f-b26e-cbd02472b35e.jpg
[2025-04-04T12:04:57.622Z] ✅ Created: Nilkamal Mustang Mid Back Office Chair (NAyt17tvF8Uyd8nWvDsAZa)
[2025-04-04T12:05:00.125Z] Processing ith product: 
[2025-04-04T12:05:00.129Z] 
🛒 (5/10) Processing: Nilkamal Lyon High Back Office Chair (Black) (nilkamal-lyon-high-back-office-chair-black)
[2025-04-04T12:05:07.572Z] ✅ Uploaded image: LYON-HIGH-BACK-OFFICE-CHAIR-BLACK_OILYONHBOCBLK_01_2000x_f1ddbcda-90e5-41be-8bee-1b8b6cf23fe7.jpg
[2025-04-04T12:05:10.725Z] ✅ Uploaded image: LYON-HIGH-BACK-OFFICE-CHAIR-BLACK_OILYONHBOCBLK_02_2000x_16e962bf-29fc-4e06-9c31-aac875bae874.jpg
[2025-04-04T12:05:13.384Z] ✅ Uploaded image: LYON-HIGH-BACK-OFFICE-CHAIR-BLACK_OILYONHBOCBLK_04_2000x_838c8951-f51e-438a-b12d-8db0148c16c8.jpg
[2025-04-04T12:05:16.009Z] ✅ Uploaded image: LYON-HIGH-BACK-OFFICE-CHAIR-BLACK_OILYONHBOCBLK_03_2000x_f39d852d-7de7-4805-93c7-a9274534d573.jpg
[2025-04-04T12:05:18.870Z] ✅ Uploaded image: LYON-HIGH-BACK-OFFICE-CHAIR-BLACK_OILYONHBOCBLK_05_2000x_ac82a538-8f05-4b0b-89b8-f072b7e82050.jpg
[2025-04-04T12:05:20.952Z] ✅ Uploaded image: LYON-HIGH-BACK-OFFICE-CHAIR-BLACK_OILYONHBOCBLK_06_2000x_1652ba66-6a19-4bff-bf6d-5a0c14c52000.jpg
[2025-04-04T12:05:23.423Z] ✅ Uploaded image: LYON-HIGH-BACK-OFFICE-CHAIR-BLACK_OILYONHBOCBLK_07_2000x_7d59296a-b981-414d-ad34-023b530e9af2.jpg
[2025-04-04T12:05:25.301Z] ✅ Uploaded image: LYON-HIGH-BACK-OFFICE-CHAIR-BLACK_OILYONHBOCBLK_08_2000x_96fc5876-a4d9-4514-8e0e-63da9c72e68f.jpg
[2025-04-04T12:05:27.176Z] ✅ Uploaded image: LYON-HIGH-BACK-OFFICE-CHAIR-BLACK_OILYONHBOCBLK_09_2000x_737181c9-5354-4815-bfe2-5035472fc7c7.jpg
[2025-04-04T12:05:29.733Z] ✅ Uploaded image: LYON-HIGH-BACK-OFFICE-CHAIR-BLACK_OILYONHBOCBLK_05_2000x_336d3efb-f378-45ea-b1e1-b3bc781b1cb3.jpg
[2025-04-04T12:05:30.698Z] ✅ Created: Nilkamal Lyon High Back Office Chair (Black) (RvKg2H7lodOtU53j0wMmub)
[2025-04-04T12:05:33.201Z] Processing ith product: 
[2025-04-04T12:05:33.204Z] 
🛒 (6/10) Processing: Nilkamal Luzo High Back Office Chair (Black) (nilkamal-luzo-high-back-office-chair-black)
[2025-04-04T12:05:37.161Z] ✅ Uploaded image: LUZO-HIGH-BACK-OFFICE-CHAIR-BLACK_OILUZOHBOCBLK_01_2000x_1b62088d-0cd2-4149-9c28-7cd7074697ba.jpg
[2025-04-04T12:05:39.014Z] ✅ Uploaded image: LUZO-HIGH-BACK-OFFICE-CHAIR-BLACK_OILUZOHBOCBLK_02_2000x_223af0b1-ea81-4d26-b20b-a993f8bc0bec.jpg
[2025-04-04T12:05:41.266Z] ✅ Uploaded image: LUZO-HIGH-BACK-OFFICE-CHAIR-BLACK_OILUZOHBOCBLK_04_2000x_f391c824-2187-448b-8f2a-63528be72187.jpg
[2025-04-04T12:05:43.135Z] ✅ Uploaded image: LUZO-HIGH-BACK-OFFICE-CHAIR-BLACK_OILUZOHBOCBLK_03_2000x_a7ae79c4-c6fa-4dfd-be6a-c1c2a7961499.jpg
[2025-04-04T12:05:44.926Z] ✅ Uploaded image: LUZO-HIGH-BACK-OFFICE-CHAIR-BLACK_OILUZOHBOCBLK_06_2000x_0e72fe18-ed4f-4237-acc8-b8d5e02c4953.jpg
[2025-04-04T12:05:46.787Z] ✅ Uploaded image: LUZO-HIGH-BACK-OFFICE-CHAIR-BLACK_OILUZOHBOCBLK_07_2000x_b1735b58-f708-4cdd-9263-3aae53de7b27.jpg
[2025-04-04T12:05:49.189Z] ✅ Uploaded image: LUZO-HIGH-BACK-OFFICE-CHAIR-BLACK_OILUZOHBOCBLK_08_2000x_7c4d1252-d3c4-4af8-85bc-05e6bd08d508.jpg
[2025-04-04T12:05:51.791Z] ✅ Uploaded image: LUZO-HIGH-BACK-OFFICE-CHAIR-BLACK_OILUZOHBOCBLK_09_2000x_fc0f8c50-2bc1-47c6-bf2b-431caf7a8a48.jpg
[2025-04-04T12:05:54.665Z] ✅ Uploaded image: LUZO-HIGH-BACK-OFFICE-CHAIR-BLACK_OILUZOHBOCBLK_05_2000x_13117aed-ab1d-4f65-8f59-4a04fa1342d7.jpg
[2025-04-04T12:05:55.638Z] ✅ Created: Nilkamal Luzo High Back Office Chair (Black) (RvKg2H7lodOtU53j0wMnfD)
[2025-04-04T12:05:58.142Z] Processing ith product: 
[2025-04-04T12:05:58.144Z] 
🛒 (7/10) Processing: Nilkamal Royce High Back Office Chair (Black) (nilkamal-royce-high-back-office-chair-black)
[2025-04-04T12:06:02.024Z] ✅ Uploaded image: nilkamal-freedom-mini-medium-cabinet-nilkamal-freedom-mini-medium-cabinet-0r1gny.jpg
[2025-04-04T12:06:04.043Z] ✅ Uploaded image: ROYCE-HIGH-BACK-OFFICE-CHAIR-BLACK_OIROYCEHBOCBLK_02_2000x_61a02323-6640-4185-8a83-8b088fef08d5.jpg
[2025-04-04T12:06:06.943Z] ✅ Uploaded image: ROYCE-HIGH-BACK-OFFICE-CHAIR-BLACK_OIROYCEHBOCBLK_03_2000x_0006e55c-7ef3-4d53-ba35-1028719588ac.jpg
[2025-04-04T12:06:09.201Z] ✅ Uploaded image: ROYCE-HIGH-BACK-OFFICE-CHAIR-BLACK_OIROYCEHBOCBLK_04_2000x_7bd76f1e-0151-4bfe-99d2-2f51e5ac4dae.jpg
[2025-04-04T12:06:12.091Z] ✅ Uploaded image: ROYCE-HIGH-BACK-OFFICE-CHAIR-BLACK_OIROYCEHBOCBLK_05_2000x_6eecd5ed-7e77-4e1c-bbb3-a70e2f7296dc.jpg
[2025-04-04T12:06:14.079Z] ✅ Uploaded image: ROYCE-HIGH-BACK-OFFICE-CHAIR-BLACK_OIROYCEHBOCBLK_06_2000x_4e745f61-e06f-45ca-8d2b-e7f66de96cd1.jpg
[2025-04-04T12:06:15.897Z] ✅ Uploaded image: ROYCE-HIGH-BACK-OFFICE-CHAIR-BLACK_OIROYCEHBOCBLK_07_2000x_c67d0c69-6de1-48b4-87a5-1a06ce9da00d.jpg
[2025-04-04T12:06:18.669Z] ✅ Uploaded image: ROYCE-HIGH-BACK-OFFICE-CHAIR-BLACK_OIROYCEHBOCBLK_08_2000x_66a952ff-015c-43e7-99c2-420225112ecb.jpg
[2025-04-04T12:06:20.556Z] ✅ Uploaded image: ROYCE-HIGH-BACK-OFFICE-CHAIR-BLACK_OIROYCEHBOCBLK_09_2000x_7474316c-1723-4749-a46a-9979ec1e9d25.jpg
[2025-04-04T12:06:21.656Z] ✅ Created: Nilkamal Royce High Back Office Chair (Black) (NAyt17tvF8Uyd8nWvDsKRy)
[2025-04-04T12:06:24.159Z] Processing ith product: 
[2025-04-04T12:06:24.162Z] 
🛒 (8/10) Processing: Acme Elantra Mid Back Mesh Office Chair 1210 (Black) (acme-elantra-mid-back-mesh-office-chair-1210-black)
[2025-04-04T12:06:27.425Z] ✅ Uploaded image: 05.png
[2025-04-04T12:06:30.497Z] ✅ Uploaded image: 04.png
[2025-04-04T12:06:32.867Z] ✅ Uploaded image: SmartSelect_20201001-185812_Alibabacom.jpg
[2025-04-04T12:06:35.588Z] ✅ Uploaded image: SmartSelect_20201001-185311_Alibabacom.jpg
[2025-04-04T12:06:38.104Z] ✅ Uploaded image: SmartSelect_20201001-185238_Alibabacom.jpg
[2025-04-04T12:06:40.267Z] ✅ Uploaded image: 03.png
[2025-04-04T12:06:42.337Z] ✅ Uploaded image: 01.png
[2025-04-04T12:06:44.209Z] ✅ Uploaded image: 02.png
[2025-04-04T12:06:47.364Z] ✅ Uploaded image: SmartSelect_20201001-184554_Alibabacom.jpg
[2025-04-04T12:06:49.965Z] ✅ Uploaded image: SmartSelect_20201001-184544_Alibabacom.jpg
[2025-04-04T12:06:50.674Z] ✅ Created: Acme Elantra Mid Back Mesh Office Chair 1210 (Black) (NAyt17tvF8Uyd8nWvDsT3m)
[2025-04-04T12:06:53.178Z] Processing ith product: 
[2025-04-04T12:06:53.183Z] 
🛒 (9/10) Processing: Nilkamal Mars Mid Back Ergonomic Fabric Chair (Black) (nilkamal-mars-mid-back-ergonomic-fabric-chair-black)
[2025-04-04T12:06:56.226Z] ✅ Uploaded image: mars-office-chair-in-black-colour-by-nilkamal-mars-office-chair-in-black-colour-by-nilkamal-zzir2c.jpg
[2025-04-04T12:06:58.262Z] ✅ Uploaded image: 61uNL4AM7tL._SL1500_695717e3-4e4c-4d8e-96b2-ae812337978d.jpg
[2025-04-04T12:07:00.609Z] ✅ Uploaded image: pp-oimarsochrblk-nilkamal-original-imaf7ftu9s3tya9q_0b69ac99-0e48-4690-a1f8-dc6bbefba767.jpg
[2025-04-04T12:07:02.493Z] ✅ Uploaded image: pp-oimarsochrblk-nilkamal-original-imaf7ftusnzetgt7_8df53be9-5141-4ce4-b46b-cae6e66e6ca2.jpg
[2025-04-04T12:07:04.106Z] ✅ Uploaded image: 613jdKbK3RL._SL1500_8a5473cb-e7cb-43ce-ad6a-092e1d914a75.jpg
[2025-04-04T12:07:06.669Z] ✅ Uploaded image: 61_33GBXDEL._SL1500_f7fbf9ae-1fb9-4474-82c2-5c14e1924347.jpg
[2025-04-04T12:07:08.636Z] ✅ Uploaded image: 61WjdmsLm2L._SL1500_2b3f3536-1ff5-4536-bfbb-5391932fd028.jpg
[2025-04-04T12:07:09.707Z] ✅ Created: Nilkamal Mars Mid Back Ergonomic Fabric Chair (Black) (NAyt17tvF8Uyd8nWvDsWva)
[2025-04-04T12:07:12.210Z] Processing ith product: 
[2025-04-04T12:07:12.214Z] 
🛒 (10/10) Processing: Nilkamal Mayor Low Back Office Chair (Black) (nilkamal-mayor-low-back-office-chair-matte-finish-black)
[2025-04-04T12:07:15.230Z] ✅ Uploaded image: MAYOR_LOW_BACK_LS_2000x_9e356c45-34d2-4930-b21b-b0710fda0060.jpg
[2025-04-04T12:07:17.669Z] ✅ Uploaded image: 61BbNKZrPdL._SL1500.jpg
[2025-04-04T12:07:19.913Z] ✅ Uploaded image: 81h9hu0kttL._SL1500.jpg
[2025-04-04T12:07:22.623Z] ✅ Uploaded image: 61RXL7hk5jL._SL1500.jpg
[2025-04-04T12:07:24.527Z] ✅ Uploaded image: 61jQdx5sskL._SL1500.jpg
[2025-04-04T12:07:26.356Z] ✅ Uploaded image: 61pvmvKP6QL._SL1500.jpg
[2025-04-04T12:07:28.241Z] ✅ Uploaded image: 61v3O6pOq6L._SL1500.jpg
[2025-04-04T12:07:31.012Z] ✅ Uploaded image: C0A8137-1_-_Copy_2000x_52b112a6-02de-4957-a53e-0da992cd56b1.jpg
[2025-04-04T12:07:31.766Z] ✅ Created: Nilkamal Mayor Low Back Office Chair (Black) (eRwpsf0cFY10llMTdAfWvW)
[2025-04-04T12:07:34.269Z] 📦 Page 2 done — 10 product(s) scraped.
[2025-04-04T12:07:37.272Z] 
🔎 Scraping page 3: https://www.homegenic.in/collections/revolving-chairs?page=3
[2025-04-04T12:07:37.846Z] 📦 Page 3 done — 0 product(s) scraped.
[2025-04-04T12:07:37.846Z] ✅ No more products. Scraping complete.
[2025-04-04T12:07:37.846Z] 🎉 All pages scraped.
