[2025-04-05T09:23:49.958Z] 🚀 Starting full scrape...
[2025-04-05T09:23:49.959Z] 
🔎 Scraping page 1: https://www.homegenic.in/collections/sofa-set?page=1
[2025-04-05T09:23:50.634Z] Processing ith product: 
[2025-04-05T09:23:50.635Z] 
🛒 (1/6) Processing: Nilkamal Goa Sofa Three, Two, One Seater & Complete Sofa Set (Season Rust Brown) (nilkamal-goa-sofa-three-two-one-complete-sofa-set)
[2025-04-05T09:23:54.721Z] ✅ Uploaded image: brown_set_311.jpg
[2025-04-05T09:23:57.361Z] ✅ Uploaded image: 01_d521721e-39c7-4978-9cbb-2979983c45c0.jpg
[2025-04-05T09:23:59.954Z] ✅ Uploaded image: 55931184_443728649736214_6424927804122051251_n.jpg
[2025-04-05T09:24:02.981Z] ✅ Uploaded image: Fullscreen_capture_09-11-2019_193229.jpg
[2025-04-05T09:24:05.886Z] ✅ Uploaded image: Fullscreen_capture_09-11-2019_192633.jpg
[2025-04-05T09:24:08.863Z] ✅ Uploaded image: 71xYXgtGTAL._SL1500.jpg
[2025-04-05T09:24:12.450Z] ✅ Uploaded image: 02_beec323c-e3cf-47b3-abd5-7754ee41b507.jpg
[2025-04-05T09:24:15.493Z] ✅ Uploaded image: 03_70f7048d-78f8-4149-a03b-91029f211d55.jpg
[2025-04-05T09:24:17.838Z] ✅ Uploaded image: 04_1ab19c4f-cc9d-4913-948f-923bc63cbc71.jpg
[2025-04-05T09:24:20.356Z] ✅ Uploaded image: 05_2337a0f1-e371-4b5f-8a9e-e7b20befd9a4.jpg
[2025-04-05T09:24:21.921Z] ✅ Uploaded image: 06_fdeb44c7-7da3-4d3e-8960-7dbd75eb89f6.jpg
[2025-04-05T09:24:24.004Z] ✅ Uploaded image: 07.jpg
[2025-04-05T09:24:25.965Z] ✅ Uploaded image: 713CrG4kg9L._SL1500.jpg
[2025-04-05T09:24:27.543Z] ✅ Uploaded image: Fullscreen_capture_09-11-2019_192918.jpg
[2025-04-05T09:24:30.237Z] ✅ Uploaded image: Fullscreen_capture_09-11-2019_192950.jpg
[2025-04-05T09:24:31.897Z] ✅ Uploaded image: Fullscreen_capture_09-11-2019_193019.jpg
[2025-04-05T09:24:33.979Z] ✅ Uploaded image: Fullscreen_capture_09-11-2019_193254.jpg
[2025-04-05T09:24:35.487Z] ✅ Uploaded image: Fullscreen_capture_09-11-2019_193321.jpg
[2025-04-05T09:24:37.321Z] ✅ Uploaded image: Fullscreen_capture_09-11-2019_193349.jpg
[2025-04-05T09:24:38.889Z] ✅ Uploaded image: Fullscreen_capture_09-11-2019_193417.jpg
[2025-04-05T09:24:40.435Z] ✅ Uploaded image: 08.jpg
[2025-04-05T09:24:42.178Z] ✅ Uploaded image: Fullscreen_capture_09-11-2019_192835.jpg
[2025-04-05T09:24:43.895Z] ✅ Uploaded image: two_seater.jpg
[2025-04-05T09:24:45.058Z] ✅ Created: Nilkamal Goa Sofa Three, Two, One Seater & Complete Sofa Set (Season Rust Brown) (RvKg2H7lodOtU53j0yCgbB)
[2025-04-05T09:24:47.560Z] Processing ith product: 
[2025-04-05T09:24:47.576Z] 
🛒 (2/6) Processing: Nilkamal Flint Two Seater Sofa cum Bed (Black) (nilkamal-flint-two-seater-sofa-cum-bed-black)
[2025-04-05T09:24:50.859Z] ✅ Uploaded image: 81L4jQ3ltIL._SL1500.jpg
[2025-04-05T09:24:53.203Z] ✅ Uploaded image: 81X5Dg1iNDL._SL1500.jpg
[2025-04-05T09:24:55.186Z] ✅ Uploaded image: 71M3fWlZsZL._SL1500.jpg
[2025-04-05T09:24:57.139Z] ✅ Uploaded image: 81CxlOqvGQL._SL1500.jpg
[2025-04-05T09:24:59.642Z] ✅ Uploaded image: 81KwToYHpuL._SL1500.jpg
[2025-04-05T09:25:01.322Z] ✅ Uploaded image: 81cRQRIDW8L._SL1500.jpg
[2025-04-05T09:25:03.934Z] ✅ Uploaded image: 615tB_qejPL._SL1000.jpg
[2025-04-05T09:25:06.123Z] ✅ Uploaded image: 8148GtT-DEL._SL1500.jpg
[2025-04-05T09:25:08.216Z] ✅ Uploaded image: 613Nd7laniL._SL1000.jpg
[2025-04-05T09:25:09.500Z] ✅ Created: Nilkamal Flint Two Seater Sofa cum Bed (Black) (eRwpsf0cFY10llMTdHoHHI)
[2025-04-05T09:25:12.002Z] Processing ith product: 
[2025-04-05T09:25:12.005Z] 
🛒 (3/6) Processing: Nilkamal Full Leatherite Knight Sofa Set 3+1+1 (Brown & Cream) Without Coffee Table (nilkamal-full-leatherite-knight-sofa-set-3-1-1-brown-cream-without-coffee-table)
[2025-04-05T09:25:15.003Z] ✅ Uploaded image: main_1387aed8-0a9d-46be-b5ae-0f38e990f025.jpg
[2025-04-05T09:25:16.934Z] ✅ Uploaded image: SIZE_7837e7de-7a71-42e8-b00d-30b290f9508d.jpg
[2025-04-05T09:25:18.501Z] ✅ Uploaded image: product-500x500_1.jpeg
[2025-04-05T09:25:19.551Z] ✅ Created: Nilkamal Full Leatherite Knight Sofa Set 3+1+1 (Brown & Cream) Without Coffee Table (eRwpsf0cFY10llMTdHoL8o)
[2025-04-05T09:25:22.054Z] Processing ith product: 
[2025-04-05T09:25:22.058Z] 
🛒 (4/6) Processing: Nilkamal Wooden With Leatherite Legacy Sofa Set 3+2 (Oak & Black) Without Coffee Table (nilkamal-wooden-with-leatherite-legacy-sofa-set-3-2-oak-black-without-coffee-table)
[2025-04-05T09:25:25.111Z] ✅ Uploaded image: Main_748c1e65-e5e6-4b7e-b071-00e0f31835fd.jpg
[2025-04-05T09:25:28.230Z] ✅ Uploaded image: 61HQ_f_fn4L._SL1000.jpg
[2025-04-05T09:25:30.917Z] ✅ Uploaded image: 2_seater_size.jpg
[2025-04-05T09:25:32.645Z] ✅ Uploaded image: legacy2strsofadirtyoakblackilegac2sofadokblkfllegac2sofadokblk1.jpg.c307e98828.989x1000x951.jpg
[2025-04-05T09:25:34.072Z] ✅ Uploaded image: descriptions_505f3462-5e1d-4820-b184-1c062ab5dab0.jpg
[2025-04-05T09:25:35.742Z] ✅ Uploaded image: legacy2strsofadirtyoakblackilegac2sofadokblkfllegac2sofadokblk3.jpg.147a984dfa.989x511x577.jpg
[2025-04-05T09:25:37.354Z] ✅ Uploaded image: legacy2strsofadirtyoakblackilegac2sofadokblkfllegac2sofadokblk6.jpg.e8eb416519.989x511x577.jpg
[2025-04-05T09:25:39.329Z] ✅ Uploaded image: 3_seater_size.jpg
[2025-04-05T09:25:41.506Z] ✅ Uploaded image: 3_seater.jpg
[2025-04-05T09:25:42.710Z] ✅ Created: Nilkamal Wooden With Leatherite Legacy Sofa Set 3+2 (Oak & Black) Without Coffee Table (eRwpsf0cFY10llMTdHoQWg)
[2025-04-05T09:25:45.212Z] Processing ith product: 
[2025-04-05T09:25:45.216Z] 
🛒 (5/6) Processing: Nilkamal Wooden With Fabric Manhattan Sofa Set 3+1+1 (Cappuccino) Without Coffee Table By Homegenic® (nilkamal-wooden-with-fabric-manhattan-sofa-set-3-1-1-cappuccino-without-coffee-table-by-homegenic)
[2025-04-05T09:25:48.145Z] ✅ Uploaded image: Main.jpg
[2025-04-05T09:25:49.919Z] ✅ Uploaded image: descriptions.jpg
[2025-04-05T09:25:51.300Z] ✅ Uploaded image: manhattan1seatersofa2.jpg.38139d5fc5.989x511x577.jpg
[2025-04-05T09:25:53.809Z] ✅ Uploaded image: manhattan1seatersofa5.jpg.a6e53cb84f.989x511x577.jpg
[2025-04-05T09:25:55.397Z] ✅ Uploaded image: manhattan1seatersofa6.jpg.dbf834fc91.989x511x577.jpg
[2025-04-05T09:25:57.935Z] ✅ Uploaded image: manhattan3seatersofacappuccinoimanhatan3ssofcapflsfmantn3strcap03.jpg.ab4b5bd4a3.989x511x577.jpg
[2025-04-05T09:25:59.491Z] ✅ Uploaded image: manhattan3seatersofacappuccinoimanhatan3ssofcapflsfmantn3strcap04.jpg.972bafe870.989x511x577.jpg
[2025-04-05T09:26:01.206Z] ✅ Uploaded image: manhattan3seatersofacappuccinoimanhatan3ssofcapflsfmantn3strcap05.jpg.bc032bd1b7.989x511x577.jpg
[2025-04-05T09:26:02.846Z] ✅ Uploaded image: manhattan3seatersofacappuccinoimanhatan3ssofcapflsfmantn3strcap06.jpg.138c2056ae.989x511x577.jpg
[2025-04-05T09:26:04.523Z] ✅ Uploaded image: manhattan3seatersofacappuccinoimanhatan3ssofcapflsfmantn3strcap07.jpg.c538b75913.989x511x577.jpg
[2025-04-05T09:26:05.766Z] ✅ Created: Nilkamal Wooden With Fabric Manhattan Sofa Set 3+1+1 (Cappuccino) Without Coffee Table By Homegenic® (eRwpsf0cFY10llMTdHoW1o)
[2025-04-05T09:26:08.269Z] Processing ith product: 
[2025-04-05T09:26:08.273Z] 
🛒 (6/6) Processing: Nilkamal Breeze set of 2 Chairs with Coffee Table (Weather Brown) (nilkamal-divine-set-of-2-chairs-with-coffee-table-black)
[2025-04-05T09:26:11.751Z] ✅ Uploaded image: pebblely-2023-02-25T235145.677_1200x_eeca62e6-8541-4be0-9c41-1826ac608ac6.jpg
[2025-04-05T09:26:15.968Z] ✅ Uploaded image: new.png
[2025-04-05T09:26:17.829Z] ✅ Uploaded image: 593bbbeaf80e40e4a329f285009fc9bd.thumbnail.0000000.jpg
[2025-04-05T09:26:19.705Z] ✅ Uploaded image: DIVINESETOF2CHAIRSWITCOFFETABLBLK_IDIVST2CHRWTCOBLK_01_800x_fc8522aa-69b8-48ee-aa2c-9e1d9a1bbbd4.jpg
[2025-04-05T09:26:21.617Z] ✅ Uploaded image: DIVINECHAIRSBLK_01_800x_98b98e1a-732a-4e8e-9591-53609fc1942c.jpg
[2025-04-05T09:26:23.289Z] ✅ Uploaded image: DIVINECHAIRSBLK_03_800x_9fd39bc5-3eff-404b-81bb-fd537fbc1b19.jpg
[2025-04-05T09:26:25.885Z] ✅ Uploaded image: DIVINECOFFETABLBLK_03_800x_979296cb-c5f8-4584-a2da-ad7d10cfe820.jpg
[2025-04-05T09:26:27.648Z] ✅ Uploaded image: DIVINECHAIRSBLK_05_800x_885b7134-9007-4716-8aa2-5e069896e305.jpg
[2025-04-05T09:26:30.029Z] ✅ Uploaded image: DIVINECOFFETABLBLK_01_800x_13aa1b89-882a-4248-a6d1-77f95d2809a5.jpg
[2025-04-05T09:26:31.884Z] ✅ Uploaded image: DIVINESETOF2CHAIRSWITCOFFETABLBLK_IDIVST2CHRWTCOBLK_02_800x_fa9e7d3c-32a3-4d47-9ad8-0e415d60d216.jpg
[2025-04-05T09:26:33.618Z] ✅ Uploaded image: DIVINECOFFETABLBLK_04_800x_f839c283-82e8-4bfa-a6b0-c40657636cc3.jpg
[2025-04-05T09:26:35.289Z] ✅ Uploaded image: DIVINECHAIRSBLK_06_800x_3a05ba15-e143-46d0-a5ec-ccbce3232012.jpg
[2025-04-05T09:26:37.468Z] ✅ Uploaded image: DIVINECHAIRSBLK_07_800x_4f7e92f7-b489-43d8-aaf9-03ae4e88c7e1.jpg
[2025-04-05T09:26:38.956Z] ✅ Uploaded image: DIVINECOFFETABLBLK_05_800x_aaf5d041-c0b9-4a17-bb8a-43abffed1d20.jpg
[2025-04-05T09:26:40.758Z] ✅ Uploaded image: DIVINECHAIRSBLK_08_800x_02e89e4c-9b9c-43a3-a293-fbcc1dec98a1.jpg
[2025-04-05T09:26:42.904Z] ✅ Uploaded image: A3BreezeOutdoorSetPoster_page-0001_1200x_1e095100-a30f-4915-b5b2-912c302d5d35.jpg
[2025-04-05T09:26:44.655Z] ✅ Uploaded image: brreze4_1200x_4627bbc2-7712-4ca6-b782-ce01e0c4ad9d.jpg
[2025-04-05T09:26:46.921Z] ✅ Uploaded image: 117_1200x_50b24fe1-c099-466b-bd40-c46a5d9d71a9.jpg
[2025-04-05T09:26:48.864Z] ✅ Uploaded image: z2_1200x_5d88adc5-c4ca-4ce7-bdf0-4b6cba092cc1.jpg
[2025-04-05T09:26:51.190Z] ✅ Uploaded image: 1_07_1200x_b9c07e8a-a45a-496b-8bf0-945204123eed.jpg
[2025-04-05T09:26:53.358Z] ✅ Uploaded image: 1_01_1200x_22fc22f5-fe5a-4e2f-b1af-3dcadd152fd8.jpg
[2025-04-05T09:26:56.199Z] ✅ Uploaded image: 1_08_1200x_78db7d6d-34fe-4bf4-a825-a9b79be753cf.jpg
[2025-04-05T09:26:58.231Z] ✅ Uploaded image: 1_04_1200x_91313f18-587b-4556-9c10-8c360ad0b38f.jpg
[2025-04-05T09:27:01.294Z] ✅ Uploaded image: 1_06_1200x_703ac549-90fe-46e9-bb16-aa998f2cbaf0.jpg
[2025-04-05T09:27:03.696Z] ✅ Uploaded image: b_1200x_8a633d24-b2bd-41a7-8616-5b4ac8591fee.jpg
[2025-04-05T09:27:04.816Z] ✅ Created: Nilkamal Breeze set of 2 Chairs with Coffee Table (Weather Brown) (NAyt17tvF8Uyd8nWvGT0nW)
[2025-04-05T09:27:07.318Z] 📦 Page 1 done — 6 product(s) scraped.
[2025-04-05T09:27:10.320Z] 
🔎 Scraping page 2: https://www.homegenic.in/collections/sofa-set?page=2
[2025-04-05T09:27:10.846Z] 📦 Page 2 done — 0 product(s) scraped.
[2025-04-05T09:27:10.846Z] ✅ No more products. Scraping complete.
[2025-04-05T09:27:10.847Z] 🎉 All pages scraped.
