[2025-04-05T10:02:15.028Z] 🚀 Starting full scrape...
[2025-04-05T10:02:15.028Z] 
🔎 Scraping page 1: https://www.homegenic.in/collections/sofa-chair?page=1
[2025-04-05T10:02:15.670Z] Processing ith product: 
[2025-04-05T10:02:15.671Z] 
🛒 (1/3) Processing: Nilkamal Tub Chair with Cushion- Set of 4 Chairs (national-tub-chair-with-cushion)
[2025-04-05T10:02:22.661Z] ✅ Uploaded image: Setof4_e9b0244a-4a55-459f-8faa-20369ec00ea5.jpg
[2025-04-05T10:02:26.179Z] ✅ Uploaded image: orange_setof4_01.jpg
[2025-04-05T10:02:29.657Z] ✅ Uploaded image: Green_setof4.jpg
[2025-04-05T10:02:32.612Z] ✅ Uploaded image: yellow_set_of_4.jpg
[2025-04-05T10:02:35.371Z] ✅ Uploaded image: RWD_SETOF4.jpg
[2025-04-05T10:02:38.222Z] ✅ Uploaded image: Red-YellowSetof4.jpg
[2025-04-05T10:02:40.828Z] ✅ Uploaded image: AssortedSetof4.jpg
[2025-04-05T10:02:43.159Z] ✅ Uploaded image: redsetof4_withoutname.jpg
[2025-04-05T10:02:45.835Z] ✅ Uploaded image: National_Blue_setof4.jpg
[2025-04-05T10:02:47.855Z] ✅ Uploaded image: 01_181bf454-8503-4a30-b666-0d3af85bedcc.jpg
[2025-04-05T10:02:50.213Z] ✅ Uploaded image: Cushion_2286d5c7-521f-4c09-a592-2d7f3daa80f6.jpg
[2025-04-05T10:02:53.350Z] ✅ Uploaded image: yellow01_f7bd8b02-6c00-4aab-8ce1-1d9ed29e8775.jpg
[2025-04-05T10:02:56.047Z] ✅ Uploaded image: 03_e0cad379-65d3-4de1-b727-bbb7517d62b3.jpg
[2025-04-05T10:02:58.635Z] ✅ Uploaded image: blue_01.jpg
[2025-04-05T10:03:00.782Z] ✅ Uploaded image: orange01_a6239124-7c4a-4296-9bc1-eefaba780f2f.jpg
[2025-04-05T10:03:03.367Z] ✅ Uploaded image: red_01_0134f97c-886d-442d-8732-8730bf946bf4.jpg
[2025-04-05T10:03:05.734Z] ✅ Uploaded image: RWD_01.jpg
[2025-04-05T10:03:07.780Z] ✅ Uploaded image: RWD_SIZE.jpg
[2025-04-05T10:03:10.517Z] ✅ Uploaded image: red_size.jpg
[2025-04-05T10:03:13.698Z] ✅ Uploaded image: yellow_size_95a9549e-05fa-4fe4-b5e8-c22d6f66b371.jpg
[2025-04-05T10:03:15.753Z] ✅ Uploaded image: bluesize_26e7a91a-0084-4f2a-a437-b60e36edddc1.jpg
[2025-04-05T10:03:18.763Z] ✅ Uploaded image: orangesize.jpg
[2025-04-05T10:03:20.997Z] ✅ Uploaded image: Size_bf4d6c37-2202-43e0-989f-10927c1c3e7b.jpg
[2025-04-05T10:03:24.320Z] ✅ Uploaded image: Green_01_649d0857-6ac3-4ab0-9deb-90382aa8cd4e.jpg
[2025-04-05T10:03:26.221Z] ✅ Uploaded image: Green_02_1c2607be-3d8d-403e-bf02-38aefd4634f4.jpg
[2025-04-05T10:03:27.226Z] ✅ Created: Nilkamal Tub Chair with Cushion- Set of 4 Chairs (eRwpsf0cFY10llMTdHtsYL)
[2025-04-05T10:03:29.729Z] Processing ith product: 
[2025-04-05T10:03:29.736Z] 
🛒 (2/3) Processing: Nilkamal Tub Chair with Cushions- Set of 2 Chairs (homegenic-national-tub-chair-with-complimentary-cushions-orange-set-of-02)
[2025-04-05T10:03:33.709Z] ✅ Uploaded image: yellow_01_01.jpg
[2025-04-05T10:03:35.805Z] ✅ Uploaded image: red_01_51aa73e0-b58a-43ce-b288-7114848c218c.jpg
[2025-04-05T10:03:38.793Z] ✅ Uploaded image: redsetof2_01.jpg
[2025-04-05T10:03:41.313Z] ✅ Uploaded image: Setof2.jpg
[2025-04-05T10:03:44.250Z] ✅ Uploaded image: yellow_setof2_01.jpg
[2025-04-05T10:03:46.601Z] ✅ Uploaded image: Blue_setof2.jpg
[2025-04-05T10:03:48.789Z] ✅ Uploaded image: orange_set_of_2.jpg
[2025-04-05T10:03:52.905Z] ✅ Uploaded image: RWD_SETOF2.jpg
[2025-04-05T10:03:54.538Z] ✅ Uploaded image: Red-YellowSetof2.jpg
[2025-04-05T10:03:56.558Z] ✅ Uploaded image: red_02_e278649d-a919-4404-b79a-9008292d824a.jpg
[2025-04-05T10:03:58.404Z] ✅ Uploaded image: Cushion.jpg
[2025-04-05T10:04:00.119Z] ✅ Uploaded image: blue_01_78a27870-77f4-44a1-8464-8667abe98603.jpg
[2025-04-05T10:04:02.580Z] ✅ Uploaded image: orange01.jpg
[2025-04-05T10:04:05.154Z] ✅ Uploaded image: orange02.jpg
[2025-04-05T10:04:07.659Z] ✅ Uploaded image: 01_4b55967d-f075-4ae8-806a-cc5d43a3d4e7.jpg
[2025-04-05T10:04:11.176Z] ✅ Uploaded image: 03_0ae1bce2-81a1-4b16-90be-8a4aa5c03f22.jpg
[2025-04-05T10:04:13.269Z] ✅ Uploaded image: RWD_01_1bfd0705-cae8-4cdc-9228-3d090da3e516.jpg
[2025-04-05T10:04:15.850Z] ✅ Uploaded image: RWD01_fb5ff072-34ce-4944-a297-e43e6f15ad35.jpg
[2025-04-05T10:04:19.185Z] ✅ Uploaded image: yellow_size_a92cb378-bdbf-4a7a-8497-11e84607be8b.jpg
[2025-04-05T10:04:21.735Z] ✅ Uploaded image: RWD_SIZE_eb4a5275-5ec7-423c-9788-8996d1fd68c2.jpg
[2025-04-05T10:04:24.991Z] ✅ Uploaded image: orange_size.jpg
[2025-04-05T10:04:28.049Z] ✅ Uploaded image: red_size_44782d44-d78c-4b49-9121-5efd532ae10c.jpg
[2025-04-05T10:04:30.605Z] ✅ Uploaded image: Size_3b9965a8-cbcd-4c81-8c31-1e895cf2b5b8.jpg
[2025-04-05T10:04:32.691Z] ✅ Uploaded image: bluesize.jpg
[2025-04-05T10:04:35.084Z] ✅ Uploaded image: Green_01_a569458e-f6b6-4ac8-91f8-29b892e4100f.jpg
[2025-04-05T10:04:37.586Z] ✅ Uploaded image: Green_02_e8dee12c-c8b0-4e51-8a80-37b63e9bb485.jpg
[2025-04-05T10:04:39.569Z] ✅ Uploaded image: Green_Setof02.jpg
[2025-04-05T10:04:40.265Z] ✅ Created: Nilkamal Tub Chair with Cushions- Set of 2 Chairs (RvKg2H7lodOtU53j0yEOh5)
[2025-04-05T10:04:42.768Z] Processing ith product: 
[2025-04-05T10:04:42.771Z] 
🛒 (3/3) Processing: Nilkamal Solocane Sofa Chair (Pear Wood) (nilkamal-solocane-sofa-chair-for-living-room)
[2025-04-05T10:04:45.433Z] ✅ Uploaded image: 61um6kYD-YL._SL1100.jpg
[2025-04-05T10:04:48.029Z] ✅ Uploaded image: 1_b3dab521-ed40-4aaf-b756-9414bc6ceff1.jpg
[2025-04-05T10:04:50.531Z] ✅ Uploaded image: setof4.jpg
[2025-04-05T10:04:52.780Z] ✅ Uploaded image: 71Gf2Ca_20L._SL1500.jpg
[2025-04-05T10:04:54.732Z] ✅ Uploaded image: 71PNanJs9oL._SL1500.jpg
[2025-04-05T10:04:57.383Z] ✅ Uploaded image: 71nI0kqE8mL._SL1500.jpg
[2025-04-05T10:04:59.985Z] ✅ Uploaded image: 61Hr6qDs2CL._SL1500.jpg
[2025-04-05T10:05:03.080Z] ✅ Uploaded image: 61553QfQS7L._SL1500.jpg
[2025-04-05T10:05:05.422Z] ✅ Uploaded image: 61kRrWj6lJL._SL1500.jpg
[2025-04-05T10:05:07.789Z] ✅ Uploaded image: setof6.jpg
[2025-04-05T10:05:08.386Z] ✅ Created: Nilkamal Solocane Sofa Chair (Pear Wood) (eRwpsf0cFY10llMTdHu3qk)
[2025-04-05T10:05:10.888Z] 📦 Page 1 done — 3 product(s) scraped.
[2025-04-05T10:05:13.891Z] 
🔎 Scraping page 2: https://www.homegenic.in/collections/sofa-chair?page=2
[2025-04-05T10:05:14.477Z] 📦 Page 2 done — 0 product(s) scraped.
[2025-04-05T10:05:14.477Z] ✅ No more products. Scraping complete.
[2025-04-05T10:05:14.477Z] 🎉 All pages scraped.
