[2025-04-05T10:06:11.053Z] 🚀 Starting full scrape...
[2025-04-05T10:06:11.054Z] 
🔎 Scraping page 1: https://www.homegenic.in/collections/storages?page=1
[2025-04-05T10:06:12.405Z] Processing ith product: 
[2025-04-05T10:06:12.406Z] 
🛒 (1/12) Processing: Homegenic Multipurpose Trolly Racks Big 4 shelves with Wheels (homegenic-trolly-racks-big-small-4-shelves-with-wheels)
[2025-04-05T10:06:12.666Z] ⚠️ Skipping duplicate: homegenic-trolly-racks-big-small-4-shelves-with-wheels
[2025-04-05T10:06:12.666Z] Processing ith product: 
[2025-04-05T10:06:12.668Z] 
🛒 (2/12) Processing: Nilkamal Trolley 25 (Milky White/Taupe Plaza) (nilkamal-trolley-25-milky-white-taupe)
[2025-04-05T10:06:16.390Z] ✅ Uploaded image: Trolley_25_02_LS2_800x_45d43e9d-5f47-4944-9b96-ac781fae8fc5.jpg
[2025-04-05T10:06:18.110Z] ✅ Uploaded image: Trolley_25_01_800x_fbba35be-bd40-440f-82e6-62c3cece4351.jpg
[2025-04-05T10:06:20.773Z] ✅ Uploaded image: Trolley_25_06_800x_c7fbf167-59c5-477a-b4f6-339d3385fb62.jpg
[2025-04-05T10:06:24.759Z] ✅ Uploaded image: Trolley_25_02_800x_84bbd7de-bb92-4669-86c2-4d83a04576fc.jpg
[2025-04-05T10:06:28.090Z] ✅ Uploaded image: Trolley_25_07_800x_85a183c1-3d73-40fd-bfac-05823176fe2e.jpg
[2025-04-05T10:06:29.726Z] ✅ Uploaded image: Trolley_25_03_800x_6c989194-69cd-4331-bfc0-20e3e7cf05c8.jpg
[2025-04-05T10:06:32.164Z] ✅ Uploaded image: Trolley_25_04_800x_02be65cf-0046-4ffb-ad29-494c12f4a006.jpg
[2025-04-05T10:06:34.203Z] ✅ Uploaded image: Trolley_25_05_800x_0f25df3d-9415-4ef2-a1ea-187da26b12e1.jpg
[2025-04-05T10:06:35.862Z] ✅ Uploaded image: Trolley_25_09_800x_96105ef0-bf8c-4720-9b43-6bff2b982663.jpg
[2025-04-05T10:06:37.309Z] ✅ Created: Nilkamal Trolley 25 (Milky White/Taupe Plaza) (RvKg2H7lodOtU53j0yERrx)
[2025-04-05T10:06:39.812Z] Processing ith product: 
[2025-04-05T10:06:39.816Z] 
🛒 (3/12) Processing: Nilkamal Chester 24 Plastic Free Standing Chest of Drawers (Pastel Green) (nilkamal-chester-24-green-cream)
[2025-04-05T10:06:42.976Z] ✅ Uploaded image: CHSTR24NEWTOPCREAM-PASTELGREEN-BLACK_CHST24NCRM-PGR-BL_01_2000x_c48b4a44-ddcb-4312-b234-facdf6352407.jpg
[2025-04-05T10:06:46.619Z] ✅ Uploaded image: CHSTR24NEWTOPCREAM-PASTELGREEN-BLACK_CHST24NCRM-PGR-BL_04_2000x_24a2d154-6217-43c9-b088-c7982892d8c2.jpg
[2025-04-05T10:06:50.480Z] ✅ Uploaded image: CHSTR24NEWTOPCREAM-PASTELGREEN-BLACK_CHST24NCRM-PGR-BL_02_2000x_6720d856-0616-4f2b-bbab-a5339ef151c8.jpg
[2025-04-05T10:06:53.386Z] ✅ Uploaded image: CHSTR24NEWTOPCREAM-PASTELGREEN-BLACK_CHST24NCRM-PGR-BL_03_2000x_d1f66ad7-cbbf-4387-91d9-6cd93c6f6074.jpg
[2025-04-05T10:06:55.723Z] ✅ Uploaded image: CHSTR24NEWTOPCREAM-PASTELGREEN-BLACK_CHST24NCRM-PGR-BL_05_2000x_fe64751d-d9cf-4e5e-b26f-47df067b2e2a.jpg
[2025-04-05T10:06:59.102Z] ✅ Uploaded image: CHSTR24NEWTOPCREAM-PASTELGREEN-BLACK_CHST24NCRM-PGR-BL_07_2000x_52267580-a150-4521-9a85-a8ffc315fed4.jpg
[2025-04-05T10:07:02.253Z] ✅ Uploaded image: CHSTR24NEWTOPCREAM-PASTELGREEN-BLACK_CHST24NCRM-PGR-BL_08_2000x_7489fa36-15a0-4074-9e1d-1588d5e48fd0.jpg
[2025-04-05T10:07:05.243Z] ✅ Uploaded image: CHSTR24NEWTOPCREAM-PASTELGREEN-BLACK_CHST24NCRM-PGR-BL_09_2000x_9e93c296-723a-4fb8-a923-78ff5efa1998.jpg
[2025-04-05T10:07:06.444Z] ✅ Created: Nilkamal Chester 24 Plastic Free Standing Chest of Drawers (Pastel Green) (eRwpsf0cFY10llMTdHuZW3)
[2025-04-05T10:07:08.948Z] Processing ith product: 
[2025-04-05T10:07:08.950Z] 
🛒 (4/12) Processing: Nilkamal Chester 24 Plastic Free Standing Chest of Drawers (Blue) (nilkamal-chester-24-blue-cream)
[2025-04-05T10:07:12.583Z] ✅ Uploaded image: CHSTR24-NEW-TOP-CREAM-TRNS-BLUE-BLACK_CHTR24NCRM-TBU-BL_01_2000x_a50a3f59-8ada-401b-9299-41d9dd3f916c.jpg
[2025-04-05T10:07:14.354Z] ✅ Uploaded image: CHSTR24-NEW-TOP-CREAM-TRNS-BLUE-BLACK_CHTR24NCRM-TBU-BL_02_2000x_98ab4915-7740-4a9b-9d6f-14ac9acb4244.jpg
[2025-04-05T10:07:16.549Z] ✅ Uploaded image: CHSTR24-NEW-TOP-CREAM-TRNS-BLUE-BLACK_CHTR24NCRM-TBU-BL_03_2000x_ce121283-da7d-4435-9aaf-07bdf00bb568.jpg
[2025-04-05T10:07:20.064Z] ✅ Uploaded image: CHSTR24-NEW-TOP-CREAM-TRNS-BLUE-BLACK_CHTR24NCRM-TBU-BL_04_2000x_3066c7b1-9be2-42b4-bef7-b43dbf6fb138.jpg
[2025-04-05T10:07:21.978Z] ✅ Uploaded image: CHSTR24-NEW-TOP-CREAM-TRNS-BLUE-BLACK_CHTR24NCRM-TBU-BL_05_2000x_9674f27d-dd82-4c44-b08b-454cc0ec3c3f.jpg
[2025-04-05T10:07:24.654Z] ✅ Uploaded image: CHSTR24-NEW-TOP-CREAM-TRNS-BLUE-BLACK_CHTR24NCRM-TBU-BL_07_2000x_028dded7-cd60-4c2c-8dab-33e1f8e3bb42.jpg
[2025-04-05T10:07:27.570Z] ✅ Uploaded image: CHSTR24-NEW-TOP-CREAM-TRNS-BLUE-BLACK_CHTR24NCRM-TBU-BL_08_2000x_e4cef32c-1c6c-43e8-9d0c-2e4d9ba64a06.jpg
[2025-04-05T10:07:29.336Z] ✅ Uploaded image: CHSTR24-NEW-TOP-CREAM-TRNS-BLUE-BLACK_CHTR24NCRM-TBU-BL_09_2000x_9de46802-c97e-44a7-834e-1d4122faee49.jpg
[2025-04-05T10:07:30.466Z] ✅ Created: Nilkamal Chester 24 Plastic Free Standing Chest of Drawers (Blue) (RvKg2H7lodOtU53j0yEV2H)
[2025-04-05T10:07:32.968Z] Processing ith product: 
[2025-04-05T10:07:32.972Z] 
🛒 (5/12) Processing: Nilkamal Chester 24 Plastic Free Standing Chest of Drawers (Pink) (nilkamal-chester-24-pink-cream)
[2025-04-05T10:07:35.977Z] ✅ Uploaded image: CHSTR24-NEW-TOP-CREAM-PINk-BLACK_CHTR24NCRM-PNK-BL_01_2000x_97cf699d-814d-4944-84f1-d9eedc6977b9.jpg
[2025-04-05T10:07:37.788Z] ✅ Uploaded image: CHSTR24-NEW-TOP-CREAM-PINk-BLACK_CHTR24NCRM-PNK-BL_03_2000x_1ea52257-f046-4676-aaa4-3c51051dd0bd.jpg
[2025-04-05T10:07:39.461Z] ✅ Uploaded image: CHSTR24-NEW-TOP-CREAM-PINk-BLACK_CHTR24NCRM-PNK-BL_04_2000x_01801223-b640-4c96-999a-b37967b2070f.jpg
[2025-04-05T10:07:41.373Z] ✅ Uploaded image: CHSTR24-NEW-TOP-CREAM-PINk-BLACK_CHTR24NCRM-PNK-BL_05_2000x_d347f7e9-a4ab-4395-bedb-3c40bc326da5.jpg
[2025-04-05T10:07:44.083Z] ✅ Uploaded image: CHSTR24-NEW-TOP-CREAM-PINk-BLACK_CHTR24NCRM-PNK-BL_07_2000x_c9bac0b4-0baf-4f6b-a2bb-b9aa977676f1.jpg
[2025-04-05T10:07:46.475Z] ✅ Uploaded image: CHSTR24-NEW-TOP-CREAM-PINk-BLACK_CHTR24NCRM-PNK-BL_09_2000x_23b2be2f-1966-4dd1-944d-16210b371075.jpg
[2025-04-05T10:07:47.570Z] ✅ Created: Nilkamal Chester 24 Plastic Free Standing Chest of Drawers (Pink) (NAyt17tvF8Uyd8nWvGUzh8)
[2025-04-05T10:07:50.073Z] Processing ith product: 
[2025-04-05T10:07:50.077Z] 
🛒 (6/12) Processing: Nilkamal Chester 23 Plastic Free Standing Chest of Drawers (Violet & Transparent) (copy-of-nilkamal-chest-of-drawersviolet-transparent)
[2025-04-05T10:07:53.800Z] ✅ Uploaded image: CHSTR23-NEW-TOP-VIOLET-PP-RANDOM-BLACK_CHTR23NVLT-PPR-BL_01_2000x_07736c65-3b64-4b81-8cc9-3eb2bb68ca22.jpg
[2025-04-05T10:07:55.770Z] ✅ Uploaded image: CHSTR23-NEW-TOP-VIOLET-PP-RANDOM-BLACK_CHTR23NVLT-PPR-BL_02_2000x_362bb1ec-199c-4e19-b367-2f86c068f533.jpg
[2025-04-05T10:07:57.631Z] ✅ Uploaded image: CHSTR23-NEW-TOP-VIOLET-PP-RANDOM-BLACK_CHTR23NVLT-PPR-BL_03_2000x_d00ed3c6-d2d8-4656-b536-5f57f91f65cf.jpg
[2025-04-05T10:08:00.520Z] ✅ Uploaded image: CHSTR23-NEW-TOP-VIOLET-PP-RANDOM-BLACK_CHTR23NVLT-PPR-BL_04_2000x_4336a4d6-2292-46c1-85a9-018bc384f850.jpg
[2025-04-05T10:08:02.487Z] ✅ Uploaded image: CHSTR23-NEW-TOP-VIOLET-PP-RANDOM-BLACK_CHTR23NVLT-PPR-BL_05_2000x_2ce478ce-f13d-4b5d-b6c4-7fac6578c204.jpg
[2025-04-05T10:08:05.051Z] ✅ Uploaded image: CHSTR23-NEW-TOP-VIOLET-PP-RANDOM-BLACK_CHTR23NVLT-PPR-BL_06_2000x_21dda389-9c82-4ff0-a4ce-2119806dc236.jpg
[2025-04-05T10:08:07.059Z] ✅ Uploaded image: CHSTR23-NEW-TOP-VIOLET-PP-RANDOM-BLACK_CHTR23NVLT-PPR-BL_07_2000x_9c878006-c132-4dc2-8645-6a3ad3728481.jpg
[2025-04-05T10:08:09.163Z] ✅ Uploaded image: CHSTR23-NEW-TOP-VIOLET-PP-RANDOM-BLACK_CHTR23NVLT-PPR-BL_09_2000x_a1fd8f61-78aa-47b4-b2e7-20298a98ef45.jpg
[2025-04-05T10:08:10.488Z] ✅ Created: Nilkamal Chester 23 Plastic Free Standing Chest of Drawers (Violet & Transparent) (eRwpsf0cFY10llMTdHuoGZ)
[2025-04-05T10:08:12.992Z] Processing ith product: 
[2025-04-05T10:08:12.997Z] 
🛒 (7/12) Processing: Nilkamal Chester 23 Plastic Free Standing Chest of Drawers (Pastel Green) (nilkamal-chest-of-drawers-cream-pastel-green)
[2025-04-05T10:08:15.943Z] ✅ Uploaded image: CHSTR23NEWTOPCREAM-PASTELGREEN-BLACK_CHST23NCRM-PGR-BL_01_2000x_d1764d1a-4536-4997-8e7c-e5736478616e.jpg
[2025-04-05T10:08:20.387Z] ✅ Uploaded image: CHSTR23NEWTOPCREAM-PASTELGREEN-BLACK_CHST23NCRM-PGR-BL_04_2000x_07029ad0-dd0b-4de1-bfde-b80593c70558.jpg
[2025-04-05T10:08:22.212Z] ✅ Uploaded image: CHSTR23NEWTOPCREAM-PASTELGREEN-BLACK_CHST23NCRM-PGR-BL_03_2000x_bec7da5b-f5fb-4193-91e8-2d270f7370aa.jpg
[2025-04-05T10:08:24.952Z] ✅ Uploaded image: CHSTR23NEWTOPCREAM-PASTELGREEN-BLACK_CHST23NCRM-PGR-BL_05_2000x_779150f9-058a-4e8d-9501-a0006cbd2d4e.jpg
[2025-04-05T10:08:27.101Z] ✅ Uploaded image: CHSTR23NEWTOPCREAM-PASTELGREEN-BLACK_CHST23NCRM-PGR-BL_06_2000x_87e52a00-baba-496d-813a-dac99ee3e0f1.jpg
[2025-04-05T10:08:28.885Z] ✅ Uploaded image: CHSTR23NEWTOPCREAM-PASTELGREEN-BLACK_CHST23NCRM-PGR-BL_07_2000x_5eefb549-5584-4231-9e2a-99c4b33ba91a.jpg
[2025-04-05T10:08:30.807Z] ✅ Uploaded image: CHSTR23NEWTOPCREAM-PASTELGREEN-BLACK_CHST23NCRM-PGR-BL_08_2000x_98dd3940-ce53-4b81-91d7-c547811604ca.jpg
[2025-04-05T10:08:32.605Z] ✅ Uploaded image: CHSTR23NEWTOPCREAM-PASTELGREEN-BLACK_CHST23NCRM-PGR-BL_09_2000x_716994b3-cde6-428f-b420-fab1d6823e75.jpg
[2025-04-05T10:08:33.783Z] ✅ Created: Nilkamal Chester 23 Plastic Free Standing Chest of Drawers (Pastel Green) (RvKg2H7lodOtU53j0yEXgn)
[2025-04-05T10:08:36.286Z] Processing ith product: 
[2025-04-05T10:08:36.290Z] 
🛒 (8/12) Processing: Nilkamal Chester 23 Plastic Free Standing Chest of Drawers (Pink) (nilkamal-chest-of-drawers-cream-pink)
[2025-04-05T10:08:39.864Z] ✅ Uploaded image: CHSTR23-NEW-TOP-CREAM-PINK-BLACK_CHTR23NCRM-PNK-BL_01_2000x_81d39b0d-a44a-4ad4-99a5-e6390f9e3a57.jpg
[2025-04-05T10:08:42.783Z] ✅ Uploaded image: CHSTR23-NEW-TOP-CREAM-PINK-BLACK_CHTR23NCRM-PNK-BL_02_2000x_55459edf-dc3a-4f4d-a1d9-60e3e57f6e6c.jpg
[2025-04-05T10:08:45.786Z] ✅ Uploaded image: CHSTR23-NEW-TOP-CREAM-PINK-BLACK_CHTR23NCRM-PNK-BL_04_2000x_2d290eab-4524-43de-9e54-0da04d8a8360.jpg
[2025-04-05T10:08:49.733Z] ✅ Uploaded image: CHSTR23-NEW-TOP-CREAM-PINK-BLACK_CHTR23NCRM-PNK-BL_05_2000x_e6cda9e3-e713-428f-bd99-933145ff9f5e.jpg
[2025-04-05T10:08:51.702Z] ✅ Uploaded image: CHSTR23-NEW-TOP-CREAM-PINK-BLACK_CHTR23NCRM-PNK-BL_08_2000x_04963704-e501-4302-aac4-8052da37acc1.jpg
[2025-04-05T10:08:53.551Z] ✅ Uploaded image: CHSTR23-NEW-TOP-CREAM-PINK-BLACK_CHTR23NCRM-PNK-BL_09_2000x_38d69d2a-5e6c-4bb5-98c1-47fb6723808d.jpg
[2025-04-05T10:08:54.811Z] ✅ Created: Nilkamal Chester 23 Plastic Free Standing Chest of Drawers (Pink) (NAyt17tvF8Uyd8nWvGV58U)
[2025-04-05T10:08:57.315Z] Processing ith product: 
[2025-04-05T10:08:57.318Z] 
🛒 (9/12) Processing: Nilkamal Alpine Shoe Cabinet (Walnut) (nilkamal-alpine-shoe-cabinet-walnut)
[2025-04-05T10:09:00.681Z] ✅ Uploaded image: IALPINNSHUCABWNT_01_800x_95aefc9c-cdc9-45be-b673-0ab72ae6a40c.jpg
[2025-04-05T10:09:02.713Z] ✅ Uploaded image: flsralpinnhisrwen-nilkamal-original-imaf47p37rzsgfez.jpg
[2025-04-05T10:09:04.634Z] ✅ Uploaded image: IALPINNSHUCABWNT_03_800x_a496188d-ff20-4d18-98e8-9395c61f44a8.jpg
[2025-04-05T10:09:06.456Z] ✅ Uploaded image: flsralpinnhisrwen-nilkamal-original-imaf47p3wf5hhajf.jpg
[2025-04-05T10:09:08.178Z] ✅ Uploaded image: IALPINNSHUCABWNT_04_800x_b031ac8d-05d3-4328-b506-93f5d3ac4d69.jpg
[2025-04-05T10:09:10.750Z] ✅ Uploaded image: IALPINNSHUCABWNT_02_800x_badeb01b-eea7-4a41-abc8-e2647d8290a7.jpg
[2025-04-05T10:09:12.919Z] ✅ Uploaded image: IALPINNSHUCABWNT_05_800x_a21fcc83-a93f-4415-a78e-aa9183ae40ea.jpg
[2025-04-05T10:09:14.410Z] ✅ Uploaded image: IALPINNSHUCABWNT_06_800x_fa6b3d6e-b8c8-4976-938c-5c2faa0046ee.jpg
[2025-04-05T10:09:16.725Z] ✅ Uploaded image: IALPINNSHUCABWNT_07_800x_8018428a-8484-4bc6-a25c-69b51184ed81.jpg
[2025-04-05T10:09:17.848Z] ✅ Created: Nilkamal Alpine Shoe Cabinet (Walnut) (RvKg2H7lodOtU53j0yEYcN)
[2025-04-05T10:09:20.351Z] Processing ith product: 
[2025-04-05T10:09:20.355Z] 
🛒 (10/12) Processing: Nilkamal Chester 24 (Violet) (nilkamal-chester-24-violet)
[2025-04-05T10:09:22.878Z] ✅ Uploaded image: Chester24.jpg
[2025-04-05T10:09:24.738Z] ✅ Uploaded image: CHESTER24-VIOLET-large2.jpg
[2025-04-05T10:09:26.734Z] ✅ Uploaded image: CHESTER24-VIOLET-large1.jpg
[2025-04-05T10:09:28.941Z] ✅ Uploaded image: CHESTER24-VIOLET-large5.jpg
[2025-04-05T10:09:30.875Z] ✅ Uploaded image: CHESTER24-VIOLET-large3.jpg
[2025-04-05T10:09:32.589Z] ✅ Uploaded image: CHESTER24-VIOLET-large4.jpg
[2025-04-05T10:09:35.285Z] ✅ Uploaded image: nilkamal-freedome-chester---24-with-4-drawers--translucent--nilkamal-freedome-chester---24-with-4-dr-a1otem.jpg
[2025-04-05T10:09:36.843Z] ✅ Created: Nilkamal Chester 24 (Violet) (RvKg2H7lodOtU53j0yEYpX)
[2025-04-05T10:09:39.347Z] Processing ith product: 
[2025-04-05T10:09:39.350Z] 
🛒 (11/12) Processing: Nilkamal Chester 23 Plastic Free Standing Chest of Drawers (Blue) (nilkamal-chest-of-drawers-cream-blue)
[2025-04-05T10:09:42.491Z] ✅ Uploaded image: CHSTR23-NEW-TOP-CREAM-TRNS-BLUE-BLACK_CHTR23NCRM-TBU-BL_01_2000x_98c9c209-8a74-460a-bfc3-5a2b15a60db4.jpg
[2025-04-05T10:09:44.408Z] ✅ Uploaded image: CHSTR23-NEW-TOP-CREAM-TRNS-BLUE-BLACK_CHTR23NCRM-TBU-BL_02_2000x_25f3e549-2589-4435-b9ce-56e8543fd3ab.jpg
[2025-04-05T10:09:46.441Z] ✅ Uploaded image: CHSTR23-NEW-TOP-CREAM-TRNS-BLUE-BLACK_CHTR23NCRM-TBU-BL_04_2000x_899264f4-8993-46c8-a0a5-bcf49fff6d1e.jpg
[2025-04-05T10:09:50.042Z] ✅ Uploaded image: CHSTR23-NEW-TOP-CREAM-TRNS-BLUE-BLACK_CHTR23NCRM-TBU-BL_05_2000x_26cfbbca-d747-4a84-98da-bc18a52e8129.jpg
[2025-04-05T10:09:52.121Z] ✅ Uploaded image: CHSTR23-NEW-TOP-CREAM-TRNS-BLUE-BLACK_CHTR23NCRM-TBU-BL_08_2000x_186a513e-aa11-48d7-86eb-6869cec47b7f.jpg
[2025-04-05T10:09:54.238Z] ✅ Uploaded image: CHSTR23-NEW-TOP-CREAM-TRNS-BLUE-BLACK_CHTR23NCRM-TBU-BL_09_2000x_324b4343-cc31-41de-9f3e-f87b07816c0a.jpg
[2025-04-05T10:09:55.393Z] ✅ Created: Nilkamal Chester 23 Plastic Free Standing Chest of Drawers (Blue) (RvKg2H7lodOtU53j0yEZ13)
[2025-04-05T10:09:57.897Z] Processing ith product: 
[2025-04-05T10:09:57.900Z] 
🛒 (12/12) Processing: Nilkamal Chester 23 Plastic Free Standing Chest of Drawers (Orange) (copy-of-copy-of-nilkamal-chest-of-drawers-orange-transparent)
[2025-04-05T10:10:00.997Z] ✅ Uploaded image: CHSTR23NEWTOPPORANGE-PPRANDM-BLACK_CHST23NPOR-PPR-BL_01_2000x_c5ee0180-afcf-4b47-9dae-4a9b087eb957.jpg
[2025-04-05T10:10:02.901Z] ✅ Uploaded image: CHSTR23NEWTOPPORANGE-PPRANDM-BLACK_CHST23NPOR-PPR-BL_04_2000x_6a06d20a-fe88-43f6-a329-02d509b9ead7.jpg
[2025-04-05T10:10:05.033Z] ✅ Uploaded image: CHSTR23NEWTOPPORANGE-PPRANDM-BLACK_CHST23NPOR-PPR-BL_03_2000x_102f17aa-ba89-4038-8a2f-dc19ddb0abf5.jpg
[2025-04-05T10:10:07.981Z] ✅ Uploaded image: CHSTR23NEWTOPPORANGE-PPRANDM-BLACK_CHST23NPOR-PPR-BL_05_2000x_87a862e9-190f-4133-81e1-7d8b435127b7.jpg
[2025-04-05T10:10:10.459Z] ✅ Uploaded image: CHSTR23NEWTOPPORANGE-PPRANDM-BLACK_CHST23NPOR-PPR-BL_06_2000x_8a5a530d-90e8-4576-ac8a-f8eb4c2e38d0.jpg
[2025-04-05T10:10:12.965Z] ✅ Uploaded image: CHSTR23NEWTOPPORANGE-PPRANDM-BLACK_CHST23NPOR-PPR-BL_07_2000x_a5271479-5256-481c-9b04-cf3fbe620d19.jpg
[2025-04-05T10:10:15.247Z] ✅ Uploaded image: CHSTR23NEWTOPPORANGE-PPRANDM-BLACK_CHST23NPOR-PPR-BL_09_2000x_12e86f5b-b6bc-492e-bce0-06eb9b691c8a.jpg
[2025-04-05T10:10:16.223Z] ✅ Created: Nilkamal Chester 23 Plastic Free Standing Chest of Drawers (Orange) (eRwpsf0cFY10llMTdHv6Lw)
[2025-04-05T10:10:18.725Z] 📦 Page 1 done — 11 product(s) scraped.
[2025-04-05T10:10:21.727Z] 
🔎 Scraping page 2: https://www.homegenic.in/collections/storages?page=2
[2025-04-05T10:10:22.580Z] 📦 Page 2 done — 0 product(s) scraped.
[2025-04-05T10:10:22.580Z] ✅ No more products. Scraping complete.
[2025-04-05T10:10:22.581Z] 🎉 All pages scraped.
