[2025-04-05T09:33:30.881Z] 🚀 Starting full scrape...
[2025-04-05T09:33:30.882Z] 
🔎 Scraping page 1: https://www.homegenic.in/collections/visitor-chairs?page=1
[2025-04-05T09:33:31.681Z] Processing ith product: 
[2025-04-05T09:33:31.682Z] 
🛒 (1/13) Processing: Homegenic S Type Cantilever Mesh Office Visitor Chairs (Stainless Steel) Rectangular Pipe (homegenic-s-type-cantilever-mesh-office-visitor-chairs-stainless-steel-square-pipe)
[2025-04-05T09:33:35.299Z] ✅ Uploaded image: 1390454065-1197656318-ink.jpg
[2025-04-05T09:33:37.735Z] ✅ Uploaded image: 4fac417f5a1740859377a8b510affce6.thumbnail.0000000.jpg
[2025-04-05T09:33:40.734Z] ✅ Uploaded image: 916248369108483229-ink.jpg
[2025-04-05T09:33:42.385Z] ✅ Uploaded image: 1099708618-758204231-ink.jpg
[2025-04-05T09:33:45.351Z] ✅ Uploaded image: B028_GRAY_STRIP_01-ink.jpg
[2025-04-05T09:33:47.100Z] ✅ Uploaded image: 1517037587-1924665665.jpg
[2025-04-05T09:33:49.931Z] ✅ Uploaded image: B908_02-ink_619aa46c-6cdc-4513-8b7d-bae17ce25c41.jpg
[2025-04-05T09:33:53.041Z] ✅ Uploaded image: B028_03-ink.jpg
[2025-04-05T09:33:55.631Z] ✅ Uploaded image: 1369493805-1189013071-ink.jpg
[2025-04-05T09:33:58.017Z] ✅ Uploaded image: B028_02-ink.jpg
[2025-04-05T09:34:00.150Z] ✅ Uploaded image: B028_GRAY_STRIP_SET_OF_4-ink.jpg
[2025-04-05T09:34:01.658Z] ✅ Uploaded image: B028_Orange_01-ink.jpg
[2025-04-05T09:34:03.922Z] ✅ Uploaded image: B028_GRAY_STRIP_SET_OF_2-ink.jpg
[2025-04-05T09:34:06.040Z] ✅ Uploaded image: B028_Orange_Set_of_02-ink.jpg
[2025-04-05T09:34:09.793Z] ✅ Uploaded image: B028_Orange_Set_of_04-ink.jpg
[2025-04-05T09:34:11.577Z] ✅ Uploaded image: B028_Orange_size-ink.jpg
[2025-04-05T09:34:13.835Z] ✅ Uploaded image: B028_size-ink.jpg
[2025-04-05T09:34:14.948Z] ✅ Created: Homegenic S Type Cantilever Mesh Office Visitor Chairs (Stainless Steel) Rectangular Pipe (eRwpsf0cFY10llMTdHpNzm)
[2025-04-05T09:34:17.450Z] Processing ith product: 
[2025-04-05T09:34:17.455Z] 
🛒 (2/13) Processing: Homegenic S Type Cantilever Mesh Office Visitor Chairs (Stainless Steel) (homegenic-s-type-cantilever-mesh-office-visitor-chairs-stainless-steel)
[2025-04-05T09:34:20.398Z] ✅ Uploaded image: B908.jpg
[2025-04-05T09:34:22.886Z] ✅ Uploaded image: B908-ink.jpg
[2025-04-05T09:34:26.163Z] ✅ Uploaded image: B908_01-ink.jpg
[2025-04-05T09:34:28.155Z] ✅ Uploaded image: B908_02-ink.jpg
[2025-04-05T09:34:30.321Z] ✅ Uploaded image: SmartSelect_20200106-021329_Alibabacom-ink.jpg
[2025-04-05T09:34:32.412Z] ✅ Uploaded image: B908_Green_02-ink.jpg
[2025-04-05T09:34:35.186Z] ✅ Uploaded image: 1369493805-1189013071-ink_20288c05-af29-41d5-a14c-3ab1f94275cc.jpg
[2025-04-05T09:34:36.993Z] ✅ Uploaded image: 1517037587-1924665665_3e0dc289-578e-496f-9e79-19af3588255e.jpg
[2025-04-05T09:34:38.885Z] ✅ Uploaded image: B908_03-ink.jpg
[2025-04-05T09:34:40.920Z] ✅ Uploaded image: B908_Blue_01-ink.jpg
[2025-04-05T09:34:43.888Z] ✅ Uploaded image: B908_Blue_02-ink.jpg
[2025-04-05T09:34:45.528Z] ✅ Uploaded image: B908_Blue_Set_of_2-ink.jpg
[2025-04-05T09:34:48.291Z] ✅ Uploaded image: B908_Blue_Set_of_4-ink.jpg
[2025-04-05T09:34:51.202Z] ✅ Uploaded image: B908_Black_01-ink.jpg
[2025-04-05T09:34:53.637Z] ✅ Uploaded image: B908_Black_Set_of_2-ink.jpg
[2025-04-05T09:34:55.629Z] ✅ Uploaded image: B908_Green_01-ink.jpg
[2025-04-05T09:34:57.774Z] ✅ Uploaded image: B908_Green_Set_of_2-ink.jpg
[2025-04-05T09:35:00.097Z] ✅ Uploaded image: B908_Green_Set_of_4-ink.jpg
[2025-04-05T09:35:03.079Z] ✅ Uploaded image: B908_Orange_01-ink.jpg
[2025-04-05T09:35:06.004Z] ✅ Uploaded image: B908_Orange_Set_of_2-ink.jpg
[2025-04-05T09:35:09.115Z] ✅ Uploaded image: B908_Orange_Set_of_4-ink.jpg
[2025-04-05T09:35:11.572Z] ✅ Uploaded image: B908_Green_size-ink.jpg
[2025-04-05T09:35:13.200Z] ✅ Uploaded image: HTB1.92OV4TpK1RjSZFKq6y2wXXab.jpg
[2025-04-05T09:35:14.518Z] ✅ Created: Homegenic S Type Cantilever Mesh Office Visitor Chairs (Stainless Steel) (eRwpsf0cFY10llMTdHpSg6)
[2025-04-05T09:35:17.023Z] Processing ith product: 
[2025-04-05T09:35:17.027Z] 
🛒 (3/13) Processing: Bentwood Indus Leatherette Visitor Office Chair (acme-indus-leatherette-visitor-office-chair)
[2025-04-05T09:35:21.808Z] ✅ Uploaded image: INDUS_NON_REV_CHAIR_BLACK_IINDUSCHRBLK_LS_2000x_7e9033ea-7fcd-4c43-9f0b-cb80f37e4ef0.png
[2025-04-05T09:35:23.693Z] ✅ Uploaded image: 61eDTzrnQML._SL1500.jpg
[2025-04-05T09:35:26.237Z] ✅ Uploaded image: 61lG9fk0yGL._SL1500.jpg
[2025-04-05T09:35:31.204Z] ✅ Uploaded image: INDUS_NON_REV_CHAIR_BLACK_IINDUSCHRBLK_06_2000x_54def3e0-28a9-43ff-9c1a-3e5932c77e42.png
[2025-04-05T09:35:34.606Z] ✅ Uploaded image: INDUS_NON_REV_CHAIR_BLACK_IINDUSCHRBLK_05_2000x_990943a6-5153-45a4-8db9-7ba602c7d6f7.png
[2025-04-05T09:35:37.901Z] ✅ Uploaded image: INDUS_NON_REV_CHAIR_BLACK_IINDUSCHRBLK_LS.png
[2025-04-05T09:35:40.582Z] ✅ Uploaded image: INDUS_NON_REV_CHAIR_BLACK_IINDUSCHRBLK_02_2000x_a402d3d6-e40a-4b03-98a3-f461a0b60482.png
[2025-04-05T09:35:42.437Z] ✅ Uploaded image: 615VW2o0HSL._SL1500.jpg
[2025-04-05T09:35:45.640Z] ✅ Uploaded image: setof2_0acc3a50-1c5b-4ef1-9140-de7c9eeb6844.jpg
[2025-04-05T09:35:47.664Z] ✅ Uploaded image: setof4_6fedc206-2319-4288-bee8-3d0d464ac128.jpg
[2025-04-05T09:35:48.549Z] ✅ Created: Bentwood Indus Leatherette Visitor Office Chair (eRwpsf0cFY10llMTdHpVio)
[2025-04-05T09:35:51.052Z] Processing ith product: 
[2025-04-05T09:35:51.055Z] 
🛒 (4/13) Processing: Homegenic Leatherette Office Visitor Chair (Two Plair Square) Black Color (homegenic-leatherette-office-visitor-chair-two-plair-square-black-color)
[2025-04-05T09:35:54.284Z] ✅ Uploaded image: 01-ink.jpg
[2025-04-05T09:35:56.058Z] ✅ Uploaded image: 584be0b09f7d4ca9ae773535e95bce35.thumbnail.0000000.jpg
[2025-04-05T09:35:58.730Z] ✅ Uploaded image: SmartSelect_20201001-191547_Alibabacom.jpg
[2025-04-05T09:36:01.806Z] ✅ Uploaded image: 04-ink.jpg
[2025-04-05T09:36:04.298Z] ✅ Uploaded image: 03-ink.jpg
[2025-04-05T09:36:06.718Z] ✅ Uploaded image: H12a4e32832054f2da03228a07e0e2265r-ink.jpg
[2025-04-05T09:36:10.109Z] ✅ Uploaded image: SmartSelect_20201001-191605_Alibabacom.jpg
[2025-04-05T09:36:13.389Z] ✅ Uploaded image: 02-ink.jpg
[2025-04-05T09:36:15.342Z] ✅ Uploaded image: Set_of_4-ink.jpg
[2025-04-05T09:36:18.541Z] ✅ Uploaded image: Set_of_2-ink.jpg
[2025-04-05T09:36:20.532Z] ✅ Uploaded image: Size-ink.jpg
[2025-04-05T09:36:23.033Z] ✅ Uploaded image: variety_2e2b415b-a924-4be3-8a5a-3af51e1d240d.jpg
[2025-04-05T09:36:24.233Z] ✅ Created: Homegenic Leatherette Office Visitor Chair (Two Plair Square) Black Color (eRwpsf0cFY10llMTdHpn30)
[2025-04-05T09:36:26.737Z] Processing ith product: 
[2025-04-05T09:36:26.742Z] 
🛒 (5/13) Processing: Hardy Folding Visitor Chair for Office and Student (hardy-folding-visitor-chair-for-office-and-student)
[2025-04-05T09:36:30.185Z] ✅ Uploaded image: IHARDYCHRBLK_LS_2000x_323370bd-9ba2-4c38-94e9-447b8ab002cb.jpg
[2025-04-05T09:36:32.131Z] ✅ Uploaded image: IHARDYCHRBLK_02_2000x_41feabd1-ae66-4f35-9351-6ec0ee25e7c7.jpg
[2025-04-05T09:36:33.766Z] ✅ Uploaded image: 516qS8Ss8UL._SL1000_56b1477e-9c16-42b7-be6c-da3f6e294a4e.jpg
[2025-04-05T09:36:35.509Z] ✅ Uploaded image: 51n8h0rwmfL._SL1000_29ecad5a-bb2a-4987-b301-0d9f4dfa0f34.jpg
[2025-04-05T09:36:37.250Z] ✅ Uploaded image: Nilkamal-Hardy-Folding-Chair-SDL512091081-2-d4b56_f0d2591e-e748-4f36-8379-50435b3ecabb.jpg
[2025-04-05T09:36:40.154Z] ✅ Uploaded image: set_of_4_ea001098-3d45-4283-a7ce-7f2fc23778e0.jpg
[2025-04-05T09:36:42.219Z] ✅ Uploaded image: 51BlvR-_DXL._SL1000_e39eac88-1475-4682-8c7f-fff5899611f6.jpg
[2025-04-05T09:36:45.016Z] ✅ Uploaded image: set_of_3.jpg
[2025-04-05T09:36:47.435Z] ✅ Uploaded image: set_of_2_ff444314-3675-447b-9fb7-cb289c38ce6d.jpg
[2025-04-05T09:36:48.614Z] ✅ Created: Hardy Folding Visitor Chair for Office and Student (NAyt17tvF8Uyd8nWvGTMAY)
[2025-04-05T09:36:51.118Z] Processing ith product: 
[2025-04-05T09:36:51.122Z] 
🛒 (6/13) Processing: Nilkamal Italia 3 Seater Bench Reception Chair (Silver) (nilkamal-italia-3-seater-bench-reception-chair)
[2025-04-05T09:36:53.740Z] ✅ Uploaded image: ITALIA_NEW_3_SEATER_BENCH_SILVER_IITALIAN3SBENCHSLR_LS_800x_5c931275-10ca-4b5b-8c28-12c1fa58d0ec.jpg
[2025-04-05T09:36:55.457Z] ✅ Uploaded image: 61k4lY0NYJL._SL1080.jpg
[2025-04-05T09:36:58.114Z] ✅ Uploaded image: ITALIA_NEW_3_SEATER_BENCH_SILVER_IITALIAN3SBENCHSLR_5_800x_7f970510-851a-49fa-8218-fd4f7fb10e7d.jpg
[2025-04-05T09:37:00.294Z] ✅ Uploaded image: 51fFzW9H3dL.jpg
[2025-04-05T09:37:02.207Z] ✅ Uploaded image: ITALIA_NEW_3_SEATER_BENCH_SILVER_IITALIAN3SBENCHSLR_1_800x_23871f61-aaaf-42f2-9ac7-c06b7bc37dee.jpg
[2025-04-05T09:37:04.240Z] ✅ Uploaded image: 51eJ-da7t7L.jpg
[2025-04-05T09:37:05.804Z] ✅ Uploaded image: 41dQYB5CKmL.jpg
[2025-04-05T09:37:07.414Z] ✅ Uploaded image: ITALIA_NEW_3_SEATER_BENCH_SILVER_IITALIAN3SBENCHSLR_6_800x_ed4e8405-31de-47f7-9bbb-bcba20a094d3.jpg
[2025-04-05T09:37:08.631Z] ✅ Created: Nilkamal Italia 3 Seater Bench Reception Chair (Silver) (eRwpsf0cFY10llMTdHq0kC)
[2025-04-05T09:37:11.136Z] Processing ith product: 
[2025-04-05T09:37:11.141Z] 
🛒 (7/13) Processing: Supreme Amity Folding Chair (supreme-amity-folding-chair)
[2025-04-05T09:37:11.335Z] ⚠️ Skipping duplicate: supreme-amity-folding-chair
[2025-04-05T09:37:11.336Z] Processing ith product: 
[2025-04-05T09:37:11.339Z] 
🛒 (8/13) Processing: Clark Metal Folding Chair (Black) (clark-metal-folding-chair-black)
[2025-04-05T09:37:14.634Z] ✅ Uploaded image: 25room_1_500x_1d655993-ad9c-4f4f-9ea0-4e7ac47f0dcc.jpg
[2025-04-05T09:37:16.829Z] ✅ Uploaded image: 25room_2_500x_0d07aecd-6cb3-48a6-98d3-5ce35bf76e8e.jpg
[2025-04-05T09:37:18.610Z] ✅ Uploaded image: 25_2_500x_ec40040c-b004-4a50-bdec-f90f88df8b87.jpg
[2025-04-05T09:37:20.261Z] ✅ Uploaded image: 25_3_500x_f668a486-fb28-4e04-b805-5aea9dd8d326.jpg
[2025-04-05T09:37:22.618Z] ✅ Uploaded image: 25_4_500x_d188a3a6-fa2c-4eb1-8dc4-659d86ceb9fe.jpg
[2025-04-05T09:37:24.359Z] ✅ Uploaded image: 25_5_500x_0f8681a3-b3f6-490f-8b06-dc4e5c871a19.jpg
[2025-04-05T09:37:25.665Z] ✅ Created: Clark Metal Folding Chair (Black) (eRwpsf0cFY10llMTdHq6ej)
[2025-04-05T09:37:28.168Z] Processing ith product: 
[2025-04-05T09:37:28.174Z] 
🛒 (9/13) Processing: Nilkamal Contract 01 Without Arm Visitor Chair (office-leatherette-chairs-ss-black)
[2025-04-05T09:37:31.517Z] ✅ Uploaded image: contract-01.jpg
[2025-04-05T09:37:34.083Z] ✅ Uploaded image: contract-02_71deff90-8f6b-4219-8eef-2c46eaf65f06.jpg
[2025-04-05T09:37:35.723Z] ✅ Uploaded image: contract-01-fabric-chair-in-black-by-nilkamal-contract-01-fabric-chair-in-black-by-nilkamal-b0m5q1.jpg
[2025-04-05T09:37:37.938Z] ✅ Uploaded image: contract-01-fabric-chair-in-black-by-nilkamal-contract-01-fabric-chair-in-black-by-nilkamal-kxernj.jpg
[2025-04-05T09:37:40.422Z] ✅ Uploaded image: CONTRACT01PVSBLK_08_800x_29bc2c44-2457-448d-a662-d47fa3ae40f4.jpg
[2025-04-05T09:37:43.237Z] ✅ Uploaded image: contract04_01.jpg
[2025-04-05T09:37:46.031Z] ✅ Uploaded image: contract02.jpg
[2025-04-05T09:37:48.936Z] ✅ Uploaded image: contract03_262b1eac-16d7-4b94-86f9-9e0468118293.jpg
[2025-04-05T09:37:49.769Z] ✅ Created: Nilkamal Contract 01 Without Arm Visitor Chair (NAyt17tvF8Uyd8nWvGTP4k)
[2025-04-05T09:37:52.271Z] Processing ith product: 
[2025-04-05T09:37:52.275Z] 
🛒 (10/13) Processing: Essilor PU 360° Height Adjustable Cafeteria/Kitchen/Office/Bar Stool Chair (essilor-bar-stool-for-kitchen-office-bar)
[2025-04-05T09:37:55.286Z] ✅ Uploaded image: 51aT4FpX0qL._SL1200_500x_9c7bcc97-8dd1-4914-bd5f-542a35fb3589.jpg
[2025-04-05T09:37:56.822Z] ✅ Uploaded image: 71ZsrEJhsbL._SL1200_500x_7729734b-7c77-480a-83b2-030ce7465410.jpg
[2025-04-05T09:37:59.194Z] ✅ Uploaded image: 6ab9d0e4-33af-49bb-8dbc-b206c5131340.__CR0_0_970_600_PT0_SX970_V1.jpg
[2025-04-05T09:38:00.736Z] ✅ Uploaded image: 51UW14CfJ3L._SL1200_500x_7a01d895-6614-4195-97f7-587616fe380a.jpg
[2025-04-05T09:38:03.251Z] ✅ Uploaded image: 61lNrUixt3L._SL1200_500x_9b7aeb77-1ce1-452c-9b19-7953af33e228.jpg
[2025-04-05T09:38:04.960Z] ✅ Uploaded image: 41sWcp9kXKL_375x_2200467e-e3a4-4eac-9870-2554142fea53.jpg
[2025-04-05T09:38:05.836Z] ✅ Created: Essilor PU 360° Height Adjustable Cafeteria/Kitchen/Office/Bar Stool Chair (NAyt17tvF8Uyd8nWvGTPze)
[2025-04-05T09:38:08.341Z] Processing ith product: 
[2025-04-05T09:38:08.344Z] 
🛒 (11/13) Processing: Rapid Bar Stool for Kitchen/Office/Bar (rapid-bar-stool-for-kitchen-office-bar)
[2025-04-05T09:38:11.644Z] ✅ Uploaded image: SmartSelect_20211031-193653_Alibabacom.jpg
[2025-04-05T09:38:15.051Z] ✅ Uploaded image: SmartSelect_20211031-193705_Alibabacom.jpg
[2025-04-05T09:38:16.916Z] ✅ Uploaded image: SmartSelect_20211031-193554_Alibabacom.jpg
[2025-04-05T09:38:19.758Z] ✅ Uploaded image: 71nGzNA0SjL._SL1500.jpg
[2025-04-05T09:38:22.930Z] ✅ Uploaded image: 71K6Sb-EbPL._SL1500.jpg
[2025-04-05T09:38:24.907Z] ✅ Uploaded image: 510mCMBudQL._SL1500.jpg
[2025-04-05T09:38:27.435Z] ✅ Uploaded image: SmartSelect_20211031-200609_Alibabacom.jpg
[2025-04-05T09:38:29.477Z] ✅ Uploaded image: a1a04305-255c-4e9e-b248-6a3c14ee6182.__CR0_0_970_600_PT0_SX970_V1.jpg
[2025-04-05T09:38:31.737Z] ✅ Uploaded image: SmartSelect_20211031-200756_Alibabacom.jpg
[2025-04-05T09:38:33.888Z] ✅ Uploaded image: SmartSelect_20211031-200923_Alibabacom.jpg
[2025-04-05T09:38:35.766Z] ✅ Uploaded image: 51-NwrTs-RL._SL1500.jpg
[2025-04-05T09:38:37.686Z] ✅ Uploaded image: 51tGZXFNRML._SL1500.jpg
[2025-04-05T09:38:39.931Z] ✅ Uploaded image: barstoolblack_5_500x_078b7393-1886-4981-94f8-dc32fd7e7dab.jpg
[2025-04-05T09:38:43.208Z] ✅ Uploaded image: 01_3c983174-e018-48bb-8c31-858595d6d94e.jpg
[2025-04-05T09:38:43.890Z] ✅ Created: Rapid Bar Stool for Kitchen/Office/Bar (eRwpsf0cFY10llMTdHqRYI)
[2025-04-05T09:38:46.395Z] Processing ith product: 
[2025-04-05T09:38:46.399Z] 
🛒 (12/13) Processing: Magnum Bar Stool for Kitchen/Office/Bar (Black) (magnum-bar-stool-for-kitchen-office-bar)
[2025-04-05T09:38:49.768Z] ✅ Uploaded image: 31ZGZclVXPL.jpg
[2025-04-05T09:38:52.209Z] ✅ Uploaded image: 1_1_500x_8cde50f0-82a1-4e48-9490-22e53f049db2.jpg
[2025-04-05T09:38:55.230Z] ✅ Uploaded image: 81QM0NEeyQL._SL1500.jpg
[2025-04-05T09:38:57.784Z] ✅ Uploaded image: 81ZUpvQJmrL._SL1500.jpg
[2025-04-05T09:39:00.471Z] ✅ Uploaded image: 4c80f6dc-3e1e-4536-81c4-98c50c8ac6fb.__CR0_0_970_600_PT0_SX970_V1.jpg
[2025-04-05T09:39:01.893Z] ✅ Uploaded image: B01FW26BBW_1_500x_3b17f52c-cae9-45c1-8727-867ebdcc63c7.jpg
[2025-04-05T09:39:04.626Z] ✅ Uploaded image: 71Vk5EonNjL._SL1500.jpg
[2025-04-05T09:39:05.939Z] ✅ Created: Magnum Bar Stool for Kitchen/Office/Bar (Black) (NAyt17tvF8Uyd8nWvGTR42)
[2025-04-05T09:39:08.444Z] Processing ith product: 
[2025-04-05T09:39:08.448Z] 
🛒 (13/13) Processing: Nilkamal Indus Visitor Office Chair (nilkamal-acme-indus-leatherette-visitor-office-chair)
[2025-04-05T09:39:14.850Z] ✅ Uploaded image: INDUS_NON_REV_CHAIR_BLACK_IINDUSCHRBLK_LS_2000x_8700f72f-ba49-44a3-aead-6bca9eebbed7.png
[2025-04-05T09:39:16.850Z] ✅ Uploaded image: 61eDTzrnQML._SL1500_c9fe9371-88af-4fef-af89-f85d00c2e966.jpg
[2025-04-05T09:39:18.724Z] ✅ Uploaded image: 61lG9fk0yGL._SL1500_ca5fb8b0-42ee-4399-a25c-9572768f45f6.jpg
[2025-04-05T09:39:23.554Z] ✅ Uploaded image: INDUS_NON_REV_CHAIR_BLACK_IINDUSCHRBLK_06_2000x_48495657-d86d-45d6-bb9e-8e42ababff9c.png
[2025-04-05T09:39:27.659Z] ✅ Uploaded image: INDUS_NON_REV_CHAIR_BLACK_IINDUSCHRBLK_05_2000x_2c341048-a686-4470-910d-f52da0fd4d28.png
[2025-04-05T09:39:30.867Z] ✅ Uploaded image: INDUS_NON_REV_CHAIR_BLACK_IINDUSCHRBLK_LS_4354904f-98d6-4c99-80a8-378c5313dba8.png
[2025-04-05T09:39:33.564Z] ✅ Uploaded image: INDUS_NON_REV_CHAIR_BLACK_IINDUSCHRBLK_02_2000x_c2dfc3a3-edb0-45a6-8f96-6ff878c21a9b.png
[2025-04-05T09:39:36.131Z] ✅ Uploaded image: 615VW2o0HSL._SL1500_6d5ee502-74b6-4c62-aa52-65dac693b765.jpg
[2025-04-05T09:39:39.034Z] ✅ Uploaded image: setof2_c71f81bd-ad50-44f4-b380-4459c5a17028.jpg
[2025-04-05T09:39:42.504Z] ✅ Uploaded image: setof4_3dfb68ec-337a-4330-9be9-7973f3b3604f.jpg
[2025-04-05T09:39:43.858Z] ✅ Created: Nilkamal Indus Visitor Office Chair (eRwpsf0cFY10llMTdHqVla)
[2025-04-05T09:39:46.361Z] 📦 Page 1 done — 12 product(s) scraped.
[2025-04-05T09:39:49.364Z] 
🔎 Scraping page 2: https://www.homegenic.in/collections/visitor-chairs?page=2
[2025-04-05T09:39:50.015Z] 📦 Page 2 done — 0 product(s) scraped.
[2025-04-05T09:39:50.015Z] ✅ No more products. Scraping complete.
[2025-04-05T09:39:50.015Z] 🎉 All pages scraped.
